<?xml version="1.0" encoding="utf-8"?>
<outputLog>
  <ApplicationId>c3d27923-657b-4d5d-b6d5-35db26dc0122</ApplicationId>
  <FileLogs>
    <FileLog>
      <ProjectId>3bda8563-0dee-4462-8e3d-01f7913d12a2</ProjectId>
      <CorrelationId>Intent.VisualStudio.Projects.CoreWeb.AppSettings-Default#3bda8563-0dee-4462-8e3d-01f7913d12a2</CorrelationId>
      <OverwriteBehaviour>always</OverwriteBehaviour>
      <ApplicationRelativeFilePath>../../Webinar.Demo.Basket/Webinar.Demo.Basket.Api/appsettings.json</ApplicationRelativeFilePath>
      <ProjectRelativeFilePath>appsettings.json</ProjectRelativeFilePath>
      <IsIgnored>false</IsIgnored>
    </FileLog>
    <FileLog>
      <ProjectId>cc842f85-04eb-47f2-b5ac-5570254a5299</ProjectId>
      <CorrelationId>Intent.AspNetCore.Versioning.ApiVersioningConfiguration</CorrelationId>
      <OverwriteBehaviour>always</OverwriteBehaviour>
      <ApplicationRelativeFilePath>../../Webinar.Demo.Basket/Webinar.Demo.Basket.Api/Configuration/ApiVersioningConfiguration.cs</ApplicationRelativeFilePath>
      <ProjectRelativeFilePath>ApiVersioningConfiguration.cs</ProjectRelativeFilePath>
      <IsIgnored>false</IsIgnored>
    </FileLog>
    <FileLog>
      <ProjectId>cc842f85-04eb-47f2-b5ac-5570254a5299</ProjectId>
      <CorrelationId>Intent.AspNetCore.Versioning.ApiVersionSwaggerGenOptions</CorrelationId>
      <OverwriteBehaviour>always</OverwriteBehaviour>
      <ApplicationRelativeFilePath>../../Webinar.Demo.Basket/Webinar.Demo.Basket.Api/Configuration/ApiVersionSwaggerGenOptions.cs</ApplicationRelativeFilePath>
      <ProjectRelativeFilePath>ApiVersionSwaggerGenOptions.cs</ProjectRelativeFilePath>
      <IsIgnored>false</IsIgnored>
    </FileLog>
    <FileLog>
      <ProjectId>cc842f85-04eb-47f2-b5ac-5570254a5299</ProjectId>
      <CorrelationId>Intent.Application.Identity.ApplicationSecurityConfiguration</CorrelationId>
      <OverwriteBehaviour>always</OverwriteBehaviour>
      <ApplicationRelativeFilePath>../../Webinar.Demo.Basket/Webinar.Demo.Basket.Api/Configuration/ApplicationSecurityConfiguration.cs</ApplicationRelativeFilePath>
      <ProjectRelativeFilePath>ApplicationSecurityConfiguration.cs</ProjectRelativeFilePath>
      <IsIgnored>false</IsIgnored>
    </FileLog>
    <FileLog>
      <ProjectId>cc842f85-04eb-47f2-b5ac-5570254a5299</ProjectId>
      <CorrelationId>Intent.AspNetCore.HealthChecks.HealthChecksConfiguration</CorrelationId>
      <OverwriteBehaviour>always</OverwriteBehaviour>
      <ApplicationRelativeFilePath>../../Webinar.Demo.Basket/Webinar.Demo.Basket.Api/Configuration/HealthChecksConfiguration.cs</ApplicationRelativeFilePath>
      <ProjectRelativeFilePath>HealthChecksConfiguration.cs</ProjectRelativeFilePath>
      <IsIgnored>false</IsIgnored>
    </FileLog>
    <FileLog>
      <ProjectId>cc842f85-04eb-47f2-b5ac-5570254a5299</ProjectId>
      <CorrelationId>Intent.AspNetCore.ProblemDetailsConfiguration</CorrelationId>
      <OverwriteBehaviour>always</OverwriteBehaviour>
      <ApplicationRelativeFilePath>../../Webinar.Demo.Basket/Webinar.Demo.Basket.Api/Configuration/ProblemDetailsConfiguration.cs</ApplicationRelativeFilePath>
      <ProjectRelativeFilePath>ProblemDetailsConfiguration.cs</ProjectRelativeFilePath>
      <IsIgnored>false</IsIgnored>
    </FileLog>
    <FileLog>
      <ProjectId>cc842f85-04eb-47f2-b5ac-5570254a5299</ProjectId>
      <CorrelationId>Intent.AspNetCore.Swashbuckle.SwashbuckleConfiguration</CorrelationId>
      <OverwriteBehaviour>always</OverwriteBehaviour>
      <ApplicationRelativeFilePath>../../Webinar.Demo.Basket/Webinar.Demo.Basket.Api/Configuration/SwashbuckleConfiguration.cs</ApplicationRelativeFilePath>
      <ProjectRelativeFilePath>SwashbuckleConfiguration.cs</ProjectRelativeFilePath>
      <IsIgnored>false</IsIgnored>
    </FileLog>
    <FileLog>
      <ProjectId>ac0b3c7d-a33a-4070-84f0-92c95b5f68e1</ProjectId>
      <CorrelationId>Intent.AspNetCore.Controllers.Controller#d19eecee-ab96-4c72-8e6b-1ebbd76851a5</CorrelationId>
      <OverwriteBehaviour>always</OverwriteBehaviour>
      <ApplicationRelativeFilePath>../../Webinar.Demo.Basket/Webinar.Demo.Basket.Api/Controllers/BasketsController.cs</ApplicationRelativeFilePath>
      <ProjectRelativeFilePath>BasketsController.cs</ProjectRelativeFilePath>
      <IsIgnored>false</IsIgnored>
    </FileLog>
    <FileLog>
      <ProjectId>5124f4ff-10f9-41a6-bbaf-3fcda77b166e</ProjectId>
      <CorrelationId>Intent.AspNetCore.Controllers.JsonResponse</CorrelationId>
      <OverwriteBehaviour>always</OverwriteBehaviour>
      <ApplicationRelativeFilePath>../../Webinar.Demo.Basket/Webinar.Demo.Basket.Api/Controllers/ResponseTypes/JsonResponse.cs</ApplicationRelativeFilePath>
      <ProjectRelativeFilePath>JsonResponse.cs</ProjectRelativeFilePath>
      <IsIgnored>false</IsIgnored>
    </FileLog>
    <FileLog>
      <ProjectId>0641f01b-3e62-4e50-a570-62a54d3c9bf9</ProjectId>
      <CorrelationId>Intent.AspNetCore.Swashbuckle.Security.AuthorizeCheckOperationFilter</CorrelationId>
      <OverwriteBehaviour>always</OverwriteBehaviour>
      <ApplicationRelativeFilePath>../../Webinar.Demo.Basket/Webinar.Demo.Basket.Api/Filters/AuthorizeCheckOperationFilter.cs</ApplicationRelativeFilePath>
      <ProjectRelativeFilePath>AuthorizeCheckOperationFilter.cs</ProjectRelativeFilePath>
      <IsIgnored>false</IsIgnored>
    </FileLog>
    <FileLog>
      <ProjectId>0641f01b-3e62-4e50-a570-62a54d3c9bf9</ProjectId>
      <CorrelationId>Intent.AspNetCore.Controllers.ExceptionFilter</CorrelationId>
      <OverwriteBehaviour>always</OverwriteBehaviour>
      <ApplicationRelativeFilePath>../../Webinar.Demo.Basket/Webinar.Demo.Basket.Api/Filters/ExceptionFilter.cs</ApplicationRelativeFilePath>
      <ProjectRelativeFilePath>ExceptionFilter.cs</ProjectRelativeFilePath>
      <IsIgnored>false</IsIgnored>
    </FileLog>
    <FileLog>
      <ProjectId>3bda8563-0dee-4462-8e3d-01f7913d12a2</ProjectId>
      <CorrelationId>Intent.AspNetCore.Program</CorrelationId>
      <OverwriteBehaviour>always</OverwriteBehaviour>
      <ApplicationRelativeFilePath>../../Webinar.Demo.Basket/Webinar.Demo.Basket.Api/Program.cs</ApplicationRelativeFilePath>
      <ProjectRelativeFilePath>Program.cs</ProjectRelativeFilePath>
      <IsIgnored>false</IsIgnored>
    </FileLog>
    <FileLog>
      <ProjectId>3bda8563-0dee-4462-8e3d-01f7913d12a2</ProjectId>
      <CorrelationId>Intent.VisualStudio.Projects.CoreWeb.LaunchSettings#3bda8563-0dee-4462-8e3d-01f7913d12a2</CorrelationId>
      <OverwriteBehaviour>always</OverwriteBehaviour>
      <ApplicationRelativeFilePath>../../Webinar.Demo.Basket/Webinar.Demo.Basket.Api/Properties/launchsettings.json</ApplicationRelativeFilePath>
      <ProjectRelativeFilePath>Properties/launchsettings.json</ProjectRelativeFilePath>
      <IsIgnored>false</IsIgnored>
    </FileLog>
    <FileLog>
      <ProjectId>ad976e05-56ad-4bb1-b2a7-58b928493e51</ProjectId>
      <CorrelationId>Intent.Application.Identity.CurrentUserService</CorrelationId>
      <OverwriteBehaviour>always</OverwriteBehaviour>
      <ApplicationRelativeFilePath>../../Webinar.Demo.Basket/Webinar.Demo.Basket.Api/Services/CurrentUserService.cs</ApplicationRelativeFilePath>
      <ProjectRelativeFilePath>CurrentUserService.cs</ProjectRelativeFilePath>
      <IsIgnored>false</IsIgnored>
    </FileLog>
    <FileLog>
      <ProjectId>3bda8563-0dee-4462-8e3d-01f7913d12a2</ProjectId>
      <CorrelationId>Intent.AspNetCore.Startup</CorrelationId>
      <OverwriteBehaviour>always</OverwriteBehaviour>
      <ApplicationRelativeFilePath>../../Webinar.Demo.Basket/Webinar.Demo.Basket.Api/Startup.cs</ApplicationRelativeFilePath>
      <ProjectRelativeFilePath>Startup.cs</ProjectRelativeFilePath>
      <IsIgnored>false</IsIgnored>
    </FileLog>
    <FileLog>
      <ProjectId>3bda8563-0dee-4462-8e3d-01f7913d12a2</ProjectId>
      <CorrelationId>Intent.VisualStudio.Projects.CSharpProject#3bda8563-0dee-4462-8e3d-01f7913d12a2</CorrelationId>
      <OverwriteBehaviour>always</OverwriteBehaviour>
      <ApplicationRelativeFilePath>../../Webinar.Demo.Basket/Webinar.Demo.Basket.Api/Webinar.Demo.Basket.Api.csproj</ApplicationRelativeFilePath>
      <ProjectRelativeFilePath>Webinar.Demo.Basket.Api.csproj</ProjectRelativeFilePath>
      <IsIgnored>false</IsIgnored>
    </FileLog>
    <FileLog>
      <ProjectId>0b547593-4c84-4690-bbdc-dc0275c19172</ProjectId>
      <CorrelationId>Intent.Application.Dtos.DtoModel#cf4d5bb9-be5a-4d4a-b734-56ae39e558e6</CorrelationId>
      <OverwriteBehaviour>always</OverwriteBehaviour>
      <ApplicationRelativeFilePath>../../Webinar.Demo.Basket/Webinar.Demo.Basket.Application/Baskets/BasketBasketLineDto.cs</ApplicationRelativeFilePath>
      <ProjectRelativeFilePath>Baskets/BasketBasketLineDto.cs</ProjectRelativeFilePath>
      <IsIgnored>false</IsIgnored>
    </FileLog>
    <FileLog>
      <ProjectId>0b547593-4c84-4690-bbdc-dc0275c19172</ProjectId>
      <CorrelationId>Intent.Application.Dtos.AutoMapper.MappingExtensions#cf4d5bb9-be5a-4d4a-b734-56ae39e558e6</CorrelationId>
      <OverwriteBehaviour>always</OverwriteBehaviour>
      <ApplicationRelativeFilePath>../../Webinar.Demo.Basket/Webinar.Demo.Basket.Application/Baskets/BasketBasketLineDtoMappingExtensions.cs</ApplicationRelativeFilePath>
      <ProjectRelativeFilePath>Baskets/BasketBasketLineDtoMappingExtensions.cs</ProjectRelativeFilePath>
      <IsIgnored>false</IsIgnored>
    </FileLog>
    <FileLog>
      <ProjectId>0b547593-4c84-4690-bbdc-dc0275c19172</ProjectId>
      <CorrelationId>Intent.Application.Dtos.DtoModel#36fe6071-c8b8-47dd-8202-b5220b9f216d</CorrelationId>
      <OverwriteBehaviour>always</OverwriteBehaviour>
      <ApplicationRelativeFilePath>../../Webinar.Demo.Basket/Webinar.Demo.Basket.Application/Baskets/BasketDto.cs</ApplicationRelativeFilePath>
      <ProjectRelativeFilePath>Baskets/BasketDto.cs</ProjectRelativeFilePath>
      <IsIgnored>false</IsIgnored>
    </FileLog>
    <FileLog>
      <ProjectId>0b547593-4c84-4690-bbdc-dc0275c19172</ProjectId>
      <CorrelationId>Intent.Application.Dtos.AutoMapper.MappingExtensions#36fe6071-c8b8-47dd-8202-b5220b9f216d</CorrelationId>
      <OverwriteBehaviour>always</OverwriteBehaviour>
      <ApplicationRelativeFilePath>../../Webinar.Demo.Basket/Webinar.Demo.Basket.Application/Baskets/BasketDtoMappingExtensions.cs</ApplicationRelativeFilePath>
      <ProjectRelativeFilePath>Baskets/BasketDtoMappingExtensions.cs</ProjectRelativeFilePath>
      <IsIgnored>false</IsIgnored>
    </FileLog>
    <FileLog>
      <ProjectId>0b547593-4c84-4690-bbdc-dc0275c19172</ProjectId>
      <CorrelationId>Intent.Application.MediatR.CommandModels#ca645ad7-2bc4-4b4d-9b66-fb28188debba</CorrelationId>
      <OverwriteBehaviour>always</OverwriteBehaviour>
      <ApplicationRelativeFilePath>../../Webinar.Demo.Basket/Webinar.Demo.Basket.Application/Baskets/CreateBasket/CreateBasketCommand.cs</ApplicationRelativeFilePath>
      <ProjectRelativeFilePath>Baskets/CreateBasket/CreateBasketCommand.cs</ProjectRelativeFilePath>
      <IsIgnored>false</IsIgnored>
    </FileLog>
    <FileLog>
      <ProjectId>0b547593-4c84-4690-bbdc-dc0275c19172</ProjectId>
      <CorrelationId>Intent.Application.MediatR.CommandHandler#ca645ad7-2bc4-4b4d-9b66-fb28188debba</CorrelationId>
      <OverwriteBehaviour>always</OverwriteBehaviour>
      <ApplicationRelativeFilePath>../../Webinar.Demo.Basket/Webinar.Demo.Basket.Application/Baskets/CreateBasket/CreateBasketCommandHandler.cs</ApplicationRelativeFilePath>
      <ProjectRelativeFilePath>Baskets/CreateBasket/CreateBasketCommandHandler.cs</ProjectRelativeFilePath>
      <IsIgnored>false</IsIgnored>
    </FileLog>
    <FileLog>
      <ProjectId>0b547593-4c84-4690-bbdc-dc0275c19172</ProjectId>
      <CorrelationId>Intent.Application.MediatR.FluentValidation.CommandValidator#ca645ad7-2bc4-4b4d-9b66-fb28188debba</CorrelationId>
      <OverwriteBehaviour>always</OverwriteBehaviour>
      <ApplicationRelativeFilePath>../../Webinar.Demo.Basket/Webinar.Demo.Basket.Application/Baskets/CreateBasket/CreateBasketCommandValidator.cs</ApplicationRelativeFilePath>
      <ProjectRelativeFilePath>Baskets/CreateBasket/CreateBasketCommandValidator.cs</ProjectRelativeFilePath>
      <IsIgnored>false</IsIgnored>
    </FileLog>
    <FileLog>
      <ProjectId>0b547593-4c84-4690-bbdc-dc0275c19172</ProjectId>
      <CorrelationId>Intent.Application.Dtos.DtoModel#2e430cda-bd06-41dd-b2cc-630074c05b1e</CorrelationId>
      <OverwriteBehaviour>always</OverwriteBehaviour>
      <ApplicationRelativeFilePath>../../Webinar.Demo.Basket/Webinar.Demo.Basket.Application/Baskets/CreateBasketBasketLineDto.cs</ApplicationRelativeFilePath>
      <ProjectRelativeFilePath>Baskets/CreateBasketBasketLineDto.cs</ProjectRelativeFilePath>
      <IsIgnored>false</IsIgnored>
    </FileLog>
    <FileLog>
      <ProjectId>0b547593-4c84-4690-bbdc-dc0275c19172</ProjectId>
      <CorrelationId>Intent.Application.MediatR.CommandModels#a09de576-1a45-4f4e-a88c-b5521db69a6e</CorrelationId>
      <OverwriteBehaviour>always</OverwriteBehaviour>
      <ApplicationRelativeFilePath>../../Webinar.Demo.Basket/Webinar.Demo.Basket.Application/Baskets/DeleteBasket/DeleteBasketCommand.cs</ApplicationRelativeFilePath>
      <ProjectRelativeFilePath>Baskets/DeleteBasket/DeleteBasketCommand.cs</ProjectRelativeFilePath>
      <IsIgnored>false</IsIgnored>
    </FileLog>
    <FileLog>
      <ProjectId>0b547593-4c84-4690-bbdc-dc0275c19172</ProjectId>
      <CorrelationId>Intent.Application.MediatR.CommandHandler#a09de576-1a45-4f4e-a88c-b5521db69a6e</CorrelationId>
      <OverwriteBehaviour>always</OverwriteBehaviour>
      <ApplicationRelativeFilePath>../../Webinar.Demo.Basket/Webinar.Demo.Basket.Application/Baskets/DeleteBasket/DeleteBasketCommandHandler.cs</ApplicationRelativeFilePath>
      <ProjectRelativeFilePath>Baskets/DeleteBasket/DeleteBasketCommandHandler.cs</ProjectRelativeFilePath>
      <IsIgnored>false</IsIgnored>
    </FileLog>
    <FileLog>
      <ProjectId>0b547593-4c84-4690-bbdc-dc0275c19172</ProjectId>
      <CorrelationId>Intent.Application.MediatR.FluentValidation.CommandValidator#a09de576-1a45-4f4e-a88c-b5521db69a6e</CorrelationId>
      <OverwriteBehaviour>always</OverwriteBehaviour>
      <ApplicationRelativeFilePath>../../Webinar.Demo.Basket/Webinar.Demo.Basket.Application/Baskets/DeleteBasket/DeleteBasketCommandValidator.cs</ApplicationRelativeFilePath>
      <ProjectRelativeFilePath>Baskets/DeleteBasket/DeleteBasketCommandValidator.cs</ProjectRelativeFilePath>
      <IsIgnored>false</IsIgnored>
    </FileLog>
    <FileLog>
      <ProjectId>0b547593-4c84-4690-bbdc-dc0275c19172</ProjectId>
      <CorrelationId>Intent.Application.MediatR.QueryModels#da07d76d-6a41-4425-a483-343eef011549</CorrelationId>
      <OverwriteBehaviour>always</OverwriteBehaviour>
      <ApplicationRelativeFilePath>../../Webinar.Demo.Basket/Webinar.Demo.Basket.Application/Baskets/GetBasketById/GetBasketByIdQuery.cs</ApplicationRelativeFilePath>
      <ProjectRelativeFilePath>Baskets/GetBasketById/GetBasketByIdQuery.cs</ProjectRelativeFilePath>
      <IsIgnored>false</IsIgnored>
    </FileLog>
    <FileLog>
      <ProjectId>0b547593-4c84-4690-bbdc-dc0275c19172</ProjectId>
      <CorrelationId>Intent.Application.MediatR.QueryHandler#da07d76d-6a41-4425-a483-343eef011549</CorrelationId>
      <OverwriteBehaviour>always</OverwriteBehaviour>
      <ApplicationRelativeFilePath>../../Webinar.Demo.Basket/Webinar.Demo.Basket.Application/Baskets/GetBasketById/GetBasketByIdQueryHandler.cs</ApplicationRelativeFilePath>
      <ProjectRelativeFilePath>Baskets/GetBasketById/GetBasketByIdQueryHandler.cs</ProjectRelativeFilePath>
      <IsIgnored>false</IsIgnored>
    </FileLog>
    <FileLog>
      <ProjectId>0b547593-4c84-4690-bbdc-dc0275c19172</ProjectId>
      <CorrelationId>Intent.Application.MediatR.FluentValidation.QueryValidator#da07d76d-6a41-4425-a483-343eef011549</CorrelationId>
      <OverwriteBehaviour>always</OverwriteBehaviour>
      <ApplicationRelativeFilePath>../../Webinar.Demo.Basket/Webinar.Demo.Basket.Application/Baskets/GetBasketById/GetBasketByIdQueryValidator.cs</ApplicationRelativeFilePath>
      <ProjectRelativeFilePath>Baskets/GetBasketById/GetBasketByIdQueryValidator.cs</ProjectRelativeFilePath>
      <IsIgnored>false</IsIgnored>
    </FileLog>
    <FileLog>
      <ProjectId>0b547593-4c84-4690-bbdc-dc0275c19172</ProjectId>
      <CorrelationId>Intent.Application.MediatR.QueryModels#43b76878-c659-454c-8728-dfb0488cd4d4</CorrelationId>
      <OverwriteBehaviour>always</OverwriteBehaviour>
      <ApplicationRelativeFilePath>../../Webinar.Demo.Basket/Webinar.Demo.Basket.Application/Baskets/GetBaskets/GetBasketsQuery.cs</ApplicationRelativeFilePath>
      <ProjectRelativeFilePath>Baskets/GetBaskets/GetBasketsQuery.cs</ProjectRelativeFilePath>
      <IsIgnored>false</IsIgnored>
    </FileLog>
    <FileLog>
      <ProjectId>0b547593-4c84-4690-bbdc-dc0275c19172</ProjectId>
      <CorrelationId>Intent.Application.MediatR.QueryHandler#43b76878-c659-454c-8728-dfb0488cd4d4</CorrelationId>
      <OverwriteBehaviour>always</OverwriteBehaviour>
      <ApplicationRelativeFilePath>../../Webinar.Demo.Basket/Webinar.Demo.Basket.Application/Baskets/GetBaskets/GetBasketsQueryHandler.cs</ApplicationRelativeFilePath>
      <ProjectRelativeFilePath>Baskets/GetBaskets/GetBasketsQueryHandler.cs</ProjectRelativeFilePath>
      <IsIgnored>false</IsIgnored>
    </FileLog>
    <FileLog>
      <ProjectId>0b547593-4c84-4690-bbdc-dc0275c19172</ProjectId>
      <CorrelationId>Intent.Application.MediatR.FluentValidation.QueryValidator#43b76878-c659-454c-8728-dfb0488cd4d4</CorrelationId>
      <OverwriteBehaviour>always</OverwriteBehaviour>
      <ApplicationRelativeFilePath>../../Webinar.Demo.Basket/Webinar.Demo.Basket.Application/Baskets/GetBaskets/GetBasketsQueryValidator.cs</ApplicationRelativeFilePath>
      <ProjectRelativeFilePath>Baskets/GetBaskets/GetBasketsQueryValidator.cs</ProjectRelativeFilePath>
      <IsIgnored>false</IsIgnored>
    </FileLog>
    <FileLog>
      <ProjectId>0b547593-4c84-4690-bbdc-dc0275c19172</ProjectId>
      <CorrelationId>Intent.Application.MediatR.CommandModels#da8a8122-b1e8-4f82-8fc6-e5986bf3833e</CorrelationId>
      <OverwriteBehaviour>always</OverwriteBehaviour>
      <ApplicationRelativeFilePath>../../Webinar.Demo.Basket/Webinar.Demo.Basket.Application/Baskets/UpdateBasket/UpdateBasketCommand.cs</ApplicationRelativeFilePath>
      <ProjectRelativeFilePath>Baskets/UpdateBasket/UpdateBasketCommand.cs</ProjectRelativeFilePath>
      <IsIgnored>false</IsIgnored>
    </FileLog>
    <FileLog>
      <ProjectId>0b547593-4c84-4690-bbdc-dc0275c19172</ProjectId>
      <CorrelationId>Intent.Application.MediatR.CommandHandler#da8a8122-b1e8-4f82-8fc6-e5986bf3833e</CorrelationId>
      <OverwriteBehaviour>always</OverwriteBehaviour>
      <ApplicationRelativeFilePath>../../Webinar.Demo.Basket/Webinar.Demo.Basket.Application/Baskets/UpdateBasket/UpdateBasketCommandHandler.cs</ApplicationRelativeFilePath>
      <ProjectRelativeFilePath>Baskets/UpdateBasket/UpdateBasketCommandHandler.cs</ProjectRelativeFilePath>
      <IsIgnored>false</IsIgnored>
    </FileLog>
    <FileLog>
      <ProjectId>0b547593-4c84-4690-bbdc-dc0275c19172</ProjectId>
      <CorrelationId>Intent.Application.MediatR.FluentValidation.CommandValidator#da8a8122-b1e8-4f82-8fc6-e5986bf3833e</CorrelationId>
      <OverwriteBehaviour>always</OverwriteBehaviour>
      <ApplicationRelativeFilePath>../../Webinar.Demo.Basket/Webinar.Demo.Basket.Application/Baskets/UpdateBasket/UpdateBasketCommandValidator.cs</ApplicationRelativeFilePath>
      <ProjectRelativeFilePath>Baskets/UpdateBasket/UpdateBasketCommandValidator.cs</ProjectRelativeFilePath>
      <IsIgnored>false</IsIgnored>
    </FileLog>
    <FileLog>
      <ProjectId>0b547593-4c84-4690-bbdc-dc0275c19172</ProjectId>
      <CorrelationId>Intent.Application.Dtos.DtoModel#e63945da-6038-446a-bd0c-34df8d6384c7</CorrelationId>
      <OverwriteBehaviour>always</OverwriteBehaviour>
      <ApplicationRelativeFilePath>../../Webinar.Demo.Basket/Webinar.Demo.Basket.Application/Baskets/UpdateBasketBasketLineDto.cs</ApplicationRelativeFilePath>
      <ProjectRelativeFilePath>Baskets/UpdateBasketBasketLineDto.cs</ProjectRelativeFilePath>
      <IsIgnored>false</IsIgnored>
    </FileLog>
    <FileLog>
      <ProjectId>80f05b6e-2599-473e-a874-0ff708930ed4</ProjectId>
      <CorrelationId>Intent.Application.MediatR.Behaviours.AuthorizationBehaviour</CorrelationId>
      <OverwriteBehaviour>always</OverwriteBehaviour>
      <ApplicationRelativeFilePath>../../Webinar.Demo.Basket/Webinar.Demo.Basket.Application/Common/Behaviours/AuthorizationBehaviour.cs</ApplicationRelativeFilePath>
      <ProjectRelativeFilePath>AuthorizationBehaviour.cs</ProjectRelativeFilePath>
      <IsIgnored>false</IsIgnored>
    </FileLog>
    <FileLog>
      <ProjectId>80f05b6e-2599-473e-a874-0ff708930ed4</ProjectId>
      <CorrelationId>Intent.Application.MediatR.Behaviours.EventBusPublishBehaviour</CorrelationId>
      <OverwriteBehaviour>always</OverwriteBehaviour>
      <ApplicationRelativeFilePath>../../Webinar.Demo.Basket/Webinar.Demo.Basket.Application/Common/Behaviours/EventBusPublishBehaviour.cs</ApplicationRelativeFilePath>
      <ProjectRelativeFilePath>EventBusPublishBehaviour.cs</ProjectRelativeFilePath>
      <IsIgnored>false</IsIgnored>
    </FileLog>
    <FileLog>
      <ProjectId>80f05b6e-2599-473e-a874-0ff708930ed4</ProjectId>
      <CorrelationId>Intent.Application.MediatR.Behaviours.LoggingBehaviour</CorrelationId>
      <OverwriteBehaviour>always</OverwriteBehaviour>
      <ApplicationRelativeFilePath>../../Webinar.Demo.Basket/Webinar.Demo.Basket.Application/Common/Behaviours/LoggingBehaviour.cs</ApplicationRelativeFilePath>
      <ProjectRelativeFilePath>LoggingBehaviour.cs</ProjectRelativeFilePath>
      <IsIgnored>false</IsIgnored>
    </FileLog>
    <FileLog>
      <ProjectId>80f05b6e-2599-473e-a874-0ff708930ed4</ProjectId>
      <CorrelationId>Intent.Application.MediatR.Behaviours.PerformanceBehaviour</CorrelationId>
      <OverwriteBehaviour>always</OverwriteBehaviour>
      <ApplicationRelativeFilePath>../../Webinar.Demo.Basket/Webinar.Demo.Basket.Application/Common/Behaviours/PerformanceBehaviour.cs</ApplicationRelativeFilePath>
      <ProjectRelativeFilePath>PerformanceBehaviour.cs</ProjectRelativeFilePath>
      <IsIgnored>false</IsIgnored>
    </FileLog>
    <FileLog>
      <ProjectId>80f05b6e-2599-473e-a874-0ff708930ed4</ProjectId>
      <CorrelationId>Intent.Application.MediatR.Behaviours.UnhandledExceptionBehaviour</CorrelationId>
      <OverwriteBehaviour>always</OverwriteBehaviour>
      <ApplicationRelativeFilePath>../../Webinar.Demo.Basket/Webinar.Demo.Basket.Application/Common/Behaviours/UnhandledExceptionBehaviour.cs</ApplicationRelativeFilePath>
      <ProjectRelativeFilePath>UnhandledExceptionBehaviour.cs</ProjectRelativeFilePath>
      <IsIgnored>false</IsIgnored>
    </FileLog>
    <FileLog>
      <ProjectId>80f05b6e-2599-473e-a874-0ff708930ed4</ProjectId>
      <CorrelationId>Intent.Application.MediatR.Behaviours.UnitOfWorkBehaviour</CorrelationId>
      <OverwriteBehaviour>always</OverwriteBehaviour>
      <ApplicationRelativeFilePath>../../Webinar.Demo.Basket/Webinar.Demo.Basket.Application/Common/Behaviours/UnitOfWorkBehaviour.cs</ApplicationRelativeFilePath>
      <ProjectRelativeFilePath>UnitOfWorkBehaviour.cs</ProjectRelativeFilePath>
      <IsIgnored>false</IsIgnored>
    </FileLog>
    <FileLog>
      <ProjectId>80f05b6e-2599-473e-a874-0ff708930ed4</ProjectId>
      <CorrelationId>Intent.Application.MediatR.FluentValidation.ValidationBehaviour</CorrelationId>
      <OverwriteBehaviour>always</OverwriteBehaviour>
      <ApplicationRelativeFilePath>../../Webinar.Demo.Basket/Webinar.Demo.Basket.Application/Common/Behaviours/ValidationBehaviour.cs</ApplicationRelativeFilePath>
      <ProjectRelativeFilePath>ValidationBehaviour.cs</ProjectRelativeFilePath>
      <IsIgnored>false</IsIgnored>
    </FileLog>
    <FileLog>
      <ProjectId>f2bfcfa4-08d3-4f40-ae1a-2137b4227c43</ProjectId>
      <CorrelationId>Intent.Eventing.Contracts.EventBusInterface</CorrelationId>
      <OverwriteBehaviour>always</OverwriteBehaviour>
      <ApplicationRelativeFilePath>../../Webinar.Demo.Basket/Webinar.Demo.Basket.Application/Common/Eventing/IEventBus.cs</ApplicationRelativeFilePath>
      <ProjectRelativeFilePath>IEventBus.cs</ProjectRelativeFilePath>
      <IsIgnored>false</IsIgnored>
    </FileLog>
    <FileLog>
      <ProjectId>f2bfcfa4-08d3-4f40-ae1a-2137b4227c43</ProjectId>
      <CorrelationId>Intent.Eventing.Contracts.IntegrationEventHandlerInterface</CorrelationId>
      <OverwriteBehaviour>always</OverwriteBehaviour>
      <ApplicationRelativeFilePath>../../Webinar.Demo.Basket/Webinar.Demo.Basket.Application/Common/Eventing/IIntegrationEventHandler.cs</ApplicationRelativeFilePath>
      <ProjectRelativeFilePath>IIntegrationEventHandler.cs</ProjectRelativeFilePath>
      <IsIgnored>false</IsIgnored>
    </FileLog>
    <FileLog>
      <ProjectId>921f28ed-f864-4146-a7f4-c8cf4bf60449</ProjectId>
      <CorrelationId>Intent.Application.Identity.ForbiddenAccessException</CorrelationId>
      <OverwriteBehaviour>always</OverwriteBehaviour>
      <ApplicationRelativeFilePath>../../Webinar.Demo.Basket/Webinar.Demo.Basket.Application/Common/Exceptions/ForbiddenAccessException.cs</ApplicationRelativeFilePath>
      <ProjectRelativeFilePath>ForbiddenAccessException.cs</ProjectRelativeFilePath>
      <IsIgnored>false</IsIgnored>
    </FileLog>
    <FileLog>
      <ProjectId>b53bab65-d891-4d2c-a7ef-ad532f2c5707</ProjectId>
      <CorrelationId>Intent.Application.MediatR.CommandInterface</CorrelationId>
      <OverwriteBehaviour>always</OverwriteBehaviour>
      <ApplicationRelativeFilePath>../../Webinar.Demo.Basket/Webinar.Demo.Basket.Application/Common/Interfaces/ICommand.cs</ApplicationRelativeFilePath>
      <ProjectRelativeFilePath>ICommand.cs</ProjectRelativeFilePath>
      <IsIgnored>false</IsIgnored>
    </FileLog>
    <FileLog>
      <ProjectId>b53bab65-d891-4d2c-a7ef-ad532f2c5707</ProjectId>
      <CorrelationId>Intent.Application.Identity.CurrentUserServiceInterface</CorrelationId>
      <OverwriteBehaviour>always</OverwriteBehaviour>
      <ApplicationRelativeFilePath>../../Webinar.Demo.Basket/Webinar.Demo.Basket.Application/Common/Interfaces/ICurrentUserService.cs</ApplicationRelativeFilePath>
      <ProjectRelativeFilePath>ICurrentUserService.cs</ProjectRelativeFilePath>
      <IsIgnored>false</IsIgnored>
    </FileLog>
    <FileLog>
      <ProjectId>b53bab65-d891-4d2c-a7ef-ad532f2c5707</ProjectId>
      <CorrelationId>Intent.DomainEvents.DomainEventServiceInterface</CorrelationId>
      <OverwriteBehaviour>always</OverwriteBehaviour>
      <ApplicationRelativeFilePath>../../Webinar.Demo.Basket/Webinar.Demo.Basket.Application/Common/Interfaces/IDomainEventService.cs</ApplicationRelativeFilePath>
      <ProjectRelativeFilePath>IDomainEventService.cs</ProjectRelativeFilePath>
      <IsIgnored>false</IsIgnored>
    </FileLog>
    <FileLog>
      <ProjectId>b53bab65-d891-4d2c-a7ef-ad532f2c5707</ProjectId>
      <CorrelationId>Intent.Application.MediatR.QueryInterface</CorrelationId>
      <OverwriteBehaviour>always</OverwriteBehaviour>
      <ApplicationRelativeFilePath>../../Webinar.Demo.Basket/Webinar.Demo.Basket.Application/Common/Interfaces/IQuery.cs</ApplicationRelativeFilePath>
      <ProjectRelativeFilePath>IQuery.cs</ProjectRelativeFilePath>
      <IsIgnored>false</IsIgnored>
    </FileLog>
    <FileLog>
      <ProjectId>ebcad79b-f220-42fc-b753-566c02392158</ProjectId>
      <CorrelationId>Intent.Application.AutoMapper.MapFromInterface</CorrelationId>
      <OverwriteBehaviour>always</OverwriteBehaviour>
      <ApplicationRelativeFilePath>../../Webinar.Demo.Basket/Webinar.Demo.Basket.Application/Common/Mappings/IMapFrom.cs</ApplicationRelativeFilePath>
      <ProjectRelativeFilePath>IMapFrom.cs</ProjectRelativeFilePath>
      <IsIgnored>false</IsIgnored>
    </FileLog>
    <FileLog>
      <ProjectId>ebcad79b-f220-42fc-b753-566c02392158</ProjectId>
      <CorrelationId>Intent.Application.AutoMapper.MappingProfile</CorrelationId>
      <OverwriteBehaviour>always</OverwriteBehaviour>
      <ApplicationRelativeFilePath>../../Webinar.Demo.Basket/Webinar.Demo.Basket.Application/Common/Mappings/MappingProfile.cs</ApplicationRelativeFilePath>
      <ProjectRelativeFilePath>MappingProfile.cs</ProjectRelativeFilePath>
      <IsIgnored>false</IsIgnored>
    </FileLog>
    <FileLog>
      <ProjectId>3263da96-27ed-4057-8556-3d6f9807bfa8</ProjectId>
      <CorrelationId>Intent.MediatR.DomainEvents.DomainEventNotification</CorrelationId>
      <OverwriteBehaviour>always</OverwriteBehaviour>
      <ApplicationRelativeFilePath>../../Webinar.Demo.Basket/Webinar.Demo.Basket.Application/Common/Models/DomainEventNotification.cs</ApplicationRelativeFilePath>
      <ProjectRelativeFilePath>DomainEventNotification.cs</ProjectRelativeFilePath>
      <IsIgnored>false</IsIgnored>
    </FileLog>
    <FileLog>
      <ProjectId>3263da96-27ed-4057-8556-3d6f9807bfa8</ProjectId>
      <CorrelationId>Intent.Application.Identity.ResultModel</CorrelationId>
      <OverwriteBehaviour>always</OverwriteBehaviour>
      <ApplicationRelativeFilePath>../../Webinar.Demo.Basket/Webinar.Demo.Basket.Application/Common/Models/Result.cs</ApplicationRelativeFilePath>
      <ProjectRelativeFilePath>Result.cs</ProjectRelativeFilePath>
      <IsIgnored>false</IsIgnored>
    </FileLog>
    <FileLog>
      <ProjectId>e3abc782-23cb-45ad-b226-9c95ed24f6bb</ProjectId>
      <CorrelationId>Intent.Application.Dtos.Pagination.PagedResult</CorrelationId>
      <OverwriteBehaviour>always</OverwriteBehaviour>
      <ApplicationRelativeFilePath>../../Webinar.Demo.Basket/Webinar.Demo.Basket.Application/Common/Pagination/PagedResult.cs</ApplicationRelativeFilePath>
      <ProjectRelativeFilePath>PagedResult.cs</ProjectRelativeFilePath>
      <IsIgnored>false</IsIgnored>
    </FileLog>
    <FileLog>
      <ProjectId>e3abc782-23cb-45ad-b226-9c95ed24f6bb</ProjectId>
      <CorrelationId>Intent.Application.Dtos.Pagination.PagedResultMappingExtensions</CorrelationId>
      <OverwriteBehaviour>always</OverwriteBehaviour>
      <ApplicationRelativeFilePath>../../Webinar.Demo.Basket/Webinar.Demo.Basket.Application/Common/Pagination/PagedResultMappingExtensions.cs</ApplicationRelativeFilePath>
      <ProjectRelativeFilePath>PagedResultMappingExtensions.cs</ProjectRelativeFilePath>
      <IsIgnored>false</IsIgnored>
    </FileLog>
    <FileLog>
      <ProjectId>2cc4d85b-4615-485d-b178-6edcab05263b</ProjectId>
      <CorrelationId>Intent.Application.Identity.AuthorizeAttribute</CorrelationId>
      <OverwriteBehaviour>always</OverwriteBehaviour>
      <ApplicationRelativeFilePath>../../Webinar.Demo.Basket/Webinar.Demo.Basket.Application/Common/Security/AuthorizeAttribute.cs</ApplicationRelativeFilePath>
      <ProjectRelativeFilePath>AuthorizeAttribute.cs</ProjectRelativeFilePath>
      <IsIgnored>false</IsIgnored>
    </FileLog>
    <FileLog>
      <ProjectId>57273f03-96e1-4de2-9dda-4ea40fba2c32</ProjectId>
      <CorrelationId>Intent.Application.FluentValidation.Dtos.ValidatorProviderInterface</CorrelationId>
      <OverwriteBehaviour>always</OverwriteBehaviour>
      <ApplicationRelativeFilePath>../../Webinar.Demo.Basket/Webinar.Demo.Basket.Application/Common/Validation/IValidatorProvider.cs</ApplicationRelativeFilePath>
      <ProjectRelativeFilePath>IValidatorProvider.cs</ProjectRelativeFilePath>
      <IsIgnored>false</IsIgnored>
    </FileLog>
    <FileLog>
      <ProjectId>57273f03-96e1-4de2-9dda-4ea40fba2c32</ProjectId>
      <CorrelationId>Intent.Application.FluentValidation.Dtos.ValidatorProvider</CorrelationId>
      <OverwriteBehaviour>always</OverwriteBehaviour>
      <ApplicationRelativeFilePath>../../Webinar.Demo.Basket/Webinar.Demo.Basket.Application/Common/Validation/ValidatorProvider.cs</ApplicationRelativeFilePath>
      <ProjectRelativeFilePath>ValidatorProvider.cs</ProjectRelativeFilePath>
      <IsIgnored>false</IsIgnored>
    </FileLog>
    <FileLog>
      <ProjectId>0b547593-4c84-4690-bbdc-dc0275c19172</ProjectId>
      <CorrelationId>Intent.Application.DependencyInjection.DependencyInjection</CorrelationId>
      <OverwriteBehaviour>always</OverwriteBehaviour>
      <ApplicationRelativeFilePath>../../Webinar.Demo.Basket/Webinar.Demo.Basket.Application/DependencyInjection.cs</ApplicationRelativeFilePath>
      <ProjectRelativeFilePath>DependencyInjection.cs</ProjectRelativeFilePath>
      <IsIgnored>false</IsIgnored>
    </FileLog>
    <FileLog>
      <ProjectId>5f5a15d6-cc4f-4834-b3ed-e9b0edbb792f</ProjectId>
      <CorrelationId>Intent.Eventing.Contracts.IntegrationEventDto#44176a05-c7cc-47e6-9d7f-35d69c54d6e2</CorrelationId>
      <OverwriteBehaviour>always</OverwriteBehaviour>
      <ApplicationRelativeFilePath>../../Webinar.Demo.Basket/Webinar.Demo.Basket.Application/IntegrationEvents/BasketLineDto.cs</ApplicationRelativeFilePath>
      <ProjectRelativeFilePath>BasketLineDto.cs</ProjectRelativeFilePath>
      <IsIgnored>false</IsIgnored>
    </FileLog>
    <FileLog>
      <ProjectId>5f5a15d6-cc4f-4834-b3ed-e9b0edbb792f</ProjectId>
      <CorrelationId>Intent.Eventing.Contracts.DomainMapping.DtoExtensions#44176a05-c7cc-47e6-9d7f-35d69c54d6e2</CorrelationId>
      <OverwriteBehaviour>always</OverwriteBehaviour>
      <ApplicationRelativeFilePath>../../Webinar.Demo.Basket/Webinar.Demo.Basket.Application/IntegrationEvents/BasketLineDtoExtensions.cs</ApplicationRelativeFilePath>
      <ProjectRelativeFilePath>BasketLineDtoExtensions.cs</ProjectRelativeFilePath>
      <IsIgnored>false</IsIgnored>
    </FileLog>
    <FileLog>
      <ProjectId>5f5a15d6-cc4f-4834-b3ed-e9b0edbb792f</ProjectId>
      <CorrelationId>Intent.Eventing.Contracts.IntegrationEventMessage#9b830fb3-1323-479e-897a-217458107981</CorrelationId>
      <OverwriteBehaviour>always</OverwriteBehaviour>
      <ApplicationRelativeFilePath>../../Webinar.Demo.Basket/Webinar.Demo.Basket.Application/IntegrationEvents/CheckoutCompletedEvent.cs</ApplicationRelativeFilePath>
      <ProjectRelativeFilePath>CheckoutCompletedEvent.cs</ProjectRelativeFilePath>
      <IsIgnored>false</IsIgnored>
    </FileLog>
    <FileLog>
      <ProjectId>5f5a15d6-cc4f-4834-b3ed-e9b0edbb792f</ProjectId>
      <CorrelationId>Intent.Eventing.Contracts.DomainMapping.MessageExtensions#9b830fb3-1323-479e-897a-217458107981</CorrelationId>
      <OverwriteBehaviour>always</OverwriteBehaviour>
      <ApplicationRelativeFilePath>../../Webinar.Demo.Basket/Webinar.Demo.Basket.Application/IntegrationEvents/CheckoutCompletedEventExtensions.cs</ApplicationRelativeFilePath>
      <ProjectRelativeFilePath>CheckoutCompletedEventExtensions.cs</ProjectRelativeFilePath>
      <IsIgnored>false</IsIgnored>
    </FileLog>
    <FileLog>
      <ProjectId>0b547593-4c84-4690-bbdc-dc0275c19172</ProjectId>
      <CorrelationId>Intent.VisualStudio.Projects.CSharpProject#0b547593-4c84-4690-bbdc-dc0275c19172</CorrelationId>
      <OverwriteBehaviour>always</OverwriteBehaviour>
      <ApplicationRelativeFilePath>../../Webinar.Demo.Basket/Webinar.Demo.Basket.Application/Webinar.Demo.Basket.Application.csproj</ApplicationRelativeFilePath>
      <ProjectRelativeFilePath>Webinar.Demo.Basket.Application.csproj</ProjectRelativeFilePath>
      <IsIgnored>false</IsIgnored>
    </FileLog>
    <FileLog>
      <ProjectId>5cd30752-ecfe-479a-8545-642644cc91d9</ProjectId>
      <CorrelationId>Intent.Entities.CollectionExtensions</CorrelationId>
      <OverwriteBehaviour>always</OverwriteBehaviour>
      <ApplicationRelativeFilePath>../../Webinar.Demo.Basket/Webinar.Demo.Basket.Domain/Common/CollectionExtensions.cs</ApplicationRelativeFilePath>
      <ProjectRelativeFilePath>CollectionExtensions.cs</ProjectRelativeFilePath>
      <IsIgnored>false</IsIgnored>
    </FileLog>
    <FileLog>
      <ProjectId>5cd30752-ecfe-479a-8545-642644cc91d9</ProjectId>
      <CorrelationId>Intent.DomainEvents.DomainEventBase</CorrelationId>
      <OverwriteBehaviour>always</OverwriteBehaviour>
      <ApplicationRelativeFilePath>../../Webinar.Demo.Basket/Webinar.Demo.Basket.Domain/Common/DomainEvent.cs</ApplicationRelativeFilePath>
      <ProjectRelativeFilePath>DomainEvent.cs</ProjectRelativeFilePath>
      <IsIgnored>false</IsIgnored>
    </FileLog>
    <FileLog>
      <ProjectId>a1bd8408-6072-435e-93c4-7ae7d5cbae83</ProjectId>
      <CorrelationId>Intent.Entities.Repositories.Api.NotFoundException</CorrelationId>
      <OverwriteBehaviour>always</OverwriteBehaviour>
      <ApplicationRelativeFilePath>../../Webinar.Demo.Basket/Webinar.Demo.Basket.Domain/Common/Exceptions/NotFoundException.cs</ApplicationRelativeFilePath>
      <ProjectRelativeFilePath>NotFoundException.cs</ProjectRelativeFilePath>
      <IsIgnored>false</IsIgnored>
    </FileLog>
    <FileLog>
      <ProjectId>5cd30752-ecfe-479a-8545-642644cc91d9</ProjectId>
      <CorrelationId>Intent.DomainEvents.HasDomainEventInterface</CorrelationId>
      <OverwriteBehaviour>always</OverwriteBehaviour>
      <ApplicationRelativeFilePath>../../Webinar.Demo.Basket/Webinar.Demo.Basket.Domain/Common/IHasDomainEvent.cs</ApplicationRelativeFilePath>
      <ProjectRelativeFilePath>IHasDomainEvent.cs</ProjectRelativeFilePath>
      <IsIgnored>false</IsIgnored>
    </FileLog>
    <FileLog>
      <ProjectId>f8bf82b6-eade-4cfa-b0a6-3a96cd410ba7</ProjectId>
      <CorrelationId>Intent.Entities.Repositories.Api.UnitOfWorkInterface</CorrelationId>
      <OverwriteBehaviour>always</OverwriteBehaviour>
      <ApplicationRelativeFilePath>../../Webinar.Demo.Basket/Webinar.Demo.Basket.Domain/Common/Interfaces/IUnitOfWork.cs</ApplicationRelativeFilePath>
      <ProjectRelativeFilePath>IUnitOfWork.cs</ProjectRelativeFilePath>
      <IsIgnored>false</IsIgnored>
    </FileLog>
    <FileLog>
      <ProjectId>5cd30752-ecfe-479a-8545-642644cc91d9</ProjectId>
      <CorrelationId>Intent.Entities.UpdateHelper</CorrelationId>
      <OverwriteBehaviour>always</OverwriteBehaviour>
      <ApplicationRelativeFilePath>../../Webinar.Demo.Basket/Webinar.Demo.Basket.Domain/Common/UpdateHelper.cs</ApplicationRelativeFilePath>
      <ProjectRelativeFilePath>UpdateHelper.cs</ProjectRelativeFilePath>
      <IsIgnored>false</IsIgnored>
    </FileLog>
    <FileLog>
      <ProjectId>446f4cb7-a4c3-48f2-b8af-e396341e12a0</ProjectId>
      <CorrelationId>Intent.Entities.DomainEntity#f01f9a80-5c05-46ea-bb2e-b166b7b3d5e9</CorrelationId>
      <OverwriteBehaviour>always</OverwriteBehaviour>
      <ApplicationRelativeFilePath>../../Webinar.Demo.Basket/Webinar.Demo.Basket.Domain/Entities/Basket.cs</ApplicationRelativeFilePath>
      <ProjectRelativeFilePath>Basket.cs</ProjectRelativeFilePath>
      <IsIgnored>false</IsIgnored>
    </FileLog>
    <FileLog>
      <ProjectId>446f4cb7-a4c3-48f2-b8af-e396341e12a0</ProjectId>
      <CorrelationId>Intent.Entities.DomainEntity#3c83dcb3-7e43-483a-a9bd-f65c592de26b</CorrelationId>
      <OverwriteBehaviour>always</OverwriteBehaviour>
      <ApplicationRelativeFilePath>../../Webinar.Demo.Basket/Webinar.Demo.Basket.Domain/Entities/BasketLine.cs</ApplicationRelativeFilePath>
      <ProjectRelativeFilePath>BasketLine.cs</ProjectRelativeFilePath>
      <IsIgnored>false</IsIgnored>
    </FileLog>
    <FileLog>
      <ProjectId>49f0dac8-d964-4010-a035-3e5cf1557f2a</ProjectId>
      <CorrelationId>Intent.Entities.Repositories.Api.EntityRepositoryInterface#f01f9a80-5c05-46ea-bb2e-b166b7b3d5e9</CorrelationId>
      <OverwriteBehaviour>always</OverwriteBehaviour>
      <ApplicationRelativeFilePath>../../Webinar.Demo.Basket/Webinar.Demo.Basket.Domain/Repositories/IBasketRepository.cs</ApplicationRelativeFilePath>
      <ProjectRelativeFilePath>IBasketRepository.cs</ProjectRelativeFilePath>
      <IsIgnored>false</IsIgnored>
    </FileLog>
    <FileLog>
      <ProjectId>49f0dac8-d964-4010-a035-3e5cf1557f2a</ProjectId>
      <CorrelationId>Intent.EntityFrameworkCore.Repositories.EFRepositoryInterface</CorrelationId>
      <OverwriteBehaviour>always</OverwriteBehaviour>
      <ApplicationRelativeFilePath>../../Webinar.Demo.Basket/Webinar.Demo.Basket.Domain/Repositories/IEFRepository.cs</ApplicationRelativeFilePath>
      <ProjectRelativeFilePath>IEFRepository.cs</ProjectRelativeFilePath>
      <IsIgnored>false</IsIgnored>
    </FileLog>
    <FileLog>
      <ProjectId>49f0dac8-d964-4010-a035-3e5cf1557f2a</ProjectId>
      <CorrelationId>Intent.Entities.Repositories.Api.PagedResultInterface</CorrelationId>
      <OverwriteBehaviour>always</OverwriteBehaviour>
      <ApplicationRelativeFilePath>../../Webinar.Demo.Basket/Webinar.Demo.Basket.Domain/Repositories/IPagedResult.cs</ApplicationRelativeFilePath>
      <ProjectRelativeFilePath>IPagedResult.cs</ProjectRelativeFilePath>
      <IsIgnored>false</IsIgnored>
    </FileLog>
    <FileLog>
      <ProjectId>49f0dac8-d964-4010-a035-3e5cf1557f2a</ProjectId>
      <CorrelationId>Intent.Entities.Repositories.Api.RepositoryInterface</CorrelationId>
      <OverwriteBehaviour>always</OverwriteBehaviour>
      <ApplicationRelativeFilePath>../../Webinar.Demo.Basket/Webinar.Demo.Basket.Domain/Repositories/IRepository.cs</ApplicationRelativeFilePath>
      <ProjectRelativeFilePath>IRepository.cs</ProjectRelativeFilePath>
      <IsIgnored>false</IsIgnored>
    </FileLog>
    <FileLog>
      <ProjectId>ba0018b5-0f6b-4b90-8b71-1e576628fc51</ProjectId>
      <CorrelationId>Intent.VisualStudio.Projects.CSharpProject#ba0018b5-0f6b-4b90-8b71-1e576628fc51</CorrelationId>
      <OverwriteBehaviour>always</OverwriteBehaviour>
      <ApplicationRelativeFilePath>../../Webinar.Demo.Basket/Webinar.Demo.Basket.Domain/Webinar.Demo.Basket.Domain.csproj</ApplicationRelativeFilePath>
      <ProjectRelativeFilePath>Webinar.Demo.Basket.Domain.csproj</ProjectRelativeFilePath>
      <IsIgnored>false</IsIgnored>
    </FileLog>
    <FileLog>
      <ProjectId>e6782444-cd16-47b4-877c-9de65af549cd</ProjectId>
      <CorrelationId>Intent.Eventing.MassTransit.MassTransitConfiguration</CorrelationId>
      <OverwriteBehaviour>always</OverwriteBehaviour>
      <ApplicationRelativeFilePath>../../Webinar.Demo.Basket/Webinar.Demo.Basket.Infrastructure/Configuration/MassTransitConfiguration.cs</ApplicationRelativeFilePath>
      <ProjectRelativeFilePath>MassTransitConfiguration.cs</ProjectRelativeFilePath>
      <IsIgnored>false</IsIgnored>
    </FileLog>
    <FileLog>
      <ProjectId>2cc32c49-d4dc-402a-8156-205e747b8750</ProjectId>
      <CorrelationId>Intent.Infrastructure.DependencyInjection.DependencyInjection</CorrelationId>
      <OverwriteBehaviour>always</OverwriteBehaviour>
      <ApplicationRelativeFilePath>../../Webinar.Demo.Basket/Webinar.Demo.Basket.Infrastructure/DependencyInjection.cs</ApplicationRelativeFilePath>
      <ProjectRelativeFilePath>DependencyInjection.cs</ProjectRelativeFilePath>
      <IsIgnored>false</IsIgnored>
    </FileLog>
    <FileLog>
      <ProjectId>9527e517-e1db-4393-b784-ec7d1266a958</ProjectId>
      <CorrelationId>Intent.Eventing.MassTransit.MassTransitEventBus</CorrelationId>
      <OverwriteBehaviour>always</OverwriteBehaviour>
      <ApplicationRelativeFilePath>../../Webinar.Demo.Basket/Webinar.Demo.Basket.Infrastructure/Eventing/MassTransitEventBus.cs</ApplicationRelativeFilePath>
      <ProjectRelativeFilePath>MassTransitEventBus.cs</ProjectRelativeFilePath>
      <IsIgnored>false</IsIgnored>
    </FileLog>
    <FileLog>
      <ProjectId>9527e517-e1db-4393-b784-ec7d1266a958</ProjectId>
      <CorrelationId>Intent.Eventing.MassTransit.WrapperConsumer</CorrelationId>
      <OverwriteBehaviour>always</OverwriteBehaviour>
      <ApplicationRelativeFilePath>../../Webinar.Demo.Basket/Webinar.Demo.Basket.Infrastructure/Eventing/WrapperConsumer.cs</ApplicationRelativeFilePath>
      <ProjectRelativeFilePath>WrapperConsumer.cs</ProjectRelativeFilePath>
      <IsIgnored>false</IsIgnored>
    </FileLog>
    <FileLog>
      <ProjectId>52a0a11d-15d6-4322-ae69-b04f862d72bd</ProjectId>
      <CorrelationId>Intent.EntityFrameworkCore.DbContext</CorrelationId>
      <OverwriteBehaviour>always</OverwriteBehaviour>
      <ApplicationRelativeFilePath>../../Webinar.Demo.Basket/Webinar.Demo.Basket.Infrastructure/Persistence/ApplicationDbContext.cs</ApplicationRelativeFilePath>
      <ProjectRelativeFilePath>ApplicationDbContext.cs</ProjectRelativeFilePath>
      <IsIgnored>false</IsIgnored>
    </FileLog>
    <FileLog>
      <ProjectId>0268585f-c6c2-43c0-b3e9-eaf599d09337</ProjectId>
      <CorrelationId>Intent.EntityFrameworkCore.EntityTypeConfiguration#f01f9a80-5c05-46ea-bb2e-b166b7b3d5e9</CorrelationId>
      <OverwriteBehaviour>always</OverwriteBehaviour>
      <ApplicationRelativeFilePath>../../Webinar.Demo.Basket/Webinar.Demo.Basket.Infrastructure/Persistence/Configurations/BasketConfiguration.cs</ApplicationRelativeFilePath>
      <ProjectRelativeFilePath>BasketConfiguration.cs</ProjectRelativeFilePath>
      <IsIgnored>false</IsIgnored>
    </FileLog>
    <FileLog>
      <ProjectId>52a0a11d-15d6-4322-ae69-b04f862d72bd</ProjectId>
      <CorrelationId>Intent.EntityFrameworkCore.DbMigrationsReadMe</CorrelationId>
      <OverwriteBehaviour>always</OverwriteBehaviour>
      <ApplicationRelativeFilePath>../../Webinar.Demo.Basket/Webinar.Demo.Basket.Infrastructure/Persistence/MIGRATION_README.txt</ApplicationRelativeFilePath>
      <ProjectRelativeFilePath>MIGRATION_README.txt</ProjectRelativeFilePath>
      <IsIgnored>false</IsIgnored>
    </FileLog>
    <FileLog>
      <ProjectId>9179135e-3110-462e-a867-38d1b4a9f36b</ProjectId>
      <CorrelationId>Intent.EntityFrameworkCore.Repositories.Repository#f01f9a80-5c05-46ea-bb2e-b166b7b3d5e9</CorrelationId>
      <OverwriteBehaviour>always</OverwriteBehaviour>
      <ApplicationRelativeFilePath>../../Webinar.Demo.Basket/Webinar.Demo.Basket.Infrastructure/Repositories/BasketRepository.cs</ApplicationRelativeFilePath>
      <ProjectRelativeFilePath>BasketRepository.cs</ProjectRelativeFilePath>
      <IsIgnored>false</IsIgnored>
    </FileLog>
    <FileLog>
      <ProjectId>9179135e-3110-462e-a867-38d1b4a9f36b</ProjectId>
      <CorrelationId>Intent.EntityFrameworkCore.Repositories.PagedList</CorrelationId>
      <OverwriteBehaviour>always</OverwriteBehaviour>
      <ApplicationRelativeFilePath>../../Webinar.Demo.Basket/Webinar.Demo.Basket.Infrastructure/Repositories/PagedList.cs</ApplicationRelativeFilePath>
      <ProjectRelativeFilePath>PagedList.cs</ProjectRelativeFilePath>
      <IsIgnored>false</IsIgnored>
    </FileLog>
    <FileLog>
      <ProjectId>9179135e-3110-462e-a867-38d1b4a9f36b</ProjectId>
      <CorrelationId>Intent.EntityFrameworkCore.Repositories.RepositoryBase</CorrelationId>
      <OverwriteBehaviour>always</OverwriteBehaviour>
      <ApplicationRelativeFilePath>../../Webinar.Demo.Basket/Webinar.Demo.Basket.Infrastructure/Repositories/RepositoryBase.cs</ApplicationRelativeFilePath>
      <ProjectRelativeFilePath>RepositoryBase.cs</ProjectRelativeFilePath>
      <IsIgnored>false</IsIgnored>
    </FileLog>
    <FileLog>
      <ProjectId>ea50b9b1-ce78-434a-9f8c-e8c333983723</ProjectId>
      <CorrelationId>Intent.MediatR.DomainEvents.DomainEventService</CorrelationId>
      <OverwriteBehaviour>always</OverwriteBehaviour>
      <ApplicationRelativeFilePath>../../Webinar.Demo.Basket/Webinar.Demo.Basket.Infrastructure/Services/DomainEventService.cs</ApplicationRelativeFilePath>
      <ProjectRelativeFilePath>DomainEventService.cs</ProjectRelativeFilePath>
      <IsIgnored>false</IsIgnored>
    </FileLog>
    <FileLog>
      <ProjectId>2cc32c49-d4dc-402a-8156-205e747b8750</ProjectId>
      <CorrelationId>Intent.VisualStudio.Projects.CSharpProject#2cc32c49-d4dc-402a-8156-205e747b8750</CorrelationId>
      <OverwriteBehaviour>always</OverwriteBehaviour>
      <ApplicationRelativeFilePath>../../Webinar.Demo.Basket/Webinar.Demo.Basket.Infrastructure/Webinar.Demo.Basket.Infrastructure.csproj</ApplicationRelativeFilePath>
      <ProjectRelativeFilePath>Webinar.Demo.Basket.Infrastructure.csproj</ProjectRelativeFilePath>
      <IsIgnored>false</IsIgnored>
    </FileLog>
    <FileLog>
      <CorrelationId>Intent.VisualStudio.Projects.VisualStudio2015Solution#cb7ec4b2-385b-4edf-8698-8988dc873627</CorrelationId>
      <OverwriteBehaviour>always</OverwriteBehaviour>
      <ApplicationRelativeFilePath>../../Webinar.Demo.Basket/Webinar.Demo.Basket.sln</ApplicationRelativeFilePath>
      <IsIgnored>false</IsIgnored>
    </FileLog>
  </FileLogs>
</outputLog>