<?xml version="1.0" encoding="utf-8"?>
<outputLog>
  <ApplicationId>b1e38a21-32aa-4233-bff9-9125622424ae</ApplicationId>
  <FileLogs>
    <FileLog>
      <CorrelationId>Intent.VisualStudio.Projects.VisualStudio2015Solution#43e34fe0-9540-4d98-9c1c-7188046d1144</CorrelationId>
      <OverwriteBehaviour>always</OverwriteBehaviour>
      <ApplicationRelativeFilePath>../../Webinar.Modules.BasicEntities.sln</ApplicationRelativeFilePath>
      <IsIgnored>false</IsIgnored>
    </FileLog>
    <FileLog>
      <ProjectId>2b683c87-484b-4dc0-a99e-710a64c72289</ProjectId>
      <CorrelationId>Intent.ModuleBuilder.Templates.FactoryExtension#797f0b71-42dc-48bd-bf18-992178b2df02</CorrelationId>
      <OverwriteBehaviour>always</OverwriteBehaviour>
      <ApplicationRelativeFilePath>../../Webinar.Modules.SmtpEmail/FactoryExtensions/DependencyInjectionExtension.cs</ApplicationRelativeFilePath>
      <ProjectRelativeFilePath>DependencyInjectionExtension.cs</ProjectRelativeFilePath>
      <IsIgnored>false</IsIgnored>
    </FileLog>
    <FileLog>
      <ProjectId>86906bb6-0392-494f-91f6-edaf6ab1c0c1</ProjectId>
      <CorrelationId>Intent.ModuleBuilder.ReadMe</CorrelationId>
      <OverwriteBehaviour>always</OverwriteBehaviour>
      <ApplicationRelativeFilePath>../../Webinar.Modules.SmtpEmail/README.txt</ApplicationRelativeFilePath>
      <ProjectRelativeFilePath>README.txt</ProjectRelativeFilePath>
      <IsIgnored>false</IsIgnored>
    </FileLog>
    <FileLog>
      <ProjectId>319e4c19-5802-44a0-a001-dea49538199b</ProjectId>
      <CorrelationId>Intent.ModuleBuilder.CSharp.Templates.CSharpTemplatePartial#f72e09b6-b2d0-4ca2-a47f-13d4814166a4</CorrelationId>
      <OverwriteBehaviour>always</OverwriteBehaviour>
      <ApplicationRelativeFilePath>../../Webinar.Modules.SmtpEmail/Templates/EmailService/EmailServiceTemplatePartial.cs</ApplicationRelativeFilePath>
      <ProjectRelativeFilePath>EmailService/EmailServiceTemplatePartial.cs</ProjectRelativeFilePath>
      <IsIgnored>false</IsIgnored>
    </FileLog>
    <FileLog>
      <ProjectId>319e4c19-5802-44a0-a001-dea49538199b</ProjectId>
      <CorrelationId>Intent.ModuleBuilder.TemplateRegistration.SingleFileNoModel#f72e09b6-b2d0-4ca2-a47f-13d4814166a4</CorrelationId>
      <OverwriteBehaviour>always</OverwriteBehaviour>
      <ApplicationRelativeFilePath>../../Webinar.Modules.SmtpEmail/Templates/EmailService/EmailServiceTemplateRegistration.cs</ApplicationRelativeFilePath>
      <ProjectRelativeFilePath>EmailService/EmailServiceTemplateRegistration.cs</ProjectRelativeFilePath>
      <IsIgnored>false</IsIgnored>
    </FileLog>
    <FileLog>
      <ProjectId>319e4c19-5802-44a0-a001-dea49538199b</ProjectId>
      <CorrelationId>Intent.ModuleBuilder.CSharp.Templates.CSharpTemplatePartial#42388df9-53dc-4b44-984d-c6a65feeb00f</CorrelationId>
      <OverwriteBehaviour>always</OverwriteBehaviour>
      <ApplicationRelativeFilePath>../../Webinar.Modules.SmtpEmail/Templates/EmailServiceInterface/EmailServiceInterfaceTemplatePartial.cs</ApplicationRelativeFilePath>
      <ProjectRelativeFilePath>EmailServiceInterface/EmailServiceInterfaceTemplatePartial.cs</ProjectRelativeFilePath>
      <IsIgnored>false</IsIgnored>
    </FileLog>
    <FileLog>
      <ProjectId>319e4c19-5802-44a0-a001-dea49538199b</ProjectId>
      <CorrelationId>Intent.ModuleBuilder.TemplateRegistration.SingleFileNoModel#42388df9-53dc-4b44-984d-c6a65feeb00f</CorrelationId>
      <OverwriteBehaviour>always</OverwriteBehaviour>
      <ApplicationRelativeFilePath>../../Webinar.Modules.SmtpEmail/Templates/EmailServiceInterface/EmailServiceInterfaceTemplateRegistration.cs</ApplicationRelativeFilePath>
      <ProjectRelativeFilePath>EmailServiceInterface/EmailServiceInterfaceTemplateRegistration.cs</ProjectRelativeFilePath>
      <IsIgnored>false</IsIgnored>
    </FileLog>
    <FileLog>
      <ProjectId>319e4c19-5802-44a0-a001-dea49538199b</ProjectId>
      <CorrelationId>Intent.ModuleBuilder.CSharp.Templates.CSharpTemplatePartial#a98200ea-44d2-4b3b-9b7d-17afcb9c0891</CorrelationId>
      <OverwriteBehaviour>always</OverwriteBehaviour>
      <ApplicationRelativeFilePath>../../Webinar.Modules.SmtpEmail/Templates/SmtpSettings/SmtpSettingsTemplatePartial.cs</ApplicationRelativeFilePath>
      <ProjectRelativeFilePath>SmtpSettings/SmtpSettingsTemplatePartial.cs</ProjectRelativeFilePath>
      <IsIgnored>false</IsIgnored>
    </FileLog>
    <FileLog>
      <ProjectId>319e4c19-5802-44a0-a001-dea49538199b</ProjectId>
      <CorrelationId>Intent.ModuleBuilder.TemplateRegistration.SingleFileNoModel#a98200ea-44d2-4b3b-9b7d-17afcb9c0891</CorrelationId>
      <OverwriteBehaviour>always</OverwriteBehaviour>
      <ApplicationRelativeFilePath>../../Webinar.Modules.SmtpEmail/Templates/SmtpSettings/SmtpSettingsTemplateRegistration.cs</ApplicationRelativeFilePath>
      <ProjectRelativeFilePath>SmtpSettings/SmtpSettingsTemplateRegistration.cs</ProjectRelativeFilePath>
      <IsIgnored>false</IsIgnored>
    </FileLog>
    <FileLog>
      <ProjectId>319e4c19-5802-44a0-a001-dea49538199b</ProjectId>
      <CorrelationId>Intent.ModuleBuilder.Templates.TemplateExtensions</CorrelationId>
      <OverwriteBehaviour>always</OverwriteBehaviour>
      <ApplicationRelativeFilePath>../../Webinar.Modules.SmtpEmail/Templates/TemplateExtensions.cs</ApplicationRelativeFilePath>
      <ProjectRelativeFilePath>TemplateExtensions.cs</ProjectRelativeFilePath>
      <IsIgnored>false</IsIgnored>
    </FileLog>
    <FileLog>
      <ProjectId>86906bb6-0392-494f-91f6-edaf6ab1c0c1</ProjectId>
      <CorrelationId>Intent.VisualStudio.Projects.CoreLibrary.CSProject#86906bb6-0392-494f-91f6-edaf6ab1c0c1</CorrelationId>
      <OverwriteBehaviour>always</OverwriteBehaviour>
      <ApplicationRelativeFilePath>../../Webinar.Modules.SmtpEmail/Webinar.Modules.SmtpEmail.csproj</ApplicationRelativeFilePath>
      <ProjectRelativeFilePath>Webinar.Modules.SmtpEmail.csproj</ProjectRelativeFilePath>
      <IsIgnored>false</IsIgnored>
    </FileLog>
    <FileLog>
      <ProjectId>86906bb6-0392-494f-91f6-edaf6ab1c0c1</ProjectId>
      <CorrelationId>Intent.ModuleBuilder.IModSpecFile</CorrelationId>
      <OverwriteBehaviour>always</OverwriteBehaviour>
      <ApplicationRelativeFilePath>../../Webinar.Modules.SmtpEmail/Webinar.Modules.SmtpEmail.imodspec</ApplicationRelativeFilePath>
      <ProjectRelativeFilePath>Webinar.Modules.SmtpEmail.imodspec</ProjectRelativeFilePath>
      <IsIgnored>false</IsIgnored>
    </FileLog>
  </FileLogs>
</outputLog>