<?xml version="1.0" encoding="utf-8"?>
<outputLog>
  <ApplicationId>36b4b471-cd2a-426d-bb02-30faae4a5d07</ApplicationId>
  <FileLogs>
    <FileLog>
      <CorrelationId>Intent.VisualStudio.Projects.VisualStudio2015Solution#2b70c28f-7485-4593-b7a1-91448878e33f</CorrelationId>
      <OverwriteBehaviour>always</OverwriteBehaviour>
      <ApplicationRelativeFilePath>../../Webinar.Modules.BasicEntities.sln</ApplicationRelativeFilePath>
      <IsIgnored>false</IsIgnored>
    </FileLog>
    <FileLog>
      <ProjectId>6b47f46f-1d23-4100-966b-1db6ae3f4843</ProjectId>
      <CorrelationId>Intent.ModuleBuilder.ReadMe</CorrelationId>
      <OverwriteBehaviour>always</OverwriteBehaviour>
      <ApplicationRelativeFilePath>../../Webinar.Modules.BasicEntities/README.txt</ApplicationRelativeFilePath>
      <ProjectRelativeFilePath>README.txt</ProjectRelativeFilePath>
      <IsIgnored>false</IsIgnored>
    </FileLog>
    <FileLog>
      <ProjectId>7ce7abf2-f3a7-4d35-9248-3b5bec254c03</ProjectId>
      <CorrelationId>Intent.ModuleBuilder.CSharp.Templates.CSharpTemplatePartial#e05b937a-1184-461c-bdfc-ce2a2c16d517</CorrelationId>
      <OverwriteBehaviour>always</OverwriteBehaviour>
      <ApplicationRelativeFilePath>../../Webinar.Modules.BasicEntities/Templates/Entity/EntityTemplatePartial.cs</ApplicationRelativeFilePath>
      <ProjectRelativeFilePath>Entity/EntityTemplatePartial.cs</ProjectRelativeFilePath>
      <IsIgnored>false</IsIgnored>
    </FileLog>
    <FileLog>
      <ProjectId>7ce7abf2-f3a7-4d35-9248-3b5bec254c03</ProjectId>
      <CorrelationId>Intent.ModuleBuilder.TemplateRegistration.FilePerModel#e05b937a-1184-461c-bdfc-ce2a2c16d517</CorrelationId>
      <OverwriteBehaviour>always</OverwriteBehaviour>
      <ApplicationRelativeFilePath>../../Webinar.Modules.BasicEntities/Templates/Entity/EntityTemplateRegistration.cs</ApplicationRelativeFilePath>
      <ProjectRelativeFilePath>Entity/EntityTemplateRegistration.cs</ProjectRelativeFilePath>
      <IsIgnored>false</IsIgnored>
    </FileLog>
    <FileLog>
      <ProjectId>7ce7abf2-f3a7-4d35-9248-3b5bec254c03</ProjectId>
      <CorrelationId>Intent.ModuleBuilder.CSharp.Templates.CSharpTemplatePartial#76b9dac7-6101-411a-b559-d42a004d1756</CorrelationId>
      <OverwriteBehaviour>always</OverwriteBehaviour>
      <ApplicationRelativeFilePath>../../Webinar.Modules.BasicEntities/Templates/EntityBase/EntityBaseTemplatePartial.cs</ApplicationRelativeFilePath>
      <ProjectRelativeFilePath>EntityBase/EntityBaseTemplatePartial.cs</ProjectRelativeFilePath>
      <IsIgnored>false</IsIgnored>
    </FileLog>
    <FileLog>
      <ProjectId>7ce7abf2-f3a7-4d35-9248-3b5bec254c03</ProjectId>
      <CorrelationId>Intent.ModuleBuilder.TemplateRegistration.SingleFileNoModel#76b9dac7-6101-411a-b559-d42a004d1756</CorrelationId>
      <OverwriteBehaviour>always</OverwriteBehaviour>
      <ApplicationRelativeFilePath>../../Webinar.Modules.BasicEntities/Templates/EntityBase/EntityBaseTemplateRegistration.cs</ApplicationRelativeFilePath>
      <ProjectRelativeFilePath>EntityBase/EntityBaseTemplateRegistration.cs</ProjectRelativeFilePath>
      <IsIgnored>false</IsIgnored>
    </FileLog>
    <FileLog>
      <ProjectId>7ce7abf2-f3a7-4d35-9248-3b5bec254c03</ProjectId>
      <CorrelationId>Intent.ModuleBuilder.Templates.TemplateExtensions</CorrelationId>
      <OverwriteBehaviour>always</OverwriteBehaviour>
      <ApplicationRelativeFilePath>../../Webinar.Modules.BasicEntities/Templates/TemplateExtensions.cs</ApplicationRelativeFilePath>
      <ProjectRelativeFilePath>TemplateExtensions.cs</ProjectRelativeFilePath>
      <IsIgnored>false</IsIgnored>
    </FileLog>
    <FileLog>
      <ProjectId>6b47f46f-1d23-4100-966b-1db6ae3f4843</ProjectId>
      <CorrelationId>Intent.VisualStudio.Projects.CoreLibrary.CSProject#6b47f46f-1d23-4100-966b-1db6ae3f4843</CorrelationId>
      <OverwriteBehaviour>always</OverwriteBehaviour>
      <ApplicationRelativeFilePath>../../Webinar.Modules.BasicEntities/Webinar.Modules.BasicEntities.csproj</ApplicationRelativeFilePath>
      <ProjectRelativeFilePath>Webinar.Modules.BasicEntities.csproj</ProjectRelativeFilePath>
      <IsIgnored>false</IsIgnored>
    </FileLog>
    <FileLog>
      <ProjectId>6b47f46f-1d23-4100-966b-1db6ae3f4843</ProjectId>
      <CorrelationId>Intent.ModuleBuilder.IModSpecFile</CorrelationId>
      <OverwriteBehaviour>always</OverwriteBehaviour>
      <ApplicationRelativeFilePath>../../Webinar.Modules.BasicEntities/Webinar.Modules.BasicEntities.imodspec</ApplicationRelativeFilePath>
      <ProjectRelativeFilePath>Webinar.Modules.BasicEntities.imodspec</ProjectRelativeFilePath>
      <IsIgnored>false</IsIgnored>
    </FileLog>
  </FileLogs>
</outputLog>