<?xml version="1.0" encoding="utf-8"?>
<outputLog>
  <ApplicationId>baf22102-0897-4652-8223-daa438dded47</ApplicationId>
  <FileLogs>
    <FileLog>
      <ProjectId>b972ebf5-fb18-4df3-a3f6-6f775b27a690</ProjectId>
      <CorrelationId>Intent.VisualStudio.Projects.CoreWeb.AppSettings-Default#b972ebf5-fb18-4df3-a3f6-6f775b27a690</CorrelationId>
      <OverwriteBehaviour>always</OverwriteBehaviour>
      <ApplicationRelativeFilePath>../../Webinar.Demo.Ordering/Webinar.Demo.Ordering.Api/appsettings.json</ApplicationRelativeFilePath>
      <ProjectRelativeFilePath>appsettings.json</ProjectRelativeFilePath>
      <IsIgnored>false</IsIgnored>
    </FileLog>
    <FileLog>
      <ProjectId>e82fd77e-ca51-41be-838a-15aa33801022</ProjectId>
      <CorrelationId>Intent.AspNetCore.Versioning.ApiVersioningConfiguration</CorrelationId>
      <OverwriteBehaviour>always</OverwriteBehaviour>
      <ApplicationRelativeFilePath>../../Webinar.Demo.Ordering/Webinar.Demo.Ordering.Api/Configuration/ApiVersioningConfiguration.cs</ApplicationRelativeFilePath>
      <ProjectRelativeFilePath>ApiVersioningConfiguration.cs</ProjectRelativeFilePath>
      <IsIgnored>false</IsIgnored>
    </FileLog>
    <FileLog>
      <ProjectId>e82fd77e-ca51-41be-838a-15aa33801022</ProjectId>
      <CorrelationId>Intent.AspNetCore.Versioning.ApiVersionSwaggerGenOptions</CorrelationId>
      <OverwriteBehaviour>always</OverwriteBehaviour>
      <ApplicationRelativeFilePath>../../Webinar.Demo.Ordering/Webinar.Demo.Ordering.Api/Configuration/ApiVersionSwaggerGenOptions.cs</ApplicationRelativeFilePath>
      <ProjectRelativeFilePath>ApiVersionSwaggerGenOptions.cs</ProjectRelativeFilePath>
      <IsIgnored>false</IsIgnored>
    </FileLog>
    <FileLog>
      <ProjectId>e82fd77e-ca51-41be-838a-15aa33801022</ProjectId>
      <CorrelationId>Intent.Application.Identity.ApplicationSecurityConfiguration</CorrelationId>
      <OverwriteBehaviour>always</OverwriteBehaviour>
      <ApplicationRelativeFilePath>../../Webinar.Demo.Ordering/Webinar.Demo.Ordering.Api/Configuration/ApplicationSecurityConfiguration.cs</ApplicationRelativeFilePath>
      <ProjectRelativeFilePath>ApplicationSecurityConfiguration.cs</ProjectRelativeFilePath>
      <IsIgnored>false</IsIgnored>
    </FileLog>
    <FileLog>
      <ProjectId>e82fd77e-ca51-41be-838a-15aa33801022</ProjectId>
      <CorrelationId>Intent.AspNetCore.HealthChecks.HealthChecksConfiguration</CorrelationId>
      <OverwriteBehaviour>always</OverwriteBehaviour>
      <ApplicationRelativeFilePath>../../Webinar.Demo.Ordering/Webinar.Demo.Ordering.Api/Configuration/HealthChecksConfiguration.cs</ApplicationRelativeFilePath>
      <ProjectRelativeFilePath>HealthChecksConfiguration.cs</ProjectRelativeFilePath>
      <IsIgnored>false</IsIgnored>
    </FileLog>
    <FileLog>
      <ProjectId>e82fd77e-ca51-41be-838a-15aa33801022</ProjectId>
      <CorrelationId>Intent.AspNetCore.ProblemDetailsConfiguration</CorrelationId>
      <OverwriteBehaviour>always</OverwriteBehaviour>
      <ApplicationRelativeFilePath>../../Webinar.Demo.Ordering/Webinar.Demo.Ordering.Api/Configuration/ProblemDetailsConfiguration.cs</ApplicationRelativeFilePath>
      <ProjectRelativeFilePath>ProblemDetailsConfiguration.cs</ProjectRelativeFilePath>
      <IsIgnored>false</IsIgnored>
    </FileLog>
    <FileLog>
      <ProjectId>e82fd77e-ca51-41be-838a-15aa33801022</ProjectId>
      <CorrelationId>Intent.AspNetCore.Swashbuckle.SwashbuckleConfiguration</CorrelationId>
      <OverwriteBehaviour>always</OverwriteBehaviour>
      <ApplicationRelativeFilePath>../../Webinar.Demo.Ordering/Webinar.Demo.Ordering.Api/Configuration/SwashbuckleConfiguration.cs</ApplicationRelativeFilePath>
      <ProjectRelativeFilePath>SwashbuckleConfiguration.cs</ProjectRelativeFilePath>
      <IsIgnored>false</IsIgnored>
    </FileLog>
    <FileLog>
      <ProjectId>708a1a6a-10eb-45e3-90a5-d8e6d8d0dd8c</ProjectId>
      <CorrelationId>Intent.AspNetCore.Controllers.Controller#58abd0be-cab1-4987-9f9b-63d776719539</CorrelationId>
      <OverwriteBehaviour>always</OverwriteBehaviour>
      <ApplicationRelativeFilePath>../../Webinar.Demo.Ordering/Webinar.Demo.Ordering.Api/Controllers/CustomersController.cs</ApplicationRelativeFilePath>
      <ProjectRelativeFilePath>CustomersController.cs</ProjectRelativeFilePath>
      <IsIgnored>false</IsIgnored>
    </FileLog>
    <FileLog>
      <ProjectId>708a1a6a-10eb-45e3-90a5-d8e6d8d0dd8c</ProjectId>
      <CorrelationId>Intent.AspNetCore.Controllers.Controller#12aa98f7-412e-4188-937a-e92dbd15ce71</CorrelationId>
      <OverwriteBehaviour>always</OverwriteBehaviour>
      <ApplicationRelativeFilePath>../../Webinar.Demo.Ordering/Webinar.Demo.Ordering.Api/Controllers/OrdersController.cs</ApplicationRelativeFilePath>
      <ProjectRelativeFilePath>OrdersController.cs</ProjectRelativeFilePath>
      <IsIgnored>false</IsIgnored>
    </FileLog>
    <FileLog>
      <ProjectId>708a1a6a-10eb-45e3-90a5-d8e6d8d0dd8c</ProjectId>
      <CorrelationId>Intent.AspNetCore.Controllers.Controller#58adadf1-83bc-4849-959d-db8238330d0d</CorrelationId>
      <OverwriteBehaviour>always</OverwriteBehaviour>
      <ApplicationRelativeFilePath>../../Webinar.Demo.Ordering/Webinar.Demo.Ordering.Api/Controllers/ProductsController.cs</ApplicationRelativeFilePath>
      <ProjectRelativeFilePath>ProductsController.cs</ProjectRelativeFilePath>
      <IsIgnored>false</IsIgnored>
    </FileLog>
    <FileLog>
      <ProjectId>951e8fc1-5010-4555-80c1-abda80b44c24</ProjectId>
      <CorrelationId>Intent.AspNetCore.Controllers.JsonResponse</CorrelationId>
      <OverwriteBehaviour>always</OverwriteBehaviour>
      <ApplicationRelativeFilePath>../../Webinar.Demo.Ordering/Webinar.Demo.Ordering.Api/Controllers/ResponseTypes/JsonResponse.cs</ApplicationRelativeFilePath>
      <ProjectRelativeFilePath>JsonResponse.cs</ProjectRelativeFilePath>
      <IsIgnored>false</IsIgnored>
    </FileLog>
    <FileLog>
      <ProjectId>85e2cc32-5353-4d78-86bc-2aeb8c09c3b6</ProjectId>
      <CorrelationId>Intent.AspNetCore.Swashbuckle.Security.AuthorizeCheckOperationFilter</CorrelationId>
      <OverwriteBehaviour>always</OverwriteBehaviour>
      <ApplicationRelativeFilePath>../../Webinar.Demo.Ordering/Webinar.Demo.Ordering.Api/Filters/AuthorizeCheckOperationFilter.cs</ApplicationRelativeFilePath>
      <ProjectRelativeFilePath>AuthorizeCheckOperationFilter.cs</ProjectRelativeFilePath>
      <IsIgnored>false</IsIgnored>
    </FileLog>
    <FileLog>
      <ProjectId>85e2cc32-5353-4d78-86bc-2aeb8c09c3b6</ProjectId>
      <CorrelationId>Intent.AspNetCore.Controllers.ExceptionFilter</CorrelationId>
      <OverwriteBehaviour>always</OverwriteBehaviour>
      <ApplicationRelativeFilePath>../../Webinar.Demo.Ordering/Webinar.Demo.Ordering.Api/Filters/ExceptionFilter.cs</ApplicationRelativeFilePath>
      <ProjectRelativeFilePath>ExceptionFilter.cs</ProjectRelativeFilePath>
      <IsIgnored>false</IsIgnored>
    </FileLog>
    <FileLog>
      <ProjectId>b972ebf5-fb18-4df3-a3f6-6f775b27a690</ProjectId>
      <CorrelationId>Intent.AspNetCore.Program</CorrelationId>
      <OverwriteBehaviour>always</OverwriteBehaviour>
      <ApplicationRelativeFilePath>../../Webinar.Demo.Ordering/Webinar.Demo.Ordering.Api/Program.cs</ApplicationRelativeFilePath>
      <ProjectRelativeFilePath>Program.cs</ProjectRelativeFilePath>
      <IsIgnored>false</IsIgnored>
    </FileLog>
    <FileLog>
      <ProjectId>b972ebf5-fb18-4df3-a3f6-6f775b27a690</ProjectId>
      <CorrelationId>Intent.VisualStudio.Projects.CoreWeb.LaunchSettings#b972ebf5-fb18-4df3-a3f6-6f775b27a690</CorrelationId>
      <OverwriteBehaviour>always</OverwriteBehaviour>
      <ApplicationRelativeFilePath>../../Webinar.Demo.Ordering/Webinar.Demo.Ordering.Api/Properties/launchSettings.json</ApplicationRelativeFilePath>
      <ProjectRelativeFilePath>Properties/launchSettings.json</ProjectRelativeFilePath>
      <IsIgnored>false</IsIgnored>
    </FileLog>
    <FileLog>
      <ProjectId>23a1a653-0b03-4bd0-acfc-0573f3b25036</ProjectId>
      <CorrelationId>Intent.Application.Identity.CurrentUserService</CorrelationId>
      <OverwriteBehaviour>always</OverwriteBehaviour>
      <ApplicationRelativeFilePath>../../Webinar.Demo.Ordering/Webinar.Demo.Ordering.Api/Services/CurrentUserService.cs</ApplicationRelativeFilePath>
      <ProjectRelativeFilePath>CurrentUserService.cs</ProjectRelativeFilePath>
      <IsIgnored>false</IsIgnored>
    </FileLog>
    <FileLog>
      <ProjectId>b972ebf5-fb18-4df3-a3f6-6f775b27a690</ProjectId>
      <CorrelationId>Intent.AspNetCore.Startup</CorrelationId>
      <OverwriteBehaviour>always</OverwriteBehaviour>
      <ApplicationRelativeFilePath>../../Webinar.Demo.Ordering/Webinar.Demo.Ordering.Api/Startup.cs</ApplicationRelativeFilePath>
      <ProjectRelativeFilePath>Startup.cs</ProjectRelativeFilePath>
      <IsIgnored>false</IsIgnored>
    </FileLog>
    <FileLog>
      <ProjectId>b972ebf5-fb18-4df3-a3f6-6f775b27a690</ProjectId>
      <CorrelationId>Intent.VisualStudio.Projects.CSharpProject#b972ebf5-fb18-4df3-a3f6-6f775b27a690</CorrelationId>
      <OverwriteBehaviour>always</OverwriteBehaviour>
      <ApplicationRelativeFilePath>../../Webinar.Demo.Ordering/Webinar.Demo.Ordering.Api/Webinar.Demo.Ordering.Api.csproj</ApplicationRelativeFilePath>
      <ProjectRelativeFilePath>Webinar.Demo.Ordering.Api.csproj</ProjectRelativeFilePath>
      <IsIgnored>false</IsIgnored>
    </FileLog>
    <FileLog>
      <ProjectId>5e0624cb-53d0-4f7c-910f-e24f67ba18f3</ProjectId>
      <CorrelationId>Intent.Application.MediatR.Behaviours.AuthorizationBehaviour</CorrelationId>
      <OverwriteBehaviour>always</OverwriteBehaviour>
      <ApplicationRelativeFilePath>../../Webinar.Demo.Ordering/Webinar.Demo.Ordering.Application/Common/Behaviours/AuthorizationBehaviour.cs</ApplicationRelativeFilePath>
      <ProjectRelativeFilePath>AuthorizationBehaviour.cs</ProjectRelativeFilePath>
      <IsIgnored>false</IsIgnored>
    </FileLog>
    <FileLog>
      <ProjectId>5e0624cb-53d0-4f7c-910f-e24f67ba18f3</ProjectId>
      <CorrelationId>Intent.Application.MediatR.Behaviours.EventBusPublishBehaviour</CorrelationId>
      <OverwriteBehaviour>always</OverwriteBehaviour>
      <ApplicationRelativeFilePath>../../Webinar.Demo.Ordering/Webinar.Demo.Ordering.Application/Common/Behaviours/EventBusPublishBehaviour.cs</ApplicationRelativeFilePath>
      <ProjectRelativeFilePath>EventBusPublishBehaviour.cs</ProjectRelativeFilePath>
      <IsIgnored>false</IsIgnored>
    </FileLog>
    <FileLog>
      <ProjectId>5e0624cb-53d0-4f7c-910f-e24f67ba18f3</ProjectId>
      <CorrelationId>Intent.Application.MediatR.Behaviours.LoggingBehaviour</CorrelationId>
      <OverwriteBehaviour>always</OverwriteBehaviour>
      <ApplicationRelativeFilePath>../../Webinar.Demo.Ordering/Webinar.Demo.Ordering.Application/Common/Behaviours/LoggingBehaviour.cs</ApplicationRelativeFilePath>
      <ProjectRelativeFilePath>LoggingBehaviour.cs</ProjectRelativeFilePath>
      <IsIgnored>false</IsIgnored>
    </FileLog>
    <FileLog>
      <ProjectId>5e0624cb-53d0-4f7c-910f-e24f67ba18f3</ProjectId>
      <CorrelationId>Intent.Application.MediatR.Behaviours.PerformanceBehaviour</CorrelationId>
      <OverwriteBehaviour>always</OverwriteBehaviour>
      <ApplicationRelativeFilePath>../../Webinar.Demo.Ordering/Webinar.Demo.Ordering.Application/Common/Behaviours/PerformanceBehaviour.cs</ApplicationRelativeFilePath>
      <ProjectRelativeFilePath>PerformanceBehaviour.cs</ProjectRelativeFilePath>
      <IsIgnored>false</IsIgnored>
    </FileLog>
    <FileLog>
      <ProjectId>5e0624cb-53d0-4f7c-910f-e24f67ba18f3</ProjectId>
      <CorrelationId>Intent.Application.MediatR.Behaviours.UnhandledExceptionBehaviour</CorrelationId>
      <OverwriteBehaviour>always</OverwriteBehaviour>
      <ApplicationRelativeFilePath>../../Webinar.Demo.Ordering/Webinar.Demo.Ordering.Application/Common/Behaviours/UnhandledExceptionBehaviour.cs</ApplicationRelativeFilePath>
      <ProjectRelativeFilePath>UnhandledExceptionBehaviour.cs</ProjectRelativeFilePath>
      <IsIgnored>false</IsIgnored>
    </FileLog>
    <FileLog>
      <ProjectId>5e0624cb-53d0-4f7c-910f-e24f67ba18f3</ProjectId>
      <CorrelationId>Intent.Application.MediatR.Behaviours.UnitOfWorkBehaviour</CorrelationId>
      <OverwriteBehaviour>always</OverwriteBehaviour>
      <ApplicationRelativeFilePath>../../Webinar.Demo.Ordering/Webinar.Demo.Ordering.Application/Common/Behaviours/UnitOfWorkBehaviour.cs</ApplicationRelativeFilePath>
      <ProjectRelativeFilePath>UnitOfWorkBehaviour.cs</ProjectRelativeFilePath>
      <IsIgnored>false</IsIgnored>
    </FileLog>
    <FileLog>
      <ProjectId>5e0624cb-53d0-4f7c-910f-e24f67ba18f3</ProjectId>
      <CorrelationId>Intent.Application.MediatR.FluentValidation.ValidationBehaviour</CorrelationId>
      <OverwriteBehaviour>always</OverwriteBehaviour>
      <ApplicationRelativeFilePath>../../Webinar.Demo.Ordering/Webinar.Demo.Ordering.Application/Common/Behaviours/ValidationBehaviour.cs</ApplicationRelativeFilePath>
      <ProjectRelativeFilePath>ValidationBehaviour.cs</ProjectRelativeFilePath>
      <IsIgnored>false</IsIgnored>
    </FileLog>
    <FileLog>
      <ProjectId>104160d4-4e17-40c7-b571-7a93d8aba152</ProjectId>
      <CorrelationId>Intent.Eventing.Contracts.EventBusInterface</CorrelationId>
      <OverwriteBehaviour>always</OverwriteBehaviour>
      <ApplicationRelativeFilePath>../../Webinar.Demo.Ordering/Webinar.Demo.Ordering.Application/Common/Eventing/IEventBus.cs</ApplicationRelativeFilePath>
      <ProjectRelativeFilePath>IEventBus.cs</ProjectRelativeFilePath>
      <IsIgnored>false</IsIgnored>
    </FileLog>
    <FileLog>
      <ProjectId>104160d4-4e17-40c7-b571-7a93d8aba152</ProjectId>
      <CorrelationId>Intent.Eventing.Contracts.IntegrationEventHandlerInterface</CorrelationId>
      <OverwriteBehaviour>always</OverwriteBehaviour>
      <ApplicationRelativeFilePath>../../Webinar.Demo.Ordering/Webinar.Demo.Ordering.Application/Common/Eventing/IIntegrationEventHandler.cs</ApplicationRelativeFilePath>
      <ProjectRelativeFilePath>IIntegrationEventHandler.cs</ProjectRelativeFilePath>
      <IsIgnored>false</IsIgnored>
    </FileLog>
    <FileLog>
      <ProjectId>c50eed04-9891-4713-9826-164fa4db6d4e</ProjectId>
      <CorrelationId>Intent.Application.Identity.ForbiddenAccessException</CorrelationId>
      <OverwriteBehaviour>always</OverwriteBehaviour>
      <ApplicationRelativeFilePath>../../Webinar.Demo.Ordering/Webinar.Demo.Ordering.Application/Common/Exceptions/ForbiddenAccessException.cs</ApplicationRelativeFilePath>
      <ProjectRelativeFilePath>ForbiddenAccessException.cs</ProjectRelativeFilePath>
      <IsIgnored>false</IsIgnored>
    </FileLog>
    <FileLog>
      <ProjectId>bef285d7-83f9-49dc-95f4-2ed3b1a65025</ProjectId>
      <CorrelationId>Intent.Application.MediatR.CommandInterface</CorrelationId>
      <OverwriteBehaviour>always</OverwriteBehaviour>
      <ApplicationRelativeFilePath>../../Webinar.Demo.Ordering/Webinar.Demo.Ordering.Application/Common/Interfaces/ICommand.cs</ApplicationRelativeFilePath>
      <ProjectRelativeFilePath>ICommand.cs</ProjectRelativeFilePath>
      <IsIgnored>false</IsIgnored>
    </FileLog>
    <FileLog>
      <ProjectId>bef285d7-83f9-49dc-95f4-2ed3b1a65025</ProjectId>
      <CorrelationId>Intent.Application.Identity.CurrentUserServiceInterface</CorrelationId>
      <OverwriteBehaviour>always</OverwriteBehaviour>
      <ApplicationRelativeFilePath>../../Webinar.Demo.Ordering/Webinar.Demo.Ordering.Application/Common/Interfaces/ICurrentUserService.cs</ApplicationRelativeFilePath>
      <ProjectRelativeFilePath>ICurrentUserService.cs</ProjectRelativeFilePath>
      <IsIgnored>false</IsIgnored>
    </FileLog>
    <FileLog>
      <ProjectId>bef285d7-83f9-49dc-95f4-2ed3b1a65025</ProjectId>
      <CorrelationId>Intent.DomainEvents.DomainEventServiceInterface</CorrelationId>
      <OverwriteBehaviour>always</OverwriteBehaviour>
      <ApplicationRelativeFilePath>../../Webinar.Demo.Ordering/Webinar.Demo.Ordering.Application/Common/Interfaces/IDomainEventService.cs</ApplicationRelativeFilePath>
      <ProjectRelativeFilePath>IDomainEventService.cs</ProjectRelativeFilePath>
      <IsIgnored>false</IsIgnored>
    </FileLog>
    <FileLog>
      <ProjectId>bef285d7-83f9-49dc-95f4-2ed3b1a65025</ProjectId>
      <CorrelationId>Intent.Application.MediatR.QueryInterface</CorrelationId>
      <OverwriteBehaviour>always</OverwriteBehaviour>
      <ApplicationRelativeFilePath>../../Webinar.Demo.Ordering/Webinar.Demo.Ordering.Application/Common/Interfaces/IQuery.cs</ApplicationRelativeFilePath>
      <ProjectRelativeFilePath>IQuery.cs</ProjectRelativeFilePath>
      <IsIgnored>false</IsIgnored>
    </FileLog>
    <FileLog>
      <ProjectId>2eab60ef-9217-41ae-adeb-57d7aa38b848</ProjectId>
      <CorrelationId>Intent.Application.AutoMapper.MapFromInterface</CorrelationId>
      <OverwriteBehaviour>always</OverwriteBehaviour>
      <ApplicationRelativeFilePath>../../Webinar.Demo.Ordering/Webinar.Demo.Ordering.Application/Common/Mappings/IMapFrom.cs</ApplicationRelativeFilePath>
      <ProjectRelativeFilePath>IMapFrom.cs</ProjectRelativeFilePath>
      <IsIgnored>false</IsIgnored>
    </FileLog>
    <FileLog>
      <ProjectId>2eab60ef-9217-41ae-adeb-57d7aa38b848</ProjectId>
      <CorrelationId>Intent.Application.AutoMapper.MappingProfile</CorrelationId>
      <OverwriteBehaviour>always</OverwriteBehaviour>
      <ApplicationRelativeFilePath>../../Webinar.Demo.Ordering/Webinar.Demo.Ordering.Application/Common/Mappings/MappingProfile.cs</ApplicationRelativeFilePath>
      <ProjectRelativeFilePath>MappingProfile.cs</ProjectRelativeFilePath>
      <IsIgnored>false</IsIgnored>
    </FileLog>
    <FileLog>
      <ProjectId>e92282e6-afc8-4909-8377-8a3475e9f13b</ProjectId>
      <CorrelationId>Intent.MediatR.DomainEvents.DomainEventNotification</CorrelationId>
      <OverwriteBehaviour>always</OverwriteBehaviour>
      <ApplicationRelativeFilePath>../../Webinar.Demo.Ordering/Webinar.Demo.Ordering.Application/Common/Models/DomainEventNotification.cs</ApplicationRelativeFilePath>
      <ProjectRelativeFilePath>DomainEventNotification.cs</ProjectRelativeFilePath>
      <IsIgnored>false</IsIgnored>
    </FileLog>
    <FileLog>
      <ProjectId>e92282e6-afc8-4909-8377-8a3475e9f13b</ProjectId>
      <CorrelationId>Intent.Application.Identity.ResultModel</CorrelationId>
      <OverwriteBehaviour>always</OverwriteBehaviour>
      <ApplicationRelativeFilePath>../../Webinar.Demo.Ordering/Webinar.Demo.Ordering.Application/Common/Models/Result.cs</ApplicationRelativeFilePath>
      <ProjectRelativeFilePath>Result.cs</ProjectRelativeFilePath>
      <IsIgnored>false</IsIgnored>
    </FileLog>
    <FileLog>
      <ProjectId>9a5216b8-8d3b-402a-9171-600d32b357f7</ProjectId>
      <CorrelationId>Intent.Application.Dtos.Pagination.PagedResult</CorrelationId>
      <OverwriteBehaviour>always</OverwriteBehaviour>
      <ApplicationRelativeFilePath>../../Webinar.Demo.Ordering/Webinar.Demo.Ordering.Application/Common/Pagination/PagedResult.cs</ApplicationRelativeFilePath>
      <ProjectRelativeFilePath>PagedResult.cs</ProjectRelativeFilePath>
      <IsIgnored>false</IsIgnored>
    </FileLog>
    <FileLog>
      <ProjectId>9a5216b8-8d3b-402a-9171-600d32b357f7</ProjectId>
      <CorrelationId>Intent.Application.Dtos.Pagination.PagedResultMappingExtensions</CorrelationId>
      <OverwriteBehaviour>always</OverwriteBehaviour>
      <ApplicationRelativeFilePath>../../Webinar.Demo.Ordering/Webinar.Demo.Ordering.Application/Common/Pagination/PagedResultMappingExtensions.cs</ApplicationRelativeFilePath>
      <ProjectRelativeFilePath>PagedResultMappingExtensions.cs</ProjectRelativeFilePath>
      <IsIgnored>false</IsIgnored>
    </FileLog>
    <FileLog>
      <ProjectId>f7f1edc1-ac12-402a-a5ce-09ba5ba6e461</ProjectId>
      <CorrelationId>Intent.Application.Identity.AuthorizeAttribute</CorrelationId>
      <OverwriteBehaviour>always</OverwriteBehaviour>
      <ApplicationRelativeFilePath>../../Webinar.Demo.Ordering/Webinar.Demo.Ordering.Application/Common/Security/AuthorizeAttribute.cs</ApplicationRelativeFilePath>
      <ProjectRelativeFilePath>AuthorizeAttribute.cs</ProjectRelativeFilePath>
      <IsIgnored>false</IsIgnored>
    </FileLog>
    <FileLog>
      <ProjectId>8dcdf9c1-5c64-4705-9c34-eb47ba360996</ProjectId>
      <CorrelationId>Intent.Application.FluentValidation.Dtos.ValidationServiceInterface</CorrelationId>
      <OverwriteBehaviour>always</OverwriteBehaviour>
      <ApplicationRelativeFilePath>../../Webinar.Demo.Ordering/Webinar.Demo.Ordering.Application/Common/Validation/IValidationService.cs</ApplicationRelativeFilePath>
      <ProjectRelativeFilePath>IValidationService.cs</ProjectRelativeFilePath>
      <IsIgnored>false</IsIgnored>
    </FileLog>
    <FileLog>
      <ProjectId>8dcdf9c1-5c64-4705-9c34-eb47ba360996</ProjectId>
      <CorrelationId>Intent.Application.FluentValidation.Dtos.ValidatorProviderInterface</CorrelationId>
      <OverwriteBehaviour>always</OverwriteBehaviour>
      <ApplicationRelativeFilePath>../../Webinar.Demo.Ordering/Webinar.Demo.Ordering.Application/Common/Validation/IValidatorProvider.cs</ApplicationRelativeFilePath>
      <ProjectRelativeFilePath>IValidatorProvider.cs</ProjectRelativeFilePath>
      <IsIgnored>false</IsIgnored>
    </FileLog>
    <FileLog>
      <ProjectId>8dcdf9c1-5c64-4705-9c34-eb47ba360996</ProjectId>
      <CorrelationId>Intent.Application.FluentValidation.Dtos.ValidationService</CorrelationId>
      <OverwriteBehaviour>always</OverwriteBehaviour>
      <ApplicationRelativeFilePath>../../Webinar.Demo.Ordering/Webinar.Demo.Ordering.Application/Common/Validation/ValidationService.cs</ApplicationRelativeFilePath>
      <ProjectRelativeFilePath>ValidationService.cs</ProjectRelativeFilePath>
      <IsIgnored>false</IsIgnored>
    </FileLog>
    <FileLog>
      <ProjectId>8dcdf9c1-5c64-4705-9c34-eb47ba360996</ProjectId>
      <CorrelationId>Intent.Application.FluentValidation.Dtos.ValidatorProvider</CorrelationId>
      <OverwriteBehaviour>always</OverwriteBehaviour>
      <ApplicationRelativeFilePath>../../Webinar.Demo.Ordering/Webinar.Demo.Ordering.Application/Common/Validation/ValidatorProvider.cs</ApplicationRelativeFilePath>
      <ProjectRelativeFilePath>ValidatorProvider.cs</ProjectRelativeFilePath>
      <IsIgnored>false</IsIgnored>
    </FileLog>
    <FileLog>
      <ProjectId>2dcebbd2-b269-4d45-85f3-859510276977</ProjectId>
      <CorrelationId>Intent.Application.Dtos.DtoModel#87037631-ddcf-44e1-a5a0-96dabc2ad71e</CorrelationId>
      <OverwriteBehaviour>always</OverwriteBehaviour>
      <ApplicationRelativeFilePath>../../Webinar.Demo.Ordering/Webinar.Demo.Ordering.Application/Customers/ChangeAddressDto.cs</ApplicationRelativeFilePath>
      <ProjectRelativeFilePath>Customers/ChangeAddressDto.cs</ProjectRelativeFilePath>
      <IsIgnored>false</IsIgnored>
    </FileLog>
    <FileLog>
      <ProjectId>2dcebbd2-b269-4d45-85f3-859510276977</ProjectId>
      <CorrelationId>Intent.Application.FluentValidation.Dtos.DTOValidator#87037631-ddcf-44e1-a5a0-96dabc2ad71e</CorrelationId>
      <OverwriteBehaviour>always</OverwriteBehaviour>
      <ApplicationRelativeFilePath>../../Webinar.Demo.Ordering/Webinar.Demo.Ordering.Application/Customers/ChangeAddressDtoValidator.cs</ApplicationRelativeFilePath>
      <ProjectRelativeFilePath>Customers/ChangeAddressDtoValidator.cs</ProjectRelativeFilePath>
      <IsIgnored>false</IsIgnored>
    </FileLog>
    <FileLog>
      <ProjectId>2dcebbd2-b269-4d45-85f3-859510276977</ProjectId>
      <CorrelationId>Intent.Application.MediatR.CommandModels#44a8de34-192b-4752-9534-4d7e163c160e</CorrelationId>
      <OverwriteBehaviour>always</OverwriteBehaviour>
      <ApplicationRelativeFilePath>../../Webinar.Demo.Ordering/Webinar.Demo.Ordering.Application/Customers/ChangeDeliveryAddressCustomer/ChangeDeliveryAddressCustomerCommand.cs</ApplicationRelativeFilePath>
      <ProjectRelativeFilePath>Customers/ChangeDeliveryAddressCustomer/ChangeDeliveryAddressCustomerCommand.cs</ProjectRelativeFilePath>
      <IsIgnored>false</IsIgnored>
    </FileLog>
    <FileLog>
      <ProjectId>2dcebbd2-b269-4d45-85f3-859510276977</ProjectId>
      <CorrelationId>Intent.Application.MediatR.CommandHandler#44a8de34-192b-4752-9534-4d7e163c160e</CorrelationId>
      <OverwriteBehaviour>always</OverwriteBehaviour>
      <ApplicationRelativeFilePath>../../Webinar.Demo.Ordering/Webinar.Demo.Ordering.Application/Customers/ChangeDeliveryAddressCustomer/ChangeDeliveryAddressCustomerCommandHandler.cs</ApplicationRelativeFilePath>
      <ProjectRelativeFilePath>Customers/ChangeDeliveryAddressCustomer/ChangeDeliveryAddressCustomerCommandHandler.cs</ProjectRelativeFilePath>
      <IsIgnored>false</IsIgnored>
    </FileLog>
    <FileLog>
      <ProjectId>2dcebbd2-b269-4d45-85f3-859510276977</ProjectId>
      <CorrelationId>Intent.Application.MediatR.FluentValidation.CommandValidator#44a8de34-192b-4752-9534-4d7e163c160e</CorrelationId>
      <OverwriteBehaviour>always</OverwriteBehaviour>
      <ApplicationRelativeFilePath>../../Webinar.Demo.Ordering/Webinar.Demo.Ordering.Application/Customers/ChangeDeliveryAddressCustomer/ChangeDeliveryAddressCustomerCommandValidator.cs</ApplicationRelativeFilePath>
      <ProjectRelativeFilePath>Customers/ChangeDeliveryAddressCustomer/ChangeDeliveryAddressCustomerCommandValidator.cs</ProjectRelativeFilePath>
      <IsIgnored>false</IsIgnored>
    </FileLog>
    <FileLog>
      <ProjectId>2dcebbd2-b269-4d45-85f3-859510276977</ProjectId>
      <CorrelationId>Intent.Application.MediatR.CommandModels#fbde8fc2-8bf2-45e2-a79d-56618fca920f</CorrelationId>
      <OverwriteBehaviour>always</OverwriteBehaviour>
      <ApplicationRelativeFilePath>../../Webinar.Demo.Ordering/Webinar.Demo.Ordering.Application/Customers/CreateCustomer/CreateCustomerCommand.cs</ApplicationRelativeFilePath>
      <ProjectRelativeFilePath>Customers/CreateCustomer/CreateCustomerCommand.cs</ProjectRelativeFilePath>
      <IsIgnored>false</IsIgnored>
    </FileLog>
    <FileLog>
      <ProjectId>2dcebbd2-b269-4d45-85f3-859510276977</ProjectId>
      <CorrelationId>Intent.Application.MediatR.CommandHandler#fbde8fc2-8bf2-45e2-a79d-56618fca920f</CorrelationId>
      <OverwriteBehaviour>always</OverwriteBehaviour>
      <ApplicationRelativeFilePath>../../Webinar.Demo.Ordering/Webinar.Demo.Ordering.Application/Customers/CreateCustomer/CreateCustomerCommandHandler.cs</ApplicationRelativeFilePath>
      <ProjectRelativeFilePath>Customers/CreateCustomer/CreateCustomerCommandHandler.cs</ProjectRelativeFilePath>
      <IsIgnored>false</IsIgnored>
    </FileLog>
    <FileLog>
      <ProjectId>2dcebbd2-b269-4d45-85f3-859510276977</ProjectId>
      <CorrelationId>Intent.Application.MediatR.FluentValidation.CommandValidator#fbde8fc2-8bf2-45e2-a79d-56618fca920f</CorrelationId>
      <OverwriteBehaviour>always</OverwriteBehaviour>
      <ApplicationRelativeFilePath>../../Webinar.Demo.Ordering/Webinar.Demo.Ordering.Application/Customers/CreateCustomer/CreateCustomerCommandValidator.cs</ApplicationRelativeFilePath>
      <ProjectRelativeFilePath>Customers/CreateCustomer/CreateCustomerCommandValidator.cs</ProjectRelativeFilePath>
      <IsIgnored>false</IsIgnored>
    </FileLog>
    <FileLog>
      <ProjectId>2dcebbd2-b269-4d45-85f3-859510276977</ProjectId>
      <CorrelationId>Intent.Application.Dtos.DtoModel#434058ab-9ff4-4213-af72-ac3ecf9f518f</CorrelationId>
      <OverwriteBehaviour>always</OverwriteBehaviour>
      <ApplicationRelativeFilePath>../../Webinar.Demo.Ordering/Webinar.Demo.Ordering.Application/Customers/CreateCustomerAddressDto.cs</ApplicationRelativeFilePath>
      <ProjectRelativeFilePath>Customers/CreateCustomerAddressDto.cs</ProjectRelativeFilePath>
      <IsIgnored>false</IsIgnored>
    </FileLog>
    <FileLog>
      <ProjectId>2dcebbd2-b269-4d45-85f3-859510276977</ProjectId>
      <CorrelationId>Intent.Application.FluentValidation.Dtos.DTOValidator#434058ab-9ff4-4213-af72-ac3ecf9f518f</CorrelationId>
      <OverwriteBehaviour>always</OverwriteBehaviour>
      <ApplicationRelativeFilePath>../../Webinar.Demo.Ordering/Webinar.Demo.Ordering.Application/Customers/CreateCustomerAddressDtoValidator.cs</ApplicationRelativeFilePath>
      <ProjectRelativeFilePath>Customers/CreateCustomerAddressDtoValidator.cs</ProjectRelativeFilePath>
      <IsIgnored>false</IsIgnored>
    </FileLog>
    <FileLog>
      <ProjectId>2dcebbd2-b269-4d45-85f3-859510276977</ProjectId>
      <CorrelationId>Intent.Application.Dtos.DtoModel#2becd3b4-c9b4-4a23-bffd-ff3e788c97c9</CorrelationId>
      <OverwriteBehaviour>always</OverwriteBehaviour>
      <ApplicationRelativeFilePath>../../Webinar.Demo.Ordering/Webinar.Demo.Ordering.Application/Customers/CustomerDto.cs</ApplicationRelativeFilePath>
      <ProjectRelativeFilePath>Customers/CustomerDto.cs</ProjectRelativeFilePath>
      <IsIgnored>false</IsIgnored>
    </FileLog>
    <FileLog>
      <ProjectId>2dcebbd2-b269-4d45-85f3-859510276977</ProjectId>
      <CorrelationId>Intent.Application.Dtos.AutoMapper.MappingExtensions#2becd3b4-c9b4-4a23-bffd-ff3e788c97c9</CorrelationId>
      <OverwriteBehaviour>always</OverwriteBehaviour>
      <ApplicationRelativeFilePath>../../Webinar.Demo.Ordering/Webinar.Demo.Ordering.Application/Customers/CustomerDtoMappingExtensions.cs</ApplicationRelativeFilePath>
      <ProjectRelativeFilePath>Customers/CustomerDtoMappingExtensions.cs</ProjectRelativeFilePath>
      <IsIgnored>false</IsIgnored>
    </FileLog>
    <FileLog>
      <ProjectId>2dcebbd2-b269-4d45-85f3-859510276977</ProjectId>
      <CorrelationId>Intent.Application.MediatR.CommandModels#97124939-59a2-4e74-93af-6af67b855f39</CorrelationId>
      <OverwriteBehaviour>always</OverwriteBehaviour>
      <ApplicationRelativeFilePath>../../Webinar.Demo.Ordering/Webinar.Demo.Ordering.Application/Customers/DeleteCustomer/DeleteCustomerCommand.cs</ApplicationRelativeFilePath>
      <ProjectRelativeFilePath>Customers/DeleteCustomer/DeleteCustomerCommand.cs</ProjectRelativeFilePath>
      <IsIgnored>false</IsIgnored>
    </FileLog>
    <FileLog>
      <ProjectId>2dcebbd2-b269-4d45-85f3-859510276977</ProjectId>
      <CorrelationId>Intent.Application.MediatR.CommandHandler#97124939-59a2-4e74-93af-6af67b855f39</CorrelationId>
      <OverwriteBehaviour>always</OverwriteBehaviour>
      <ApplicationRelativeFilePath>../../Webinar.Demo.Ordering/Webinar.Demo.Ordering.Application/Customers/DeleteCustomer/DeleteCustomerCommandHandler.cs</ApplicationRelativeFilePath>
      <ProjectRelativeFilePath>Customers/DeleteCustomer/DeleteCustomerCommandHandler.cs</ProjectRelativeFilePath>
      <IsIgnored>false</IsIgnored>
    </FileLog>
    <FileLog>
      <ProjectId>2dcebbd2-b269-4d45-85f3-859510276977</ProjectId>
      <CorrelationId>Intent.Application.MediatR.FluentValidation.CommandValidator#97124939-59a2-4e74-93af-6af67b855f39</CorrelationId>
      <OverwriteBehaviour>always</OverwriteBehaviour>
      <ApplicationRelativeFilePath>../../Webinar.Demo.Ordering/Webinar.Demo.Ordering.Application/Customers/DeleteCustomer/DeleteCustomerCommandValidator.cs</ApplicationRelativeFilePath>
      <ProjectRelativeFilePath>Customers/DeleteCustomer/DeleteCustomerCommandValidator.cs</ProjectRelativeFilePath>
      <IsIgnored>false</IsIgnored>
    </FileLog>
    <FileLog>
      <ProjectId>2dcebbd2-b269-4d45-85f3-859510276977</ProjectId>
      <CorrelationId>Intent.Application.MediatR.QueryModels#d06b964d-3806-4c4f-a058-c3950f6c66be</CorrelationId>
      <OverwriteBehaviour>always</OverwriteBehaviour>
      <ApplicationRelativeFilePath>../../Webinar.Demo.Ordering/Webinar.Demo.Ordering.Application/Customers/GetCustomerById/GetCustomerByIdQuery.cs</ApplicationRelativeFilePath>
      <ProjectRelativeFilePath>Customers/GetCustomerById/GetCustomerByIdQuery.cs</ProjectRelativeFilePath>
      <IsIgnored>false</IsIgnored>
    </FileLog>
    <FileLog>
      <ProjectId>2dcebbd2-b269-4d45-85f3-859510276977</ProjectId>
      <CorrelationId>Intent.Application.MediatR.QueryHandler#d06b964d-3806-4c4f-a058-c3950f6c66be</CorrelationId>
      <OverwriteBehaviour>always</OverwriteBehaviour>
      <ApplicationRelativeFilePath>../../Webinar.Demo.Ordering/Webinar.Demo.Ordering.Application/Customers/GetCustomerById/GetCustomerByIdQueryHandler.cs</ApplicationRelativeFilePath>
      <ProjectRelativeFilePath>Customers/GetCustomerById/GetCustomerByIdQueryHandler.cs</ProjectRelativeFilePath>
      <IsIgnored>false</IsIgnored>
    </FileLog>
    <FileLog>
      <ProjectId>2dcebbd2-b269-4d45-85f3-859510276977</ProjectId>
      <CorrelationId>Intent.Application.MediatR.FluentValidation.QueryValidator#d06b964d-3806-4c4f-a058-c3950f6c66be</CorrelationId>
      <OverwriteBehaviour>always</OverwriteBehaviour>
      <ApplicationRelativeFilePath>../../Webinar.Demo.Ordering/Webinar.Demo.Ordering.Application/Customers/GetCustomerById/GetCustomerByIdQueryValidator.cs</ApplicationRelativeFilePath>
      <ProjectRelativeFilePath>Customers/GetCustomerById/GetCustomerByIdQueryValidator.cs</ProjectRelativeFilePath>
      <IsIgnored>false</IsIgnored>
    </FileLog>
    <FileLog>
      <ProjectId>2dcebbd2-b269-4d45-85f3-859510276977</ProjectId>
      <CorrelationId>Intent.Application.MediatR.QueryModels#e597b1c6-d9d7-47ad-8b98-fae8e5a9d234</CorrelationId>
      <OverwriteBehaviour>always</OverwriteBehaviour>
      <ApplicationRelativeFilePath>../../Webinar.Demo.Ordering/Webinar.Demo.Ordering.Application/Customers/GetCustomers/GetCustomersQuery.cs</ApplicationRelativeFilePath>
      <ProjectRelativeFilePath>Customers/GetCustomers/GetCustomersQuery.cs</ProjectRelativeFilePath>
      <IsIgnored>false</IsIgnored>
    </FileLog>
    <FileLog>
      <ProjectId>2dcebbd2-b269-4d45-85f3-859510276977</ProjectId>
      <CorrelationId>Intent.Application.MediatR.QueryHandler#e597b1c6-d9d7-47ad-8b98-fae8e5a9d234</CorrelationId>
      <OverwriteBehaviour>always</OverwriteBehaviour>
      <ApplicationRelativeFilePath>../../Webinar.Demo.Ordering/Webinar.Demo.Ordering.Application/Customers/GetCustomers/GetCustomersQueryHandler.cs</ApplicationRelativeFilePath>
      <ProjectRelativeFilePath>Customers/GetCustomers/GetCustomersQueryHandler.cs</ProjectRelativeFilePath>
      <IsIgnored>false</IsIgnored>
    </FileLog>
    <FileLog>
      <ProjectId>2dcebbd2-b269-4d45-85f3-859510276977</ProjectId>
      <CorrelationId>Intent.Application.MediatR.FluentValidation.QueryValidator#e597b1c6-d9d7-47ad-8b98-fae8e5a9d234</CorrelationId>
      <OverwriteBehaviour>always</OverwriteBehaviour>
      <ApplicationRelativeFilePath>../../Webinar.Demo.Ordering/Webinar.Demo.Ordering.Application/Customers/GetCustomers/GetCustomersQueryValidator.cs</ApplicationRelativeFilePath>
      <ProjectRelativeFilePath>Customers/GetCustomers/GetCustomersQueryValidator.cs</ProjectRelativeFilePath>
      <IsIgnored>false</IsIgnored>
    </FileLog>
    <FileLog>
      <ProjectId>2dcebbd2-b269-4d45-85f3-859510276977</ProjectId>
      <CorrelationId>Intent.Application.MediatR.CommandModels#e11e46a8-39b3-4d74-a8cc-75f1c5d1644c</CorrelationId>
      <OverwriteBehaviour>always</OverwriteBehaviour>
      <ApplicationRelativeFilePath>../../Webinar.Demo.Ordering/Webinar.Demo.Ordering.Application/Customers/UpdateCustomer/UpdateCustomerCommand.cs</ApplicationRelativeFilePath>
      <ProjectRelativeFilePath>Customers/UpdateCustomer/UpdateCustomerCommand.cs</ProjectRelativeFilePath>
      <IsIgnored>false</IsIgnored>
    </FileLog>
    <FileLog>
      <ProjectId>2dcebbd2-b269-4d45-85f3-859510276977</ProjectId>
      <CorrelationId>Intent.Application.MediatR.CommandHandler#e11e46a8-39b3-4d74-a8cc-75f1c5d1644c</CorrelationId>
      <OverwriteBehaviour>always</OverwriteBehaviour>
      <ApplicationRelativeFilePath>../../Webinar.Demo.Ordering/Webinar.Demo.Ordering.Application/Customers/UpdateCustomer/UpdateCustomerCommandHandler.cs</ApplicationRelativeFilePath>
      <ProjectRelativeFilePath>Customers/UpdateCustomer/UpdateCustomerCommandHandler.cs</ProjectRelativeFilePath>
      <IsIgnored>false</IsIgnored>
    </FileLog>
    <FileLog>
      <ProjectId>2dcebbd2-b269-4d45-85f3-859510276977</ProjectId>
      <CorrelationId>Intent.Application.MediatR.FluentValidation.CommandValidator#e11e46a8-39b3-4d74-a8cc-75f1c5d1644c</CorrelationId>
      <OverwriteBehaviour>always</OverwriteBehaviour>
      <ApplicationRelativeFilePath>../../Webinar.Demo.Ordering/Webinar.Demo.Ordering.Application/Customers/UpdateCustomer/UpdateCustomerCommandValidator.cs</ApplicationRelativeFilePath>
      <ProjectRelativeFilePath>Customers/UpdateCustomer/UpdateCustomerCommandValidator.cs</ProjectRelativeFilePath>
      <IsIgnored>false</IsIgnored>
    </FileLog>
    <FileLog>
      <ProjectId>2dcebbd2-b269-4d45-85f3-859510276977</ProjectId>
      <CorrelationId>Intent.Application.Dtos.DtoModel#80aa0d40-b313-4c47-904f-88c0225065ca</CorrelationId>
      <OverwriteBehaviour>always</OverwriteBehaviour>
      <ApplicationRelativeFilePath>../../Webinar.Demo.Ordering/Webinar.Demo.Ordering.Application/Customers/UpdateCustomerAddressDto.cs</ApplicationRelativeFilePath>
      <ProjectRelativeFilePath>Customers/UpdateCustomerAddressDto.cs</ProjectRelativeFilePath>
      <IsIgnored>false</IsIgnored>
    </FileLog>
    <FileLog>
      <ProjectId>2dcebbd2-b269-4d45-85f3-859510276977</ProjectId>
      <CorrelationId>Intent.Application.FluentValidation.Dtos.DTOValidator#80aa0d40-b313-4c47-904f-88c0225065ca</CorrelationId>
      <OverwriteBehaviour>always</OverwriteBehaviour>
      <ApplicationRelativeFilePath>../../Webinar.Demo.Ordering/Webinar.Demo.Ordering.Application/Customers/UpdateCustomerAddressDtoValidator.cs</ApplicationRelativeFilePath>
      <ProjectRelativeFilePath>Customers/UpdateCustomerAddressDtoValidator.cs</ProjectRelativeFilePath>
      <IsIgnored>false</IsIgnored>
    </FileLog>
    <FileLog>
      <ProjectId>2dcebbd2-b269-4d45-85f3-859510276977</ProjectId>
      <CorrelationId>Intent.Application.DependencyInjection.DependencyInjection</CorrelationId>
      <OverwriteBehaviour>always</OverwriteBehaviour>
      <ApplicationRelativeFilePath>../../Webinar.Demo.Ordering/Webinar.Demo.Ordering.Application/DependencyInjection.cs</ApplicationRelativeFilePath>
      <ProjectRelativeFilePath>DependencyInjection.cs</ProjectRelativeFilePath>
      <IsIgnored>false</IsIgnored>
    </FileLog>
    <FileLog>
      <ProjectId>ae16a71a-f692-4ea6-a424-4b6fcca1239f</ProjectId>
      <CorrelationId>Intent.MediatR.DomainEvents.DomainEventHandler#8f38b763-6825-4e9e-bc87-5db41b90835d</CorrelationId>
      <OverwriteBehaviour>always</OverwriteBehaviour>
      <ApplicationRelativeFilePath>../../Webinar.Demo.Ordering/Webinar.Demo.Ordering.Application/EventHandlers/Customers/CustomerDeliveryAddressChangedDomainEventHandler.cs</ApplicationRelativeFilePath>
      <ProjectRelativeFilePath>Customers/CustomerDeliveryAddressChangedDomainEventHandler.cs</ProjectRelativeFilePath>
      <IsIgnored>false</IsIgnored>
    </FileLog>
    <FileLog>
      <ProjectId>ae16a71a-f692-4ea6-a424-4b6fcca1239f</ProjectId>
      <CorrelationId>Intent.MediatR.DomainEvents.DomainEventHandler#a2bb3368-1397-47c0-af31-7a9f39dbc83f</CorrelationId>
      <OverwriteBehaviour>always</OverwriteBehaviour>
      <ApplicationRelativeFilePath>../../Webinar.Demo.Ordering/Webinar.Demo.Ordering.Application/EventHandlers/Orders/OrderCancelledDomainEventHandler.cs</ApplicationRelativeFilePath>
      <ProjectRelativeFilePath>Orders/OrderCancelledDomainEventHandler.cs</ProjectRelativeFilePath>
      <IsIgnored>false</IsIgnored>
    </FileLog>
    <FileLog>
      <ProjectId>ae16a71a-f692-4ea6-a424-4b6fcca1239f</ProjectId>
      <CorrelationId>Intent.MediatR.DomainEvents.DomainEventHandler#a970e36f-b159-4d0b-89ab-2f1bab149923</CorrelationId>
      <OverwriteBehaviour>always</OverwriteBehaviour>
      <ApplicationRelativeFilePath>../../Webinar.Demo.Ordering/Webinar.Demo.Ordering.Application/EventHandlers/Orders/OrderCreatedDomainEventHandler.cs</ApplicationRelativeFilePath>
      <ProjectRelativeFilePath>Orders/OrderCreatedDomainEventHandler.cs</ProjectRelativeFilePath>
      <IsIgnored>false</IsIgnored>
    </FileLog>
    <FileLog>
      <ProjectId>ae16a71a-f692-4ea6-a424-4b6fcca1239f</ProjectId>
      <CorrelationId>Intent.MediatR.DomainEvents.DomainEventHandler#09eb9b50-38e0-4eb1-978b-e802a349df6e</CorrelationId>
      <OverwriteBehaviour>always</OverwriteBehaviour>
      <ApplicationRelativeFilePath>../../Webinar.Demo.Ordering/Webinar.Demo.Ordering.Application/EventHandlers/Orders/OrderPaidDomainEventHandler.cs</ApplicationRelativeFilePath>
      <ProjectRelativeFilePath>Orders/OrderPaidDomainEventHandler.cs</ProjectRelativeFilePath>
      <IsIgnored>false</IsIgnored>
    </FileLog>
    <FileLog>
      <ProjectId>ae16a71a-f692-4ea6-a424-4b6fcca1239f</ProjectId>
      <CorrelationId>Intent.MediatR.DomainEvents.DomainEventHandler#611fe7ef-ac49-430a-8476-4c43a08ae431</CorrelationId>
      <OverwriteBehaviour>always</OverwriteBehaviour>
      <ApplicationRelativeFilePath>../../Webinar.Demo.Ordering/Webinar.Demo.Ordering.Application/EventHandlers/Orders/OrderShipedDomainEventHandler.cs</ApplicationRelativeFilePath>
      <ProjectRelativeFilePath>Orders/OrderShipedDomainEventHandler.cs</ProjectRelativeFilePath>
      <IsIgnored>false</IsIgnored>
    </FileLog>
    <FileLog>
      <ProjectId>f42e67a0-522a-4aa1-955d-17313de0b79e</ProjectId>
      <CorrelationId>Intent.Eventing.MassTransit.IntegrationEventHandlerImplementation#2cc14a2d-73d8-4b4a-b67a-cedca0017e35</CorrelationId>
      <OverwriteBehaviour>always</OverwriteBehaviour>
      <ApplicationRelativeFilePath>../../Webinar.Demo.Ordering/Webinar.Demo.Ordering.Application/IntegrationEventHandlers/CheckoutCompletedEventHandler.cs</ApplicationRelativeFilePath>
      <ProjectRelativeFilePath>CheckoutCompletedEventHandler.cs</ProjectRelativeFilePath>
      <IsIgnored>false</IsIgnored>
    </FileLog>
    <FileLog>
      <ProjectId>df213920-ecdc-4566-b20d-9868cda3409b</ProjectId>
      <CorrelationId>Intent.Eventing.Contracts.IntegrationEventDto#44176a05-c7cc-47e6-9d7f-35d69c54d6e2</CorrelationId>
      <OverwriteBehaviour>always</OverwriteBehaviour>
      <ApplicationRelativeFilePath>../../Webinar.Demo.Ordering/Webinar.Demo.Ordering.Application/IntegrationEvents/BasketLineDto.cs</ApplicationRelativeFilePath>
      <ProjectRelativeFilePath>BasketLineDto.cs</ProjectRelativeFilePath>
      <IsIgnored>false</IsIgnored>
    </FileLog>
    <FileLog>
      <ProjectId>df213920-ecdc-4566-b20d-9868cda3409b</ProjectId>
      <CorrelationId>Intent.Eventing.Contracts.IntegrationEventMessage#9b830fb3-1323-479e-897a-217458107981</CorrelationId>
      <OverwriteBehaviour>always</OverwriteBehaviour>
      <ApplicationRelativeFilePath>../../Webinar.Demo.Ordering/Webinar.Demo.Ordering.Application/IntegrationEvents/CheckoutCompletedEvent.cs</ApplicationRelativeFilePath>
      <ProjectRelativeFilePath>CheckoutCompletedEvent.cs</ProjectRelativeFilePath>
      <IsIgnored>false</IsIgnored>
    </FileLog>
    <FileLog>
      <ProjectId>df213920-ecdc-4566-b20d-9868cda3409b</ProjectId>
      <CorrelationId>Intent.Eventing.Contracts.IntegrationEventMessage#4a979ce9-f39a-4b95-847a-6da38ecb4a36</CorrelationId>
      <OverwriteBehaviour>always</OverwriteBehaviour>
      <ApplicationRelativeFilePath>../../Webinar.Demo.Ordering/Webinar.Demo.Ordering.Application/IntegrationEvents/CustomerDeliveryAddressChangedEvent.cs</ApplicationRelativeFilePath>
      <ProjectRelativeFilePath>CustomerDeliveryAddressChangedEvent.cs</ProjectRelativeFilePath>
      <IsIgnored>false</IsIgnored>
    </FileLog>
    <FileLog>
      <ProjectId>df213920-ecdc-4566-b20d-9868cda3409b</ProjectId>
      <CorrelationId>Intent.Eventing.Contracts.DomainMapping.MessageExtensions#4a979ce9-f39a-4b95-847a-6da38ecb4a36</CorrelationId>
      <OverwriteBehaviour>always</OverwriteBehaviour>
      <ApplicationRelativeFilePath>../../Webinar.Demo.Ordering/Webinar.Demo.Ordering.Application/IntegrationEvents/CustomerDeliveryAddressChangedEventExtensions.cs</ApplicationRelativeFilePath>
      <ProjectRelativeFilePath>CustomerDeliveryAddressChangedEventExtensions.cs</ProjectRelativeFilePath>
      <IsIgnored>false</IsIgnored>
    </FileLog>
    <FileLog>
      <ProjectId>c603da2e-a200-4254-a8e7-8441266a7c12</ProjectId>
      <CorrelationId>Intent.Eventing.MassTransit.IntegrationEventHandler#7bc52d3e-ee0b-44d7-8f54-95234f49d558</CorrelationId>
      <OverwriteBehaviour>always</OverwriteBehaviour>
      <ApplicationRelativeFilePath>../../Webinar.Demo.Ordering/Webinar.Demo.Ordering.Application/IntegrationEvents/EventHandlers/Orders/CheckoutCompletedEventHandler.cs</ApplicationRelativeFilePath>
      <ProjectRelativeFilePath>Orders/CheckoutCompletedEventHandler.cs</ProjectRelativeFilePath>
      <IsIgnored>false</IsIgnored>
    </FileLog>
    <FileLog>
      <ProjectId>df213920-ecdc-4566-b20d-9868cda3409b</ProjectId>
      <CorrelationId>Intent.Eventing.Contracts.IntegrationEventMessage#2fbceefe-ecb1-4bcc-b703-f31aec7564a9</CorrelationId>
      <OverwriteBehaviour>always</OverwriteBehaviour>
      <ApplicationRelativeFilePath>../../Webinar.Demo.Ordering/Webinar.Demo.Ordering.Application/IntegrationEvents/OrderCancelledEvent.cs</ApplicationRelativeFilePath>
      <ProjectRelativeFilePath>OrderCancelledEvent.cs</ProjectRelativeFilePath>
      <IsIgnored>false</IsIgnored>
    </FileLog>
    <FileLog>
      <ProjectId>df213920-ecdc-4566-b20d-9868cda3409b</ProjectId>
      <CorrelationId>Intent.Eventing.Contracts.DomainMapping.MessageExtensions#2fbceefe-ecb1-4bcc-b703-f31aec7564a9</CorrelationId>
      <OverwriteBehaviour>always</OverwriteBehaviour>
      <ApplicationRelativeFilePath>../../Webinar.Demo.Ordering/Webinar.Demo.Ordering.Application/IntegrationEvents/OrderCancelledEventExtensions.cs</ApplicationRelativeFilePath>
      <ProjectRelativeFilePath>OrderCancelledEventExtensions.cs</ProjectRelativeFilePath>
      <IsIgnored>false</IsIgnored>
    </FileLog>
    <FileLog>
      <ProjectId>df213920-ecdc-4566-b20d-9868cda3409b</ProjectId>
      <CorrelationId>Intent.Eventing.Contracts.IntegrationEventMessage#fc908bea-65a3-4c93-83e2-82b2e90d5c7c</CorrelationId>
      <OverwriteBehaviour>always</OverwriteBehaviour>
      <ApplicationRelativeFilePath>../../Webinar.Demo.Ordering/Webinar.Demo.Ordering.Application/IntegrationEvents/OrderShippedEvent.cs</ApplicationRelativeFilePath>
      <ProjectRelativeFilePath>OrderShippedEvent.cs</ProjectRelativeFilePath>
      <IsIgnored>false</IsIgnored>
    </FileLog>
    <FileLog>
      <ProjectId>df213920-ecdc-4566-b20d-9868cda3409b</ProjectId>
      <CorrelationId>Intent.Eventing.Contracts.DomainMapping.MessageExtensions#fc908bea-65a3-4c93-83e2-82b2e90d5c7c</CorrelationId>
      <OverwriteBehaviour>always</OverwriteBehaviour>
      <ApplicationRelativeFilePath>../../Webinar.Demo.Ordering/Webinar.Demo.Ordering.Application/IntegrationEvents/OrderShippedEventExtensions.cs</ApplicationRelativeFilePath>
      <ProjectRelativeFilePath>OrderShippedEventExtensions.cs</ProjectRelativeFilePath>
      <IsIgnored>false</IsIgnored>
    </FileLog>
    <FileLog>
      <ProjectId>df213920-ecdc-4566-b20d-9868cda3409b</ProjectId>
      <CorrelationId>Intent.Eventing.Contracts.IntegrationEventMessage#423027fc-3509-4a28-89a8-d20bf773f758</CorrelationId>
      <OverwriteBehaviour>always</OverwriteBehaviour>
      <ApplicationRelativeFilePath>../../Webinar.Demo.Ordering/Webinar.Demo.Ordering.Application/IntegrationEvents/OrderStartedEvent.cs</ApplicationRelativeFilePath>
      <ProjectRelativeFilePath>OrderStartedEvent.cs</ProjectRelativeFilePath>
      <IsIgnored>false</IsIgnored>
    </FileLog>
    <FileLog>
      <ProjectId>df213920-ecdc-4566-b20d-9868cda3409b</ProjectId>
      <CorrelationId>Intent.Eventing.Contracts.DomainMapping.MessageExtensions#423027fc-3509-4a28-89a8-d20bf773f758</CorrelationId>
      <OverwriteBehaviour>always</OverwriteBehaviour>
      <ApplicationRelativeFilePath>../../Webinar.Demo.Ordering/Webinar.Demo.Ordering.Application/IntegrationEvents/OrderStartedEventExtensions.cs</ApplicationRelativeFilePath>
      <ProjectRelativeFilePath>OrderStartedEventExtensions.cs</ProjectRelativeFilePath>
      <IsIgnored>false</IsIgnored>
    </FileLog>
    <FileLog>
      <ProjectId>df213920-ecdc-4566-b20d-9868cda3409b</ProjectId>
      <CorrelationId>Intent.Eventing.Contracts.IntegrationEventMessage#fc1b3f5f-758b-4d83-8ec3-60c6e3543e73</CorrelationId>
      <OverwriteBehaviour>always</OverwriteBehaviour>
      <ApplicationRelativeFilePath>../../Webinar.Demo.Ordering/Webinar.Demo.Ordering.Application/IntegrationEvents/ProductCreatedEvent.cs</ApplicationRelativeFilePath>
      <ProjectRelativeFilePath>ProductCreatedEvent.cs</ProjectRelativeFilePath>
      <IsIgnored>false</IsIgnored>
    </FileLog>
    <FileLog>
      <ProjectId>df213920-ecdc-4566-b20d-9868cda3409b</ProjectId>
      <CorrelationId>Intent.Eventing.Contracts.DomainMapping.MessageExtensions#fc1b3f5f-758b-4d83-8ec3-60c6e3543e73</CorrelationId>
      <OverwriteBehaviour>always</OverwriteBehaviour>
      <ApplicationRelativeFilePath>../../Webinar.Demo.Ordering/Webinar.Demo.Ordering.Application/IntegrationEvents/ProductCreatedEventExtensions.cs</ApplicationRelativeFilePath>
      <ProjectRelativeFilePath>ProductCreatedEventExtensions.cs</ProjectRelativeFilePath>
      <IsIgnored>false</IsIgnored>
    </FileLog>
    <FileLog>
      <ProjectId>2dcebbd2-b269-4d45-85f3-859510276977</ProjectId>
      <CorrelationId>Intent.Application.MediatR.CommandModels#f09cc342-f55a-48f2-90ef-0dfd99909a5a</CorrelationId>
      <OverwriteBehaviour>always</OverwriteBehaviour>
      <ApplicationRelativeFilePath>../../Webinar.Demo.Ordering/Webinar.Demo.Ordering.Application/Orders/AddOrderLineOrder/AddOrderLineOrderCommand.cs</ApplicationRelativeFilePath>
      <ProjectRelativeFilePath>Orders/AddOrderLineOrder/AddOrderLineOrderCommand.cs</ProjectRelativeFilePath>
      <IsIgnored>false</IsIgnored>
    </FileLog>
    <FileLog>
      <ProjectId>2dcebbd2-b269-4d45-85f3-859510276977</ProjectId>
      <CorrelationId>Intent.Application.MediatR.CommandHandler#f09cc342-f55a-48f2-90ef-0dfd99909a5a</CorrelationId>
      <OverwriteBehaviour>always</OverwriteBehaviour>
      <ApplicationRelativeFilePath>../../Webinar.Demo.Ordering/Webinar.Demo.Ordering.Application/Orders/AddOrderLineOrder/AddOrderLineOrderCommandHandler.cs</ApplicationRelativeFilePath>
      <ProjectRelativeFilePath>Orders/AddOrderLineOrder/AddOrderLineOrderCommandHandler.cs</ProjectRelativeFilePath>
      <IsIgnored>false</IsIgnored>
    </FileLog>
    <FileLog>
      <ProjectId>2dcebbd2-b269-4d45-85f3-859510276977</ProjectId>
      <CorrelationId>Intent.Application.MediatR.FluentValidation.CommandValidator#f09cc342-f55a-48f2-90ef-0dfd99909a5a</CorrelationId>
      <OverwriteBehaviour>always</OverwriteBehaviour>
      <ApplicationRelativeFilePath>../../Webinar.Demo.Ordering/Webinar.Demo.Ordering.Application/Orders/AddOrderLineOrder/AddOrderLineOrderCommandValidator.cs</ApplicationRelativeFilePath>
      <ProjectRelativeFilePath>Orders/AddOrderLineOrder/AddOrderLineOrderCommandValidator.cs</ProjectRelativeFilePath>
      <IsIgnored>false</IsIgnored>
    </FileLog>
    <FileLog>
      <ProjectId>2dcebbd2-b269-4d45-85f3-859510276977</ProjectId>
      <CorrelationId>Intent.Application.MediatR.CommandModels#b7601c36-a036-4d64-9a88-2ab7213eb114</CorrelationId>
      <OverwriteBehaviour>always</OverwriteBehaviour>
      <ApplicationRelativeFilePath>../../Webinar.Demo.Ordering/Webinar.Demo.Ordering.Application/Orders/CancelOrder/CancelOrderCommand.cs</ApplicationRelativeFilePath>
      <ProjectRelativeFilePath>Orders/CancelOrder/CancelOrderCommand.cs</ProjectRelativeFilePath>
      <IsIgnored>false</IsIgnored>
    </FileLog>
    <FileLog>
      <ProjectId>2dcebbd2-b269-4d45-85f3-859510276977</ProjectId>
      <CorrelationId>Intent.Application.MediatR.CommandHandler#b7601c36-a036-4d64-9a88-2ab7213eb114</CorrelationId>
      <OverwriteBehaviour>always</OverwriteBehaviour>
      <ApplicationRelativeFilePath>../../Webinar.Demo.Ordering/Webinar.Demo.Ordering.Application/Orders/CancelOrder/CancelOrderCommandHandler.cs</ApplicationRelativeFilePath>
      <ProjectRelativeFilePath>Orders/CancelOrder/CancelOrderCommandHandler.cs</ProjectRelativeFilePath>
      <IsIgnored>false</IsIgnored>
    </FileLog>
    <FileLog>
      <ProjectId>2dcebbd2-b269-4d45-85f3-859510276977</ProjectId>
      <CorrelationId>Intent.Application.MediatR.FluentValidation.CommandValidator#b7601c36-a036-4d64-9a88-2ab7213eb114</CorrelationId>
      <OverwriteBehaviour>always</OverwriteBehaviour>
      <ApplicationRelativeFilePath>../../Webinar.Demo.Ordering/Webinar.Demo.Ordering.Application/Orders/CancelOrder/CancelOrderCommandValidator.cs</ApplicationRelativeFilePath>
      <ProjectRelativeFilePath>Orders/CancelOrder/CancelOrderCommandValidator.cs</ProjectRelativeFilePath>
      <IsIgnored>false</IsIgnored>
    </FileLog>
    <FileLog>
      <ProjectId>2dcebbd2-b269-4d45-85f3-859510276977</ProjectId>
      <CorrelationId>Intent.Application.MediatR.CommandModels#7368dfa5-8926-4fcf-afd1-96989e78a56e</CorrelationId>
      <OverwriteBehaviour>always</OverwriteBehaviour>
      <ApplicationRelativeFilePath>../../Webinar.Demo.Ordering/Webinar.Demo.Ordering.Application/Orders/CreateOrder/CreateOrderCommand.cs</ApplicationRelativeFilePath>
      <ProjectRelativeFilePath>Orders/CreateOrder/CreateOrderCommand.cs</ProjectRelativeFilePath>
      <IsIgnored>false</IsIgnored>
    </FileLog>
    <FileLog>
      <ProjectId>2dcebbd2-b269-4d45-85f3-859510276977</ProjectId>
      <CorrelationId>Intent.Application.MediatR.CommandHandler#7368dfa5-8926-4fcf-afd1-96989e78a56e</CorrelationId>
      <OverwriteBehaviour>always</OverwriteBehaviour>
      <ApplicationRelativeFilePath>../../Webinar.Demo.Ordering/Webinar.Demo.Ordering.Application/Orders/CreateOrder/CreateOrderCommandHandler.cs</ApplicationRelativeFilePath>
      <ProjectRelativeFilePath>Orders/CreateOrder/CreateOrderCommandHandler.cs</ProjectRelativeFilePath>
      <IsIgnored>false</IsIgnored>
    </FileLog>
    <FileLog>
      <ProjectId>2dcebbd2-b269-4d45-85f3-859510276977</ProjectId>
      <CorrelationId>Intent.Application.MediatR.FluentValidation.CommandValidator#7368dfa5-8926-4fcf-afd1-96989e78a56e</CorrelationId>
      <OverwriteBehaviour>always</OverwriteBehaviour>
      <ApplicationRelativeFilePath>../../Webinar.Demo.Ordering/Webinar.Demo.Ordering.Application/Orders/CreateOrder/CreateOrderCommandValidator.cs</ApplicationRelativeFilePath>
      <ProjectRelativeFilePath>Orders/CreateOrder/CreateOrderCommandValidator.cs</ProjectRelativeFilePath>
      <IsIgnored>false</IsIgnored>
    </FileLog>
    <FileLog>
      <ProjectId>2dcebbd2-b269-4d45-85f3-859510276977</ProjectId>
      <CorrelationId>Intent.Application.Dtos.DtoModel#1a3a5047-295c-43b2-8fa5-7d253b0669ca</CorrelationId>
      <OverwriteBehaviour>always</OverwriteBehaviour>
      <ApplicationRelativeFilePath>../../Webinar.Demo.Ordering/Webinar.Demo.Ordering.Application/Orders/CreateOrderCommandBasketLinesDto.cs</ApplicationRelativeFilePath>
      <ProjectRelativeFilePath>Orders/CreateOrderCommandBasketLinesDto.cs</ProjectRelativeFilePath>
      <IsIgnored>false</IsIgnored>
    </FileLog>
    <FileLog>
      <ProjectId>2dcebbd2-b269-4d45-85f3-859510276977</ProjectId>
      <CorrelationId>Intent.Application.MediatR.CommandModels#3ef7405a-e250-454f-80a7-3f25aa3a716d</CorrelationId>
      <OverwriteBehaviour>always</OverwriteBehaviour>
      <ApplicationRelativeFilePath>../../Webinar.Demo.Ordering/Webinar.Demo.Ordering.Application/Orders/DeleteOrder/DeleteOrderCommand.cs</ApplicationRelativeFilePath>
      <ProjectRelativeFilePath>Orders/DeleteOrder/DeleteOrderCommand.cs</ProjectRelativeFilePath>
      <IsIgnored>false</IsIgnored>
    </FileLog>
    <FileLog>
      <ProjectId>2dcebbd2-b269-4d45-85f3-859510276977</ProjectId>
      <CorrelationId>Intent.Application.MediatR.CommandHandler#3ef7405a-e250-454f-80a7-3f25aa3a716d</CorrelationId>
      <OverwriteBehaviour>always</OverwriteBehaviour>
      <ApplicationRelativeFilePath>../../Webinar.Demo.Ordering/Webinar.Demo.Ordering.Application/Orders/DeleteOrder/DeleteOrderCommandHandler.cs</ApplicationRelativeFilePath>
      <ProjectRelativeFilePath>Orders/DeleteOrder/DeleteOrderCommandHandler.cs</ProjectRelativeFilePath>
      <IsIgnored>false</IsIgnored>
    </FileLog>
    <FileLog>
      <ProjectId>2dcebbd2-b269-4d45-85f3-859510276977</ProjectId>
      <CorrelationId>Intent.Application.MediatR.FluentValidation.CommandValidator#3ef7405a-e250-454f-80a7-3f25aa3a716d</CorrelationId>
      <OverwriteBehaviour>always</OverwriteBehaviour>
      <ApplicationRelativeFilePath>../../Webinar.Demo.Ordering/Webinar.Demo.Ordering.Application/Orders/DeleteOrder/DeleteOrderCommandValidator.cs</ApplicationRelativeFilePath>
      <ProjectRelativeFilePath>Orders/DeleteOrder/DeleteOrderCommandValidator.cs</ProjectRelativeFilePath>
      <IsIgnored>false</IsIgnored>
    </FileLog>
    <FileLog>
      <ProjectId>2dcebbd2-b269-4d45-85f3-859510276977</ProjectId>
      <CorrelationId>Intent.Application.MediatR.QueryModels#4696cfc5-ab81-41c3-a85e-2af4c91a203a</CorrelationId>
      <OverwriteBehaviour>always</OverwriteBehaviour>
      <ApplicationRelativeFilePath>../../Webinar.Demo.Ordering/Webinar.Demo.Ordering.Application/Orders/GetOrderById/GetOrderByIdQuery.cs</ApplicationRelativeFilePath>
      <ProjectRelativeFilePath>Orders/GetOrderById/GetOrderByIdQuery.cs</ProjectRelativeFilePath>
      <IsIgnored>false</IsIgnored>
    </FileLog>
    <FileLog>
      <ProjectId>2dcebbd2-b269-4d45-85f3-859510276977</ProjectId>
      <CorrelationId>Intent.Application.MediatR.QueryHandler#4696cfc5-ab81-41c3-a85e-2af4c91a203a</CorrelationId>
      <OverwriteBehaviour>always</OverwriteBehaviour>
      <ApplicationRelativeFilePath>../../Webinar.Demo.Ordering/Webinar.Demo.Ordering.Application/Orders/GetOrderById/GetOrderByIdQueryHandler.cs</ApplicationRelativeFilePath>
      <ProjectRelativeFilePath>Orders/GetOrderById/GetOrderByIdQueryHandler.cs</ProjectRelativeFilePath>
      <IsIgnored>false</IsIgnored>
    </FileLog>
    <FileLog>
      <ProjectId>2dcebbd2-b269-4d45-85f3-859510276977</ProjectId>
      <CorrelationId>Intent.Application.MediatR.FluentValidation.QueryValidator#4696cfc5-ab81-41c3-a85e-2af4c91a203a</CorrelationId>
      <OverwriteBehaviour>always</OverwriteBehaviour>
      <ApplicationRelativeFilePath>../../Webinar.Demo.Ordering/Webinar.Demo.Ordering.Application/Orders/GetOrderById/GetOrderByIdQueryValidator.cs</ApplicationRelativeFilePath>
      <ProjectRelativeFilePath>Orders/GetOrderById/GetOrderByIdQueryValidator.cs</ProjectRelativeFilePath>
      <IsIgnored>false</IsIgnored>
    </FileLog>
    <FileLog>
      <ProjectId>2dcebbd2-b269-4d45-85f3-859510276977</ProjectId>
      <CorrelationId>Intent.Application.MediatR.QueryModels#e4d1e904-e99e-4a0b-b5f7-43d1045db0d8</CorrelationId>
      <OverwriteBehaviour>always</OverwriteBehaviour>
      <ApplicationRelativeFilePath>../../Webinar.Demo.Ordering/Webinar.Demo.Ordering.Application/Orders/GetOrders/GetOrdersQuery.cs</ApplicationRelativeFilePath>
      <ProjectRelativeFilePath>Orders/GetOrders/GetOrdersQuery.cs</ProjectRelativeFilePath>
      <IsIgnored>false</IsIgnored>
    </FileLog>
    <FileLog>
      <ProjectId>2dcebbd2-b269-4d45-85f3-859510276977</ProjectId>
      <CorrelationId>Intent.Application.MediatR.QueryHandler#e4d1e904-e99e-4a0b-b5f7-43d1045db0d8</CorrelationId>
      <OverwriteBehaviour>always</OverwriteBehaviour>
      <ApplicationRelativeFilePath>../../Webinar.Demo.Ordering/Webinar.Demo.Ordering.Application/Orders/GetOrders/GetOrdersQueryHandler.cs</ApplicationRelativeFilePath>
      <ProjectRelativeFilePath>Orders/GetOrders/GetOrdersQueryHandler.cs</ProjectRelativeFilePath>
      <IsIgnored>false</IsIgnored>
    </FileLog>
    <FileLog>
      <ProjectId>2dcebbd2-b269-4d45-85f3-859510276977</ProjectId>
      <CorrelationId>Intent.Application.MediatR.FluentValidation.QueryValidator#e4d1e904-e99e-4a0b-b5f7-43d1045db0d8</CorrelationId>
      <OverwriteBehaviour>always</OverwriteBehaviour>
      <ApplicationRelativeFilePath>../../Webinar.Demo.Ordering/Webinar.Demo.Ordering.Application/Orders/GetOrders/GetOrdersQueryValidator.cs</ApplicationRelativeFilePath>
      <ProjectRelativeFilePath>Orders/GetOrders/GetOrdersQueryValidator.cs</ProjectRelativeFilePath>
      <IsIgnored>false</IsIgnored>
    </FileLog>
    <FileLog>
      <ProjectId>2dcebbd2-b269-4d45-85f3-859510276977</ProjectId>
      <CorrelationId>Intent.Application.MediatR.CommandModels#f7675db8-4b36-499c-92bd-268214a30cd6</CorrelationId>
      <OverwriteBehaviour>always</OverwriteBehaviour>
      <ApplicationRelativeFilePath>../../Webinar.Demo.Ordering/Webinar.Demo.Ordering.Application/Orders/MarkAsPaidOrder/MarkAsPaidOrderCommand.cs</ApplicationRelativeFilePath>
      <ProjectRelativeFilePath>Orders/MarkAsPaidOrder/MarkAsPaidOrderCommand.cs</ProjectRelativeFilePath>
      <IsIgnored>false</IsIgnored>
    </FileLog>
    <FileLog>
      <ProjectId>2dcebbd2-b269-4d45-85f3-859510276977</ProjectId>
      <CorrelationId>Intent.Application.MediatR.CommandHandler#f7675db8-4b36-499c-92bd-268214a30cd6</CorrelationId>
      <OverwriteBehaviour>always</OverwriteBehaviour>
      <ApplicationRelativeFilePath>../../Webinar.Demo.Ordering/Webinar.Demo.Ordering.Application/Orders/MarkAsPaidOrder/MarkAsPaidOrderCommandHandler.cs</ApplicationRelativeFilePath>
      <ProjectRelativeFilePath>Orders/MarkAsPaidOrder/MarkAsPaidOrderCommandHandler.cs</ProjectRelativeFilePath>
      <IsIgnored>false</IsIgnored>
    </FileLog>
    <FileLog>
      <ProjectId>2dcebbd2-b269-4d45-85f3-859510276977</ProjectId>
      <CorrelationId>Intent.Application.MediatR.FluentValidation.CommandValidator#f7675db8-4b36-499c-92bd-268214a30cd6</CorrelationId>
      <OverwriteBehaviour>always</OverwriteBehaviour>
      <ApplicationRelativeFilePath>../../Webinar.Demo.Ordering/Webinar.Demo.Ordering.Application/Orders/MarkAsPaidOrder/MarkAsPaidOrderCommandValidator.cs</ApplicationRelativeFilePath>
      <ProjectRelativeFilePath>Orders/MarkAsPaidOrder/MarkAsPaidOrderCommandValidator.cs</ProjectRelativeFilePath>
      <IsIgnored>false</IsIgnored>
    </FileLog>
    <FileLog>
      <ProjectId>2dcebbd2-b269-4d45-85f3-859510276977</ProjectId>
      <CorrelationId>Intent.Application.Dtos.DtoModel#2c7e2cdb-848f-481b-a8ee-c6d1557b693f</CorrelationId>
      <OverwriteBehaviour>always</OverwriteBehaviour>
      <ApplicationRelativeFilePath>../../Webinar.Demo.Ordering/Webinar.Demo.Ordering.Application/Orders/OrderDto.cs</ApplicationRelativeFilePath>
      <ProjectRelativeFilePath>Orders/OrderDto.cs</ProjectRelativeFilePath>
      <IsIgnored>false</IsIgnored>
    </FileLog>
    <FileLog>
      <ProjectId>2dcebbd2-b269-4d45-85f3-859510276977</ProjectId>
      <CorrelationId>Intent.Application.Dtos.AutoMapper.MappingExtensions#2c7e2cdb-848f-481b-a8ee-c6d1557b693f</CorrelationId>
      <OverwriteBehaviour>always</OverwriteBehaviour>
      <ApplicationRelativeFilePath>../../Webinar.Demo.Ordering/Webinar.Demo.Ordering.Application/Orders/OrderDtoMappingExtensions.cs</ApplicationRelativeFilePath>
      <ProjectRelativeFilePath>Orders/OrderDtoMappingExtensions.cs</ProjectRelativeFilePath>
      <IsIgnored>false</IsIgnored>
    </FileLog>
    <FileLog>
      <ProjectId>2dcebbd2-b269-4d45-85f3-859510276977</ProjectId>
      <CorrelationId>Intent.Application.MediatR.CommandModels#6d405dc6-b09b-4f3f-8b11-61bc5a1c5e0c</CorrelationId>
      <OverwriteBehaviour>always</OverwriteBehaviour>
      <ApplicationRelativeFilePath>../../Webinar.Demo.Ordering/Webinar.Demo.Ordering.Application/Orders/ShipOrder/ShipOrderCommand.cs</ApplicationRelativeFilePath>
      <ProjectRelativeFilePath>Orders/ShipOrder/ShipOrderCommand.cs</ProjectRelativeFilePath>
      <IsIgnored>false</IsIgnored>
    </FileLog>
    <FileLog>
      <ProjectId>2dcebbd2-b269-4d45-85f3-859510276977</ProjectId>
      <CorrelationId>Intent.Application.MediatR.CommandHandler#6d405dc6-b09b-4f3f-8b11-61bc5a1c5e0c</CorrelationId>
      <OverwriteBehaviour>always</OverwriteBehaviour>
      <ApplicationRelativeFilePath>../../Webinar.Demo.Ordering/Webinar.Demo.Ordering.Application/Orders/ShipOrder/ShipOrderCommandHandler.cs</ApplicationRelativeFilePath>
      <ProjectRelativeFilePath>Orders/ShipOrder/ShipOrderCommandHandler.cs</ProjectRelativeFilePath>
      <IsIgnored>false</IsIgnored>
    </FileLog>
    <FileLog>
      <ProjectId>2dcebbd2-b269-4d45-85f3-859510276977</ProjectId>
      <CorrelationId>Intent.Application.MediatR.FluentValidation.CommandValidator#6d405dc6-b09b-4f3f-8b11-61bc5a1c5e0c</CorrelationId>
      <OverwriteBehaviour>always</OverwriteBehaviour>
      <ApplicationRelativeFilePath>../../Webinar.Demo.Ordering/Webinar.Demo.Ordering.Application/Orders/ShipOrder/ShipOrderCommandValidator.cs</ApplicationRelativeFilePath>
      <ProjectRelativeFilePath>Orders/ShipOrder/ShipOrderCommandValidator.cs</ProjectRelativeFilePath>
      <IsIgnored>false</IsIgnored>
    </FileLog>
    <FileLog>
      <ProjectId>2dcebbd2-b269-4d45-85f3-859510276977</ProjectId>
      <CorrelationId>Intent.Application.MediatR.CommandModels#e7b7cb05-2122-4ce9-baff-904311a4fe96</CorrelationId>
      <OverwriteBehaviour>always</OverwriteBehaviour>
      <ApplicationRelativeFilePath>../../Webinar.Demo.Ordering/Webinar.Demo.Ordering.Application/Orders/UpdateOrder/UpdateOrderCommand.cs</ApplicationRelativeFilePath>
      <ProjectRelativeFilePath>Orders/UpdateOrder/UpdateOrderCommand.cs</ProjectRelativeFilePath>
      <IsIgnored>false</IsIgnored>
    </FileLog>
    <FileLog>
      <ProjectId>2dcebbd2-b269-4d45-85f3-859510276977</ProjectId>
      <CorrelationId>Intent.Application.MediatR.CommandHandler#e7b7cb05-2122-4ce9-baff-904311a4fe96</CorrelationId>
      <OverwriteBehaviour>always</OverwriteBehaviour>
      <ApplicationRelativeFilePath>../../Webinar.Demo.Ordering/Webinar.Demo.Ordering.Application/Orders/UpdateOrder/UpdateOrderCommandHandler.cs</ApplicationRelativeFilePath>
      <ProjectRelativeFilePath>Orders/UpdateOrder/UpdateOrderCommandHandler.cs</ProjectRelativeFilePath>
      <IsIgnored>false</IsIgnored>
    </FileLog>
    <FileLog>
      <ProjectId>2dcebbd2-b269-4d45-85f3-859510276977</ProjectId>
      <CorrelationId>Intent.Application.MediatR.FluentValidation.CommandValidator#e7b7cb05-2122-4ce9-baff-904311a4fe96</CorrelationId>
      <OverwriteBehaviour>always</OverwriteBehaviour>
      <ApplicationRelativeFilePath>../../Webinar.Demo.Ordering/Webinar.Demo.Ordering.Application/Orders/UpdateOrder/UpdateOrderCommandValidator.cs</ApplicationRelativeFilePath>
      <ProjectRelativeFilePath>Orders/UpdateOrder/UpdateOrderCommandValidator.cs</ProjectRelativeFilePath>
      <IsIgnored>false</IsIgnored>
    </FileLog>
    <FileLog>
      <ProjectId>2dcebbd2-b269-4d45-85f3-859510276977</ProjectId>
      <CorrelationId>Intent.Application.MediatR.CommandModels#30935b9a-2101-4684-bfc3-a08a7c47a147</CorrelationId>
      <OverwriteBehaviour>always</OverwriteBehaviour>
      <ApplicationRelativeFilePath>../../Webinar.Demo.Ordering/Webinar.Demo.Ordering.Application/Products/CreateProduct/CreateProductCommand.cs</ApplicationRelativeFilePath>
      <ProjectRelativeFilePath>Products/CreateProduct/CreateProductCommand.cs</ProjectRelativeFilePath>
      <IsIgnored>false</IsIgnored>
    </FileLog>
    <FileLog>
      <ProjectId>2dcebbd2-b269-4d45-85f3-859510276977</ProjectId>
      <CorrelationId>Intent.Application.MediatR.CommandHandler#30935b9a-2101-4684-bfc3-a08a7c47a147</CorrelationId>
      <OverwriteBehaviour>always</OverwriteBehaviour>
      <ApplicationRelativeFilePath>../../Webinar.Demo.Ordering/Webinar.Demo.Ordering.Application/Products/CreateProduct/CreateProductCommandHandler.cs</ApplicationRelativeFilePath>
      <ProjectRelativeFilePath>Products/CreateProduct/CreateProductCommandHandler.cs</ProjectRelativeFilePath>
      <IsIgnored>false</IsIgnored>
    </FileLog>
    <FileLog>
      <ProjectId>2dcebbd2-b269-4d45-85f3-859510276977</ProjectId>
      <CorrelationId>Intent.Application.MediatR.FluentValidation.CommandValidator#30935b9a-2101-4684-bfc3-a08a7c47a147</CorrelationId>
      <OverwriteBehaviour>always</OverwriteBehaviour>
      <ApplicationRelativeFilePath>../../Webinar.Demo.Ordering/Webinar.Demo.Ordering.Application/Products/CreateProduct/CreateProductCommandValidator.cs</ApplicationRelativeFilePath>
      <ProjectRelativeFilePath>Products/CreateProduct/CreateProductCommandValidator.cs</ProjectRelativeFilePath>
      <IsIgnored>false</IsIgnored>
    </FileLog>
    <FileLog>
      <ProjectId>2dcebbd2-b269-4d45-85f3-859510276977</ProjectId>
      <CorrelationId>Intent.Application.MediatR.CommandModels#62de2456-9ee6-4a68-b37f-e371f46526d2</CorrelationId>
      <OverwriteBehaviour>always</OverwriteBehaviour>
      <ApplicationRelativeFilePath>../../Webinar.Demo.Ordering/Webinar.Demo.Ordering.Application/Products/DeleteProduct/DeleteProductCommand.cs</ApplicationRelativeFilePath>
      <ProjectRelativeFilePath>Products/DeleteProduct/DeleteProductCommand.cs</ProjectRelativeFilePath>
      <IsIgnored>false</IsIgnored>
    </FileLog>
    <FileLog>
      <ProjectId>2dcebbd2-b269-4d45-85f3-859510276977</ProjectId>
      <CorrelationId>Intent.Application.MediatR.CommandHandler#62de2456-9ee6-4a68-b37f-e371f46526d2</CorrelationId>
      <OverwriteBehaviour>always</OverwriteBehaviour>
      <ApplicationRelativeFilePath>../../Webinar.Demo.Ordering/Webinar.Demo.Ordering.Application/Products/DeleteProduct/DeleteProductCommandHandler.cs</ApplicationRelativeFilePath>
      <ProjectRelativeFilePath>Products/DeleteProduct/DeleteProductCommandHandler.cs</ProjectRelativeFilePath>
      <IsIgnored>false</IsIgnored>
    </FileLog>
    <FileLog>
      <ProjectId>2dcebbd2-b269-4d45-85f3-859510276977</ProjectId>
      <CorrelationId>Intent.Application.MediatR.FluentValidation.CommandValidator#62de2456-9ee6-4a68-b37f-e371f46526d2</CorrelationId>
      <OverwriteBehaviour>always</OverwriteBehaviour>
      <ApplicationRelativeFilePath>../../Webinar.Demo.Ordering/Webinar.Demo.Ordering.Application/Products/DeleteProduct/DeleteProductCommandValidator.cs</ApplicationRelativeFilePath>
      <ProjectRelativeFilePath>Products/DeleteProduct/DeleteProductCommandValidator.cs</ProjectRelativeFilePath>
      <IsIgnored>false</IsIgnored>
    </FileLog>
    <FileLog>
      <ProjectId>2dcebbd2-b269-4d45-85f3-859510276977</ProjectId>
      <CorrelationId>Intent.Application.MediatR.QueryModels#7bbf63c0-da25-4107-9280-be7f1f28f3a1</CorrelationId>
      <OverwriteBehaviour>always</OverwriteBehaviour>
      <ApplicationRelativeFilePath>../../Webinar.Demo.Ordering/Webinar.Demo.Ordering.Application/Products/GetProductById/GetProductByIdQuery.cs</ApplicationRelativeFilePath>
      <ProjectRelativeFilePath>Products/GetProductById/GetProductByIdQuery.cs</ProjectRelativeFilePath>
      <IsIgnored>false</IsIgnored>
    </FileLog>
    <FileLog>
      <ProjectId>2dcebbd2-b269-4d45-85f3-859510276977</ProjectId>
      <CorrelationId>Intent.Application.MediatR.QueryHandler#7bbf63c0-da25-4107-9280-be7f1f28f3a1</CorrelationId>
      <OverwriteBehaviour>always</OverwriteBehaviour>
      <ApplicationRelativeFilePath>../../Webinar.Demo.Ordering/Webinar.Demo.Ordering.Application/Products/GetProductById/GetProductByIdQueryHandler.cs</ApplicationRelativeFilePath>
      <ProjectRelativeFilePath>Products/GetProductById/GetProductByIdQueryHandler.cs</ProjectRelativeFilePath>
      <IsIgnored>false</IsIgnored>
    </FileLog>
    <FileLog>
      <ProjectId>2dcebbd2-b269-4d45-85f3-859510276977</ProjectId>
      <CorrelationId>Intent.Application.MediatR.FluentValidation.QueryValidator#7bbf63c0-da25-4107-9280-be7f1f28f3a1</CorrelationId>
      <OverwriteBehaviour>always</OverwriteBehaviour>
      <ApplicationRelativeFilePath>../../Webinar.Demo.Ordering/Webinar.Demo.Ordering.Application/Products/GetProductById/GetProductByIdQueryValidator.cs</ApplicationRelativeFilePath>
      <ProjectRelativeFilePath>Products/GetProductById/GetProductByIdQueryValidator.cs</ProjectRelativeFilePath>
      <IsIgnored>false</IsIgnored>
    </FileLog>
    <FileLog>
      <ProjectId>2dcebbd2-b269-4d45-85f3-859510276977</ProjectId>
      <CorrelationId>Intent.Application.MediatR.QueryModels#3b494be0-9402-4dc4-abc4-02e58d34fe03</CorrelationId>
      <OverwriteBehaviour>always</OverwriteBehaviour>
      <ApplicationRelativeFilePath>../../Webinar.Demo.Ordering/Webinar.Demo.Ordering.Application/Products/GetProducts/GetProductsQuery.cs</ApplicationRelativeFilePath>
      <ProjectRelativeFilePath>Products/GetProducts/GetProductsQuery.cs</ProjectRelativeFilePath>
      <IsIgnored>false</IsIgnored>
    </FileLog>
    <FileLog>
      <ProjectId>2dcebbd2-b269-4d45-85f3-859510276977</ProjectId>
      <CorrelationId>Intent.Application.MediatR.QueryHandler#3b494be0-9402-4dc4-abc4-02e58d34fe03</CorrelationId>
      <OverwriteBehaviour>always</OverwriteBehaviour>
      <ApplicationRelativeFilePath>../../Webinar.Demo.Ordering/Webinar.Demo.Ordering.Application/Products/GetProducts/GetProductsQueryHandler.cs</ApplicationRelativeFilePath>
      <ProjectRelativeFilePath>Products/GetProducts/GetProductsQueryHandler.cs</ProjectRelativeFilePath>
      <IsIgnored>false</IsIgnored>
    </FileLog>
    <FileLog>
      <ProjectId>2dcebbd2-b269-4d45-85f3-859510276977</ProjectId>
      <CorrelationId>Intent.Application.MediatR.FluentValidation.QueryValidator#3b494be0-9402-4dc4-abc4-02e58d34fe03</CorrelationId>
      <OverwriteBehaviour>always</OverwriteBehaviour>
      <ApplicationRelativeFilePath>../../Webinar.Demo.Ordering/Webinar.Demo.Ordering.Application/Products/GetProducts/GetProductsQueryValidator.cs</ApplicationRelativeFilePath>
      <ProjectRelativeFilePath>Products/GetProducts/GetProductsQueryValidator.cs</ProjectRelativeFilePath>
      <IsIgnored>false</IsIgnored>
    </FileLog>
    <FileLog>
      <ProjectId>2dcebbd2-b269-4d45-85f3-859510276977</ProjectId>
      <CorrelationId>Intent.Application.Dtos.DtoModel#7846cca1-a046-4163-92c9-deb778eb27d2</CorrelationId>
      <OverwriteBehaviour>always</OverwriteBehaviour>
      <ApplicationRelativeFilePath>../../Webinar.Demo.Ordering/Webinar.Demo.Ordering.Application/Products/ProductDto.cs</ApplicationRelativeFilePath>
      <ProjectRelativeFilePath>Products/ProductDto.cs</ProjectRelativeFilePath>
      <IsIgnored>false</IsIgnored>
    </FileLog>
    <FileLog>
      <ProjectId>2dcebbd2-b269-4d45-85f3-859510276977</ProjectId>
      <CorrelationId>Intent.Application.Dtos.AutoMapper.MappingExtensions#7846cca1-a046-4163-92c9-deb778eb27d2</CorrelationId>
      <OverwriteBehaviour>always</OverwriteBehaviour>
      <ApplicationRelativeFilePath>../../Webinar.Demo.Ordering/Webinar.Demo.Ordering.Application/Products/ProductDtoMappingExtensions.cs</ApplicationRelativeFilePath>
      <ProjectRelativeFilePath>Products/ProductDtoMappingExtensions.cs</ProjectRelativeFilePath>
      <IsIgnored>false</IsIgnored>
    </FileLog>
    <FileLog>
      <ProjectId>2dcebbd2-b269-4d45-85f3-859510276977</ProjectId>
      <CorrelationId>Intent.Application.MediatR.CommandModels#8f66fd37-95c6-4436-8b93-d47b728ad520</CorrelationId>
      <OverwriteBehaviour>always</OverwriteBehaviour>
      <ApplicationRelativeFilePath>../../Webinar.Demo.Ordering/Webinar.Demo.Ordering.Application/Products/UpdateProduct/UpdateProductCommand.cs</ApplicationRelativeFilePath>
      <ProjectRelativeFilePath>Products/UpdateProduct/UpdateProductCommand.cs</ProjectRelativeFilePath>
      <IsIgnored>false</IsIgnored>
    </FileLog>
    <FileLog>
      <ProjectId>2dcebbd2-b269-4d45-85f3-859510276977</ProjectId>
      <CorrelationId>Intent.Application.MediatR.CommandHandler#8f66fd37-95c6-4436-8b93-d47b728ad520</CorrelationId>
      <OverwriteBehaviour>always</OverwriteBehaviour>
      <ApplicationRelativeFilePath>../../Webinar.Demo.Ordering/Webinar.Demo.Ordering.Application/Products/UpdateProduct/UpdateProductCommandHandler.cs</ApplicationRelativeFilePath>
      <ProjectRelativeFilePath>Products/UpdateProduct/UpdateProductCommandHandler.cs</ProjectRelativeFilePath>
      <IsIgnored>false</IsIgnored>
    </FileLog>
    <FileLog>
      <ProjectId>2dcebbd2-b269-4d45-85f3-859510276977</ProjectId>
      <CorrelationId>Intent.Application.MediatR.FluentValidation.CommandValidator#8f66fd37-95c6-4436-8b93-d47b728ad520</CorrelationId>
      <OverwriteBehaviour>always</OverwriteBehaviour>
      <ApplicationRelativeFilePath>../../Webinar.Demo.Ordering/Webinar.Demo.Ordering.Application/Products/UpdateProduct/UpdateProductCommandValidator.cs</ApplicationRelativeFilePath>
      <ProjectRelativeFilePath>Products/UpdateProduct/UpdateProductCommandValidator.cs</ProjectRelativeFilePath>
      <IsIgnored>false</IsIgnored>
    </FileLog>
    <FileLog>
      <ProjectId>2dcebbd2-b269-4d45-85f3-859510276977</ProjectId>
      <CorrelationId>Intent.VisualStudio.Projects.CSharpProject#2dcebbd2-b269-4d45-85f3-859510276977</CorrelationId>
      <OverwriteBehaviour>always</OverwriteBehaviour>
      <ApplicationRelativeFilePath>../../Webinar.Demo.Ordering/Webinar.Demo.Ordering.Application/Webinar.Demo.Ordering.Application.csproj</ApplicationRelativeFilePath>
      <ProjectRelativeFilePath>Webinar.Demo.Ordering.Application.csproj</ProjectRelativeFilePath>
      <IsIgnored>false</IsIgnored>
    </FileLog>
    <FileLog>
      <ProjectId>daf8cf52-0e6b-448c-8e44-3d114f21c78b</ProjectId>
      <CorrelationId>Intent.ValueObjects.ValueObject#0451f3bb-aa2a-423a-abc7-3ff9322a8289</CorrelationId>
      <OverwriteBehaviour>always</OverwriteBehaviour>
      <ApplicationRelativeFilePath>../../Webinar.Demo.Ordering/Webinar.Demo.Ordering.Domain/Address.cs</ApplicationRelativeFilePath>
      <ProjectRelativeFilePath>Address.cs</ProjectRelativeFilePath>
      <IsIgnored>false</IsIgnored>
    </FileLog>
    <FileLog>
      <ProjectId>dcdb1f5f-4f80-4ada-b251-b94834e7f81c</ProjectId>
      <CorrelationId>Intent.Entities.CollectionExtensions</CorrelationId>
      <OverwriteBehaviour>always</OverwriteBehaviour>
      <ApplicationRelativeFilePath>../../Webinar.Demo.Ordering/Webinar.Demo.Ordering.Domain/Common/CollectionExtensions.cs</ApplicationRelativeFilePath>
      <ProjectRelativeFilePath>CollectionExtensions.cs</ProjectRelativeFilePath>
      <IsIgnored>false</IsIgnored>
    </FileLog>
    <FileLog>
      <ProjectId>dcdb1f5f-4f80-4ada-b251-b94834e7f81c</ProjectId>
      <CorrelationId>Intent.DomainEvents.DomainEventBase</CorrelationId>
      <OverwriteBehaviour>always</OverwriteBehaviour>
      <ApplicationRelativeFilePath>../../Webinar.Demo.Ordering/Webinar.Demo.Ordering.Domain/Common/DomainEvent.cs</ApplicationRelativeFilePath>
      <ProjectRelativeFilePath>DomainEvent.cs</ProjectRelativeFilePath>
      <IsIgnored>false</IsIgnored>
    </FileLog>
    <FileLog>
      <ProjectId>8f165fcb-aff8-4fcd-9f11-d8d1d0ea93ca</ProjectId>
      <CorrelationId>Intent.Entities.Repositories.Api.NotFoundException</CorrelationId>
      <OverwriteBehaviour>always</OverwriteBehaviour>
      <ApplicationRelativeFilePath>../../Webinar.Demo.Ordering/Webinar.Demo.Ordering.Domain/Common/Exceptions/NotFoundException.cs</ApplicationRelativeFilePath>
      <ProjectRelativeFilePath>NotFoundException.cs</ProjectRelativeFilePath>
      <IsIgnored>false</IsIgnored>
    </FileLog>
    <FileLog>
      <ProjectId>dcdb1f5f-4f80-4ada-b251-b94834e7f81c</ProjectId>
      <CorrelationId>Intent.DomainEvents.HasDomainEventInterface</CorrelationId>
      <OverwriteBehaviour>always</OverwriteBehaviour>
      <ApplicationRelativeFilePath>../../Webinar.Demo.Ordering/Webinar.Demo.Ordering.Domain/Common/IHasDomainEvent.cs</ApplicationRelativeFilePath>
      <ProjectRelativeFilePath>IHasDomainEvent.cs</ProjectRelativeFilePath>
      <IsIgnored>false</IsIgnored>
    </FileLog>
    <FileLog>
      <ProjectId>2ce5c872-a115-4b7d-9ce7-673c0013e0f4</ProjectId>
      <CorrelationId>Intent.Entities.Repositories.Api.UnitOfWorkInterface</CorrelationId>
      <OverwriteBehaviour>always</OverwriteBehaviour>
      <ApplicationRelativeFilePath>../../Webinar.Demo.Ordering/Webinar.Demo.Ordering.Domain/Common/Interfaces/IUnitOfWork.cs</ApplicationRelativeFilePath>
      <ProjectRelativeFilePath>IUnitOfWork.cs</ProjectRelativeFilePath>
      <IsIgnored>false</IsIgnored>
    </FileLog>
    <FileLog>
      <ProjectId>dcdb1f5f-4f80-4ada-b251-b94834e7f81c</ProjectId>
      <CorrelationId>Intent.Entities.UpdateHelper</CorrelationId>
      <OverwriteBehaviour>always</OverwriteBehaviour>
      <ApplicationRelativeFilePath>../../Webinar.Demo.Ordering/Webinar.Demo.Ordering.Domain/Common/UpdateHelper.cs</ApplicationRelativeFilePath>
      <ProjectRelativeFilePath>UpdateHelper.cs</ProjectRelativeFilePath>
      <IsIgnored>false</IsIgnored>
    </FileLog>
    <FileLog>
      <ProjectId>1f485ac0-a9fd-48f4-aad9-9056f0bd7978</ProjectId>
      <CorrelationId>Intent.Entities.DomainEntity#3330cb5f-633f-453c-8f67-73879d0a6f89</CorrelationId>
      <OverwriteBehaviour>always</OverwriteBehaviour>
      <ApplicationRelativeFilePath>../../Webinar.Demo.Ordering/Webinar.Demo.Ordering.Domain/Entities/Customer.cs</ApplicationRelativeFilePath>
      <ProjectRelativeFilePath>Customer.cs</ProjectRelativeFilePath>
      <IsIgnored>false</IsIgnored>
    </FileLog>
    <FileLog>
      <ProjectId>1f485ac0-a9fd-48f4-aad9-9056f0bd7978</ProjectId>
      <CorrelationId>Intent.Entities.DomainEntity#6c4fe8a6-ef0c-4dd2-a170-f86698ecafa1</CorrelationId>
      <OverwriteBehaviour>always</OverwriteBehaviour>
      <ApplicationRelativeFilePath>../../Webinar.Demo.Ordering/Webinar.Demo.Ordering.Domain/Entities/Order.cs</ApplicationRelativeFilePath>
      <ProjectRelativeFilePath>Order.cs</ProjectRelativeFilePath>
      <IsIgnored>false</IsIgnored>
    </FileLog>
    <FileLog>
      <ProjectId>1f485ac0-a9fd-48f4-aad9-9056f0bd7978</ProjectId>
      <CorrelationId>Intent.Entities.DomainEntity#85814341-d68d-4154-9ab9-341d9dbb368f</CorrelationId>
      <OverwriteBehaviour>always</OverwriteBehaviour>
      <ApplicationRelativeFilePath>../../Webinar.Demo.Ordering/Webinar.Demo.Ordering.Domain/Entities/OrderLine.cs</ApplicationRelativeFilePath>
      <ProjectRelativeFilePath>OrderLine.cs</ProjectRelativeFilePath>
      <IsIgnored>false</IsIgnored>
    </FileLog>
    <FileLog>
      <ProjectId>1f485ac0-a9fd-48f4-aad9-9056f0bd7978</ProjectId>
      <CorrelationId>Intent.Entities.DomainEntity#4ea0ad43-02f4-441f-9e36-a974974d15c5</CorrelationId>
      <OverwriteBehaviour>always</OverwriteBehaviour>
      <ApplicationRelativeFilePath>../../Webinar.Demo.Ordering/Webinar.Demo.Ordering.Domain/Entities/Product.cs</ApplicationRelativeFilePath>
      <ProjectRelativeFilePath>Product.cs</ProjectRelativeFilePath>
      <IsIgnored>false</IsIgnored>
    </FileLog>
    <FileLog>
      <ProjectId>fc20e782-49b6-494e-b4fc-996c03934a74</ProjectId>
      <CorrelationId>Intent.DomainEvents.DomainEvent#7ea5783b-63a4-4861-b647-cb4075d511c6</CorrelationId>
      <OverwriteBehaviour>always</OverwriteBehaviour>
      <ApplicationRelativeFilePath>../../Webinar.Demo.Ordering/Webinar.Demo.Ordering.Domain/Events/CustomerDeliveryAddressChangedDomainEvent.cs</ApplicationRelativeFilePath>
      <ProjectRelativeFilePath>CustomerDeliveryAddressChangedDomainEvent.cs</ProjectRelativeFilePath>
      <IsIgnored>false</IsIgnored>
    </FileLog>
    <FileLog>
      <ProjectId>fc20e782-49b6-494e-b4fc-996c03934a74</ProjectId>
      <CorrelationId>Intent.DomainEvents.DomainEvent#454a2191-d161-4aaf-b4c0-be367952e21d</CorrelationId>
      <OverwriteBehaviour>always</OverwriteBehaviour>
      <ApplicationRelativeFilePath>../../Webinar.Demo.Ordering/Webinar.Demo.Ordering.Domain/Events/OrderCancelledDomainEvent.cs</ApplicationRelativeFilePath>
      <ProjectRelativeFilePath>OrderCancelledDomainEvent.cs</ProjectRelativeFilePath>
      <IsIgnored>false</IsIgnored>
    </FileLog>
    <FileLog>
      <ProjectId>fc20e782-49b6-494e-b4fc-996c03934a74</ProjectId>
      <CorrelationId>Intent.DomainEvents.DomainEvent#7b6b9824-c04a-4505-82b6-04eb73fa6038</CorrelationId>
      <OverwriteBehaviour>always</OverwriteBehaviour>
      <ApplicationRelativeFilePath>../../Webinar.Demo.Ordering/Webinar.Demo.Ordering.Domain/Events/OrderCreatedDomainEvent.cs</ApplicationRelativeFilePath>
      <ProjectRelativeFilePath>OrderCreatedDomainEvent.cs</ProjectRelativeFilePath>
      <IsIgnored>false</IsIgnored>
    </FileLog>
    <FileLog>
      <ProjectId>fc20e782-49b6-494e-b4fc-996c03934a74</ProjectId>
      <CorrelationId>Intent.DomainEvents.DomainEvent#199994b8-84cf-47c7-82ee-cb4ed0ce37b3</CorrelationId>
      <OverwriteBehaviour>always</OverwriteBehaviour>
      <ApplicationRelativeFilePath>../../Webinar.Demo.Ordering/Webinar.Demo.Ordering.Domain/Events/OrderPaidDomainEvent.cs</ApplicationRelativeFilePath>
      <ProjectRelativeFilePath>OrderPaidDomainEvent.cs</ProjectRelativeFilePath>
      <IsIgnored>false</IsIgnored>
    </FileLog>
    <FileLog>
      <ProjectId>fc20e782-49b6-494e-b4fc-996c03934a74</ProjectId>
      <CorrelationId>Intent.DomainEvents.DomainEvent#c4abc490-0913-4811-9c95-0b02761a7584</CorrelationId>
      <OverwriteBehaviour>always</OverwriteBehaviour>
      <ApplicationRelativeFilePath>../../Webinar.Demo.Ordering/Webinar.Demo.Ordering.Domain/Events/OrderShipedDomainEvent.cs</ApplicationRelativeFilePath>
      <ProjectRelativeFilePath>OrderShipedDomainEvent.cs</ProjectRelativeFilePath>
      <IsIgnored>false</IsIgnored>
    </FileLog>
    <FileLog>
      <ProjectId>daf8cf52-0e6b-448c-8e44-3d114f21c78b</ProjectId>
      <CorrelationId>Intent.Entities.DomainEnum#2fec6f85-49d0-403f-9b74-2f2714f48723</CorrelationId>
      <OverwriteBehaviour>always</OverwriteBehaviour>
      <ApplicationRelativeFilePath>../../Webinar.Demo.Ordering/Webinar.Demo.Ordering.Domain/OrderStatus.cs</ApplicationRelativeFilePath>
      <ProjectRelativeFilePath>OrderStatus.cs</ProjectRelativeFilePath>
      <IsIgnored>false</IsIgnored>
    </FileLog>
    <FileLog>
      <ProjectId>dd9bd9e6-db31-49b7-a064-b8537ee13b3f</ProjectId>
      <CorrelationId>Intent.Entities.Repositories.Api.EntityRepositoryInterface#3330cb5f-633f-453c-8f67-73879d0a6f89</CorrelationId>
      <OverwriteBehaviour>always</OverwriteBehaviour>
      <ApplicationRelativeFilePath>../../Webinar.Demo.Ordering/Webinar.Demo.Ordering.Domain/Repositories/ICustomerRepository.cs</ApplicationRelativeFilePath>
      <ProjectRelativeFilePath>ICustomerRepository.cs</ProjectRelativeFilePath>
      <IsIgnored>false</IsIgnored>
    </FileLog>
    <FileLog>
      <ProjectId>dd9bd9e6-db31-49b7-a064-b8537ee13b3f</ProjectId>
      <CorrelationId>Intent.EntityFrameworkCore.Repositories.EFRepositoryInterface</CorrelationId>
      <OverwriteBehaviour>always</OverwriteBehaviour>
      <ApplicationRelativeFilePath>../../Webinar.Demo.Ordering/Webinar.Demo.Ordering.Domain/Repositories/IEFRepository.cs</ApplicationRelativeFilePath>
      <ProjectRelativeFilePath>IEFRepository.cs</ProjectRelativeFilePath>
      <IsIgnored>false</IsIgnored>
    </FileLog>
    <FileLog>
      <ProjectId>dd9bd9e6-db31-49b7-a064-b8537ee13b3f</ProjectId>
      <CorrelationId>Intent.Entities.Repositories.Api.EntityRepositoryInterface#6c4fe8a6-ef0c-4dd2-a170-f86698ecafa1</CorrelationId>
      <OverwriteBehaviour>always</OverwriteBehaviour>
      <ApplicationRelativeFilePath>../../Webinar.Demo.Ordering/Webinar.Demo.Ordering.Domain/Repositories/IOrderRepository.cs</ApplicationRelativeFilePath>
      <ProjectRelativeFilePath>IOrderRepository.cs</ProjectRelativeFilePath>
      <IsIgnored>false</IsIgnored>
    </FileLog>
    <FileLog>
      <ProjectId>dd9bd9e6-db31-49b7-a064-b8537ee13b3f</ProjectId>
      <CorrelationId>Intent.Entities.Repositories.Api.PagedResultInterface</CorrelationId>
      <OverwriteBehaviour>always</OverwriteBehaviour>
      <ApplicationRelativeFilePath>../../Webinar.Demo.Ordering/Webinar.Demo.Ordering.Domain/Repositories/IPagedResult.cs</ApplicationRelativeFilePath>
      <ProjectRelativeFilePath>IPagedResult.cs</ProjectRelativeFilePath>
      <IsIgnored>false</IsIgnored>
    </FileLog>
    <FileLog>
      <ProjectId>dd9bd9e6-db31-49b7-a064-b8537ee13b3f</ProjectId>
      <CorrelationId>Intent.Entities.Repositories.Api.EntityRepositoryInterface#4ea0ad43-02f4-441f-9e36-a974974d15c5</CorrelationId>
      <OverwriteBehaviour>always</OverwriteBehaviour>
      <ApplicationRelativeFilePath>../../Webinar.Demo.Ordering/Webinar.Demo.Ordering.Domain/Repositories/IProductRepository.cs</ApplicationRelativeFilePath>
      <ProjectRelativeFilePath>IProductRepository.cs</ProjectRelativeFilePath>
      <IsIgnored>false</IsIgnored>
    </FileLog>
    <FileLog>
      <ProjectId>dd9bd9e6-db31-49b7-a064-b8537ee13b3f</ProjectId>
      <CorrelationId>Intent.Entities.Repositories.Api.RepositoryInterface</CorrelationId>
      <OverwriteBehaviour>always</OverwriteBehaviour>
      <ApplicationRelativeFilePath>../../Webinar.Demo.Ordering/Webinar.Demo.Ordering.Domain/Repositories/IRepository.cs</ApplicationRelativeFilePath>
      <ProjectRelativeFilePath>IRepository.cs</ProjectRelativeFilePath>
      <IsIgnored>false</IsIgnored>
    </FileLog>
    <FileLog>
      <ProjectId>daf8cf52-0e6b-448c-8e44-3d114f21c78b</ProjectId>
      <CorrelationId>Intent.ValueObjects.ValueObjectBase</CorrelationId>
      <OverwriteBehaviour>always</OverwriteBehaviour>
      <ApplicationRelativeFilePath>../../Webinar.Demo.Ordering/Webinar.Demo.Ordering.Domain/ValueObject.cs</ApplicationRelativeFilePath>
      <ProjectRelativeFilePath>ValueObject.cs</ProjectRelativeFilePath>
      <IsIgnored>false</IsIgnored>
    </FileLog>
    <FileLog>
      <ProjectId>daf8cf52-0e6b-448c-8e44-3d114f21c78b</ProjectId>
      <CorrelationId>Intent.VisualStudio.Projects.CSharpProject#daf8cf52-0e6b-448c-8e44-3d114f21c78b</CorrelationId>
      <OverwriteBehaviour>always</OverwriteBehaviour>
      <ApplicationRelativeFilePath>../../Webinar.Demo.Ordering/Webinar.Demo.Ordering.Domain/Webinar.Demo.Ordering.Domain.csproj</ApplicationRelativeFilePath>
      <ProjectRelativeFilePath>Webinar.Demo.Ordering.Domain.csproj</ProjectRelativeFilePath>
      <IsIgnored>false</IsIgnored>
    </FileLog>
    <FileLog>
      <ProjectId>5c4b6303-2ade-441f-abd6-e179d4ed4ff9</ProjectId>
      <CorrelationId>Intent.Eventing.MassTransit.MassTransitConfiguration</CorrelationId>
      <OverwriteBehaviour>always</OverwriteBehaviour>
      <ApplicationRelativeFilePath>../../Webinar.Demo.Ordering/Webinar.Demo.Ordering.Infrastructure/Configuration/MassTransitConfiguration.cs</ApplicationRelativeFilePath>
      <ProjectRelativeFilePath>MassTransitConfiguration.cs</ProjectRelativeFilePath>
      <IsIgnored>false</IsIgnored>
    </FileLog>
    <FileLog>
      <ProjectId>ead1ed24-c222-4711-8716-0693a22d0a91</ProjectId>
      <CorrelationId>Intent.Infrastructure.DependencyInjection.DependencyInjection</CorrelationId>
      <OverwriteBehaviour>always</OverwriteBehaviour>
      <ApplicationRelativeFilePath>../../Webinar.Demo.Ordering/Webinar.Demo.Ordering.Infrastructure/DependencyInjection.cs</ApplicationRelativeFilePath>
      <ProjectRelativeFilePath>DependencyInjection.cs</ProjectRelativeFilePath>
      <IsIgnored>false</IsIgnored>
    </FileLog>
    <FileLog>
      <ProjectId>94d8eb6f-b991-49f7-ad55-3ee3900058e7</ProjectId>
      <CorrelationId>Intent.Eventing.MassTransit.MassTransitEventBus</CorrelationId>
      <OverwriteBehaviour>always</OverwriteBehaviour>
      <ApplicationRelativeFilePath>../../Webinar.Demo.Ordering/Webinar.Demo.Ordering.Infrastructure/Eventing/MassTransitEventBus.cs</ApplicationRelativeFilePath>
      <ProjectRelativeFilePath>MassTransitEventBus.cs</ProjectRelativeFilePath>
      <IsIgnored>false</IsIgnored>
    </FileLog>
    <FileLog>
      <ProjectId>94d8eb6f-b991-49f7-ad55-3ee3900058e7</ProjectId>
      <CorrelationId>Intent.Eventing.MassTransit.WrapperConsumer</CorrelationId>
      <OverwriteBehaviour>always</OverwriteBehaviour>
      <ApplicationRelativeFilePath>../../Webinar.Demo.Ordering/Webinar.Demo.Ordering.Infrastructure/Eventing/WrapperConsumer.cs</ApplicationRelativeFilePath>
      <ProjectRelativeFilePath>WrapperConsumer.cs</ProjectRelativeFilePath>
      <IsIgnored>false</IsIgnored>
    </FileLog>
    <FileLog>
      <ProjectId>c6ac54a1-85f2-42c1-b058-b46afd318135</ProjectId>
      <CorrelationId>Intent.EntityFrameworkCore.DbContext</CorrelationId>
      <OverwriteBehaviour>always</OverwriteBehaviour>
      <ApplicationRelativeFilePath>../../Webinar.Demo.Ordering/Webinar.Demo.Ordering.Infrastructure/Persistence/ApplicationDbContext.cs</ApplicationRelativeFilePath>
      <ProjectRelativeFilePath>ApplicationDbContext.cs</ProjectRelativeFilePath>
      <IsIgnored>false</IsIgnored>
    </FileLog>
    <FileLog>
      <ProjectId>34ec96be-0cda-44fd-9392-94319c678b11</ProjectId>
      <CorrelationId>Intent.EntityFrameworkCore.EntityTypeConfiguration#3330cb5f-633f-453c-8f67-73879d0a6f89</CorrelationId>
      <OverwriteBehaviour>always</OverwriteBehaviour>
      <ApplicationRelativeFilePath>../../Webinar.Demo.Ordering/Webinar.Demo.Ordering.Infrastructure/Persistence/Configurations/CustomerConfiguration.cs</ApplicationRelativeFilePath>
      <ProjectRelativeFilePath>CustomerConfiguration.cs</ProjectRelativeFilePath>
      <IsIgnored>false</IsIgnored>
    </FileLog>
    <FileLog>
      <ProjectId>34ec96be-0cda-44fd-9392-94319c678b11</ProjectId>
      <CorrelationId>Intent.EntityFrameworkCore.EntityTypeConfiguration#6c4fe8a6-ef0c-4dd2-a170-f86698ecafa1</CorrelationId>
      <OverwriteBehaviour>always</OverwriteBehaviour>
      <ApplicationRelativeFilePath>../../Webinar.Demo.Ordering/Webinar.Demo.Ordering.Infrastructure/Persistence/Configurations/OrderConfiguration.cs</ApplicationRelativeFilePath>
      <ProjectRelativeFilePath>OrderConfiguration.cs</ProjectRelativeFilePath>
      <IsIgnored>false</IsIgnored>
    </FileLog>
    <FileLog>
      <ProjectId>34ec96be-0cda-44fd-9392-94319c678b11</ProjectId>
      <CorrelationId>Intent.EntityFrameworkCore.EntityTypeConfiguration#4ea0ad43-02f4-441f-9e36-a974974d15c5</CorrelationId>
      <OverwriteBehaviour>always</OverwriteBehaviour>
      <ApplicationRelativeFilePath>../../Webinar.Demo.Ordering/Webinar.Demo.Ordering.Infrastructure/Persistence/Configurations/ProductConfiguration.cs</ApplicationRelativeFilePath>
      <ProjectRelativeFilePath>ProductConfiguration.cs</ProjectRelativeFilePath>
      <IsIgnored>false</IsIgnored>
    </FileLog>
    <FileLog>
      <ProjectId>c6ac54a1-85f2-42c1-b058-b46afd318135</ProjectId>
      <CorrelationId>Intent.EntityFrameworkCore.DbMigrationsReadMe</CorrelationId>
      <OverwriteBehaviour>always</OverwriteBehaviour>
      <ApplicationRelativeFilePath>../../Webinar.Demo.Ordering/Webinar.Demo.Ordering.Infrastructure/Persistence/MIGRATION_README.txt</ApplicationRelativeFilePath>
      <ProjectRelativeFilePath>MIGRATION_README.txt</ProjectRelativeFilePath>
      <IsIgnored>false</IsIgnored>
    </FileLog>
    <FileLog>
      <ProjectId>43dffab3-d033-4f6a-97ad-2f1c3363a35e</ProjectId>
      <CorrelationId>Intent.EntityFrameworkCore.Repositories.Repository#3330cb5f-633f-453c-8f67-73879d0a6f89</CorrelationId>
      <OverwriteBehaviour>always</OverwriteBehaviour>
      <ApplicationRelativeFilePath>../../Webinar.Demo.Ordering/Webinar.Demo.Ordering.Infrastructure/Repositories/CustomerRepository.cs</ApplicationRelativeFilePath>
      <ProjectRelativeFilePath>CustomerRepository.cs</ProjectRelativeFilePath>
      <IsIgnored>false</IsIgnored>
    </FileLog>
    <FileLog>
      <ProjectId>43dffab3-d033-4f6a-97ad-2f1c3363a35e</ProjectId>
      <CorrelationId>Intent.EntityFrameworkCore.Repositories.Repository#6c4fe8a6-ef0c-4dd2-a170-f86698ecafa1</CorrelationId>
      <OverwriteBehaviour>always</OverwriteBehaviour>
      <ApplicationRelativeFilePath>../../Webinar.Demo.Ordering/Webinar.Demo.Ordering.Infrastructure/Repositories/OrderRepository.cs</ApplicationRelativeFilePath>
      <ProjectRelativeFilePath>OrderRepository.cs</ProjectRelativeFilePath>
      <IsIgnored>false</IsIgnored>
    </FileLog>
    <FileLog>
      <ProjectId>43dffab3-d033-4f6a-97ad-2f1c3363a35e</ProjectId>
      <CorrelationId>Intent.EntityFrameworkCore.Repositories.PagedList</CorrelationId>
      <OverwriteBehaviour>always</OverwriteBehaviour>
      <ApplicationRelativeFilePath>../../Webinar.Demo.Ordering/Webinar.Demo.Ordering.Infrastructure/Repositories/PagedList.cs</ApplicationRelativeFilePath>
      <ProjectRelativeFilePath>PagedList.cs</ProjectRelativeFilePath>
      <IsIgnored>false</IsIgnored>
    </FileLog>
    <FileLog>
      <ProjectId>43dffab3-d033-4f6a-97ad-2f1c3363a35e</ProjectId>
      <CorrelationId>Intent.EntityFrameworkCore.Repositories.Repository#4ea0ad43-02f4-441f-9e36-a974974d15c5</CorrelationId>
      <OverwriteBehaviour>always</OverwriteBehaviour>
      <ApplicationRelativeFilePath>../../Webinar.Demo.Ordering/Webinar.Demo.Ordering.Infrastructure/Repositories/ProductRepository.cs</ApplicationRelativeFilePath>
      <ProjectRelativeFilePath>ProductRepository.cs</ProjectRelativeFilePath>
      <IsIgnored>false</IsIgnored>
    </FileLog>
    <FileLog>
      <ProjectId>43dffab3-d033-4f6a-97ad-2f1c3363a35e</ProjectId>
      <CorrelationId>Intent.EntityFrameworkCore.Repositories.RepositoryBase</CorrelationId>
      <OverwriteBehaviour>always</OverwriteBehaviour>
      <ApplicationRelativeFilePath>../../Webinar.Demo.Ordering/Webinar.Demo.Ordering.Infrastructure/Repositories/RepositoryBase.cs</ApplicationRelativeFilePath>
      <ProjectRelativeFilePath>RepositoryBase.cs</ProjectRelativeFilePath>
      <IsIgnored>false</IsIgnored>
    </FileLog>
    <FileLog>
      <ProjectId>14841e99-7c7a-43c9-8c16-3769bdc65988</ProjectId>
      <CorrelationId>Intent.MediatR.DomainEvents.DomainEventService</CorrelationId>
      <OverwriteBehaviour>always</OverwriteBehaviour>
      <ApplicationRelativeFilePath>../../Webinar.Demo.Ordering/Webinar.Demo.Ordering.Infrastructure/Services/DomainEventService.cs</ApplicationRelativeFilePath>
      <ProjectRelativeFilePath>DomainEventService.cs</ProjectRelativeFilePath>
      <IsIgnored>false</IsIgnored>
    </FileLog>
    <FileLog>
      <ProjectId>ead1ed24-c222-4711-8716-0693a22d0a91</ProjectId>
      <CorrelationId>Intent.VisualStudio.Projects.CSharpProject#ead1ed24-c222-4711-8716-0693a22d0a91</CorrelationId>
      <OverwriteBehaviour>always</OverwriteBehaviour>
      <ApplicationRelativeFilePath>../../Webinar.Demo.Ordering/Webinar.Demo.Ordering.Infrastructure/Webinar.Demo.Ordering.Infrastructure.csproj</ApplicationRelativeFilePath>
      <ProjectRelativeFilePath>Webinar.Demo.Ordering.Infrastructure.csproj</ProjectRelativeFilePath>
      <IsIgnored>false</IsIgnored>
    </FileLog>
    <FileLog>
      <CorrelationId>Intent.VisualStudio.Projects.VisualStudio2015Solution#2011d46d-d4e4-442d-b336-06bf1f5b8c11</CorrelationId>
      <OverwriteBehaviour>always</OverwriteBehaviour>
      <ApplicationRelativeFilePath>../../Webinar.Demo.Ordering/Webinar.Demo.Ordering.sln</ApplicationRelativeFilePath>
      <IsIgnored>false</IsIgnored>
    </FileLog>
  </FileLogs>
</outputLog>