<?xml version="1.0" encoding="utf-8"?>
<outputLog>
  <ApplicationId>a1a220c1-f80f-4c4e-8fa9-73f462ad7d2d</ApplicationId>
  <FileLogs>
    <FileLog>
      <ProjectId>f14d6704-74d0-453e-9585-4b3f03e6ea24</ProjectId>
      <CorrelationId>Intent.ModuleBuilder.ReadMe</CorrelationId>
      <OverwriteBehaviour>always</OverwriteBehaviour>
      <ApplicationRelativeFilePath>../../Webinar.Modules.Azure.BlobStorage/README.txt</ApplicationRelativeFilePath>
      <ProjectRelativeFilePath>README.txt</ProjectRelativeFilePath>
      <IsIgnored>false</IsIgnored>
    </FileLog>
    <FileLog>
      <ProjectId>dac43a4c-5657-430d-aaab-948685e6de56</ProjectId>
      <CorrelationId>Intent.ModuleBuilder.CSharp.Templates.CSharpTemplatePartial#3349f8d1-a24b-4fcf-85bb-d3e499177173</CorrelationId>
      <OverwriteBehaviour>always</OverwriteBehaviour>
      <ApplicationRelativeFilePath>../../Webinar.Modules.Azure.BlobStorage/Templates/AzureBlobStorageService/AzureBlobStorageServiceTemplatePartial.cs</ApplicationRelativeFilePath>
      <ProjectRelativeFilePath>AzureBlobStorageService/AzureBlobStorageServiceTemplatePartial.cs</ProjectRelativeFilePath>
      <IsIgnored>false</IsIgnored>
    </FileLog>
    <FileLog>
      <ProjectId>dac43a4c-5657-430d-aaab-948685e6de56</ProjectId>
      <CorrelationId>Intent.ModuleBuilder.TemplateRegistration.SingleFileNoModel#3349f8d1-a24b-4fcf-85bb-d3e499177173</CorrelationId>
      <OverwriteBehaviour>always</OverwriteBehaviour>
      <ApplicationRelativeFilePath>../../Webinar.Modules.Azure.BlobStorage/Templates/AzureBlobStorageService/AzureBlobStorageServiceTemplateRegistration.cs</ApplicationRelativeFilePath>
      <ProjectRelativeFilePath>AzureBlobStorageService/AzureBlobStorageServiceTemplateRegistration.cs</ProjectRelativeFilePath>
      <IsIgnored>false</IsIgnored>
    </FileLog>
    <FileLog>
      <ProjectId>dac43a4c-5657-430d-aaab-948685e6de56</ProjectId>
      <CorrelationId>Intent.ModuleBuilder.CSharp.Templates.CSharpTemplatePartial#ea0e8bd2-d156-4c6e-9c88-daf6dca98728</CorrelationId>
      <OverwriteBehaviour>always</OverwriteBehaviour>
      <ApplicationRelativeFilePath>../../Webinar.Modules.Azure.BlobStorage/Templates/BlobStorageServiceInterface/BlobStorageServiceInterfaceTemplatePartial.cs</ApplicationRelativeFilePath>
      <ProjectRelativeFilePath>BlobStorageServiceInterface/BlobStorageServiceInterfaceTemplatePartial.cs</ProjectRelativeFilePath>
      <IsIgnored>false</IsIgnored>
    </FileLog>
    <FileLog>
      <ProjectId>dac43a4c-5657-430d-aaab-948685e6de56</ProjectId>
      <CorrelationId>Intent.ModuleBuilder.TemplateRegistration.SingleFileNoModel#ea0e8bd2-d156-4c6e-9c88-daf6dca98728</CorrelationId>
      <OverwriteBehaviour>always</OverwriteBehaviour>
      <ApplicationRelativeFilePath>../../Webinar.Modules.Azure.BlobStorage/Templates/BlobStorageServiceInterface/BlobStorageServiceInterfaceTemplateRegistration.cs</ApplicationRelativeFilePath>
      <ProjectRelativeFilePath>BlobStorageServiceInterface/BlobStorageServiceInterfaceTemplateRegistration.cs</ProjectRelativeFilePath>
      <IsIgnored>false</IsIgnored>
    </FileLog>
    <FileLog>
      <ProjectId>dac43a4c-5657-430d-aaab-948685e6de56</ProjectId>
      <CorrelationId>Intent.ModuleBuilder.Templates.TemplateExtensions</CorrelationId>
      <OverwriteBehaviour>always</OverwriteBehaviour>
      <ApplicationRelativeFilePath>../../Webinar.Modules.Azure.BlobStorage/Templates/TemplateExtensions.cs</ApplicationRelativeFilePath>
      <ProjectRelativeFilePath>TemplateExtensions.cs</ProjectRelativeFilePath>
      <IsIgnored>false</IsIgnored>
    </FileLog>
    <FileLog>
      <ProjectId>f14d6704-74d0-453e-9585-4b3f03e6ea24</ProjectId>
      <CorrelationId>Intent.VisualStudio.Projects.CoreLibrary.CSProject#f14d6704-74d0-453e-9585-4b3f03e6ea24</CorrelationId>
      <OverwriteBehaviour>always</OverwriteBehaviour>
      <ApplicationRelativeFilePath>../../Webinar.Modules.Azure.BlobStorage/Webinar.Modules.Azure.BlobStorage.csproj</ApplicationRelativeFilePath>
      <ProjectRelativeFilePath>Webinar.Modules.Azure.BlobStorage.csproj</ProjectRelativeFilePath>
      <IsIgnored>false</IsIgnored>
    </FileLog>
    <FileLog>
      <ProjectId>f14d6704-74d0-453e-9585-4b3f03e6ea24</ProjectId>
      <CorrelationId>Intent.ModuleBuilder.IModSpecFile</CorrelationId>
      <OverwriteBehaviour>always</OverwriteBehaviour>
      <ApplicationRelativeFilePath>../../Webinar.Modules.Azure.BlobStorage/Webinar.Modules.Azure.BlobStorage.imodspec</ApplicationRelativeFilePath>
      <ProjectRelativeFilePath>Webinar.Modules.Azure.BlobStorage.imodspec</ProjectRelativeFilePath>
      <IsIgnored>false</IsIgnored>
    </FileLog>
    <FileLog>
      <CorrelationId>Intent.VisualStudio.Projects.VisualStudio2015Solution#a52846fe-80a6-4d7d-81cf-76bf6fa8970b</CorrelationId>
      <OverwriteBehaviour>always</OverwriteBehaviour>
      <ApplicationRelativeFilePath>../../Webinar.Modules.BasicEntities.sln</ApplicationRelativeFilePath>
      <IsIgnored>false</IsIgnored>
    </FileLog>
  </FileLogs>
</outputLog>