<?xml version="1.0" encoding="utf-8"?>
<outputLog>
  <ApplicationId>87b17824-0ee8-49b0-b316-8fbc40d57bf3</ApplicationId>
  <FileLogs>
    <FileLog>
      <CorrelationId>Intent.VisualStudio.Projects.VisualStudio2015Solution#671a29a2-11fd-4a8a-be79-4f4f7633d010</CorrelationId>
      <OverwriteBehaviour>always</OverwriteBehaviour>
      <ApplicationRelativeFilePath>../../Webinar.Modules.BasicEntities.sln</ApplicationRelativeFilePath>
      <IsIgnored>false</IsIgnored>
    </FileLog>
    <FileLog>
      <ProjectId>278de708-50b1-46d9-90c0-bd7e25a5485e</ProjectId>
      <CorrelationId>Intent.ModuleBuilder.Templates.Api.ApiElementExtensionModel#67d41f9d-9252-4096-b324-4391f8976cc8</CorrelationId>
      <OverwriteBehaviour>always</OverwriteBehaviour>
      <ApplicationRelativeFilePath>../../Webinar.Modules.Entities.BasicAuditing/Api/ClassExtensionModel.cs</ApplicationRelativeFilePath>
      <ProjectRelativeFilePath>ClassExtensionModel.cs</ProjectRelativeFilePath>
      <IsIgnored>false</IsIgnored>
    </FileLog>
    <FileLog>
      <ProjectId>278de708-50b1-46d9-90c0-bd7e25a5485e</ProjectId>
      <CorrelationId>Intent.ModuleBuilder.Templates.Api.ApiElementModelExtensions#04e12b51-ed12-42a3-9667-a6aa81bb6d10</CorrelationId>
      <OverwriteBehaviour>always</OverwriteBehaviour>
      <ApplicationRelativeFilePath>../../Webinar.Modules.Entities.BasicAuditing/Api/ClassModelStereotypeExtensions.cs</ApplicationRelativeFilePath>
      <ProjectRelativeFilePath>ClassModelStereotypeExtensions.cs</ProjectRelativeFilePath>
      <IsIgnored>false</IsIgnored>
    </FileLog>
    <FileLog>
      <ProjectId>194f5334-ee4f-4e4d-8aca-7dbda75e81dd</ProjectId>
      <CorrelationId>Intent.ModuleBuilder.Templates.FactoryExtension#40dbc590-8d29-470b-9397-f0f6f1dbb735</CorrelationId>
      <OverwriteBehaviour>always</OverwriteBehaviour>
      <ApplicationRelativeFilePath>../../Webinar.Modules.Entities.BasicAuditing/FactoryExtensions/EntitiesAuditExtension.cs</ApplicationRelativeFilePath>
      <ProjectRelativeFilePath>EntitiesAuditExtension.cs</ProjectRelativeFilePath>
      <IsIgnored>false</IsIgnored>
    </FileLog>
    <FileLog>
      <ProjectId>194f5334-ee4f-4e4d-8aca-7dbda75e81dd</ProjectId>
      <CorrelationId>Intent.ModuleBuilder.Templates.FactoryExtension#f14594e4-ca2c-4630-945a-cc41b74aa91a</CorrelationId>
      <OverwriteBehaviour>always</OverwriteBehaviour>
      <ApplicationRelativeFilePath>../../Webinar.Modules.Entities.BasicAuditing/FactoryExtensions/EntityFrameworkAuditingExtension.cs</ApplicationRelativeFilePath>
      <ProjectRelativeFilePath>EntityFrameworkAuditingExtension.cs</ProjectRelativeFilePath>
      <IsIgnored>false</IsIgnored>
    </FileLog>
    <FileLog>
      <ProjectId>b71a1b6c-cfb6-4337-b928-143f77e4e015</ProjectId>
      <CorrelationId>Intent.ModuleBuilder.DesignerSettings#62392bea-5269-42af-91c8-86db7d4c493e</CorrelationId>
      <OverwriteBehaviour>always</OverwriteBehaviour>
      <ApplicationRelativeFilePath>../../Webinar.Modules.Entities.BasicAuditing/modelers/Domain Auditing Extension.designer.settings</ApplicationRelativeFilePath>
      <ProjectRelativeFilePath>Domain Auditing Extension.designer.settings</ProjectRelativeFilePath>
      <IsIgnored>false</IsIgnored>
    </FileLog>
    <FileLog>
      <ProjectId>14d0ad8d-6e5d-44a1-9ec5-0b6db1079ba5</ProjectId>
      <CorrelationId>Intent.ModuleBuilder.ReadMe</CorrelationId>
      <OverwriteBehaviour>always</OverwriteBehaviour>
      <ApplicationRelativeFilePath>../../Webinar.Modules.Entities.BasicAuditing/README.txt</ApplicationRelativeFilePath>
      <ProjectRelativeFilePath>README.txt</ProjectRelativeFilePath>
      <IsIgnored>false</IsIgnored>
    </FileLog>
    <FileLog>
      <ProjectId>9f5426ac-35da-4934-ba0e-ff209b9d48c6</ProjectId>
      <CorrelationId>Intent.ModuleBuilder.CSharp.Templates.CSharpTemplatePartial#e40f3b0a-6f1c-4a01-ba70-ab1943a8c732</CorrelationId>
      <OverwriteBehaviour>always</OverwriteBehaviour>
      <ApplicationRelativeFilePath>../../Webinar.Modules.Entities.BasicAuditing/Templates/AuditedInterface/AuditedInterfaceTemplatePartial.cs</ApplicationRelativeFilePath>
      <ProjectRelativeFilePath>AuditedInterface/AuditedInterfaceTemplatePartial.cs</ProjectRelativeFilePath>
      <IsIgnored>false</IsIgnored>
    </FileLog>
    <FileLog>
      <ProjectId>9f5426ac-35da-4934-ba0e-ff209b9d48c6</ProjectId>
      <CorrelationId>Intent.ModuleBuilder.TemplateRegistration.SingleFileNoModel#e40f3b0a-6f1c-4a01-ba70-ab1943a8c732</CorrelationId>
      <OverwriteBehaviour>always</OverwriteBehaviour>
      <ApplicationRelativeFilePath>../../Webinar.Modules.Entities.BasicAuditing/Templates/AuditedInterface/AuditedInterfaceTemplateRegistration.cs</ApplicationRelativeFilePath>
      <ProjectRelativeFilePath>AuditedInterface/AuditedInterfaceTemplateRegistration.cs</ProjectRelativeFilePath>
      <IsIgnored>false</IsIgnored>
    </FileLog>
    <FileLog>
      <ProjectId>9f5426ac-35da-4934-ba0e-ff209b9d48c6</ProjectId>
      <CorrelationId>Intent.ModuleBuilder.Templates.TemplateExtensions</CorrelationId>
      <OverwriteBehaviour>always</OverwriteBehaviour>
      <ApplicationRelativeFilePath>../../Webinar.Modules.Entities.BasicAuditing/Templates/TemplateExtensions.cs</ApplicationRelativeFilePath>
      <ProjectRelativeFilePath>TemplateExtensions.cs</ProjectRelativeFilePath>
      <IsIgnored>false</IsIgnored>
    </FileLog>
    <FileLog>
      <ProjectId>14d0ad8d-6e5d-44a1-9ec5-0b6db1079ba5</ProjectId>
      <CorrelationId>Intent.VisualStudio.Projects.CoreLibrary.CSProject#14d0ad8d-6e5d-44a1-9ec5-0b6db1079ba5</CorrelationId>
      <OverwriteBehaviour>always</OverwriteBehaviour>
      <ApplicationRelativeFilePath>../../Webinar.Modules.Entities.BasicAuditing/Webinar.Modules.Entities.BasicAuditing.csproj</ApplicationRelativeFilePath>
      <ProjectRelativeFilePath>Webinar.Modules.Entities.BasicAuditing.csproj</ProjectRelativeFilePath>
      <IsIgnored>false</IsIgnored>
    </FileLog>
    <FileLog>
      <ProjectId>14d0ad8d-6e5d-44a1-9ec5-0b6db1079ba5</ProjectId>
      <CorrelationId>Intent.ModuleBuilder.IModSpecFile</CorrelationId>
      <OverwriteBehaviour>always</OverwriteBehaviour>
      <ApplicationRelativeFilePath>../../Webinar.Modules.Entities.BasicAuditing/Webinar.Modules.Entities.BasicAuditing.imodspec</ApplicationRelativeFilePath>
      <ProjectRelativeFilePath>Webinar.Modules.Entities.BasicAuditing.imodspec</ProjectRelativeFilePath>
      <IsIgnored>false</IsIgnored>
    </FileLog>
  </FileLogs>
</outputLog>